<?xml version="1.0" encoding="UTF-8"?>
<testsuite name="javafx.collections.UnmodifiableObservableMapTest" tests="54" skipped="0" failures="0" errors="0" timestamp="2018-12-24T19:03:15" hostname="DESKTOP-CFPL3NK" time="0.007">
  <properties/>
  <testcase name="testClear[0]" classname="javafx.collections.UnmodifiableObservableMapTest" time="0.001"/>
  <testcase name="testPutAll[0]" classname="javafx.collections.UnmodifiableObservableMapTest" time="0.0"/>
  <testcase name="testEntrySet_Iterator[0]" classname="javafx.collections.UnmodifiableObservableMapTest" time="0.0"/>
  <testcase name="testValues_Iterator[0]" classname="javafx.collections.UnmodifiableObservableMapTest" time="0.0"/>
  <testcase name="testKeySet_Iterator[0]" classname="javafx.collections.UnmodifiableObservableMapTest" time="0.0"/>
  <testcase name="testObservability[0]" classname="javafx.collections.UnmodifiableObservableMapTest" time="0.0"/>
  <testcase name="testKeySet[0]" classname="javafx.collections.UnmodifiableObservableMapTest" time="0.0"/>
  <testcase name="testEntrySet[0]" classname="javafx.collections.UnmodifiableObservableMapTest" time="0.001"/>
  <testcase name="testValues[0]" classname="javafx.collections.UnmodifiableObservableMapTest" time="0.0"/>
  <testcase name="testClear[1]" classname="javafx.collections.UnmodifiableObservableMapTest" time="0.0"/>
  <testcase name="testPutAll[1]" classname="javafx.collections.UnmodifiableObservableMapTest" time="0.0"/>
  <testcase name="testEntrySet_Iterator[1]" classname="javafx.collections.UnmodifiableObservableMapTest" time="0.0"/>
  <testcase name="testValues_Iterator[1]" classname="javafx.collections.UnmodifiableObservableMapTest" time="0.0"/>
  <testcase name="testKeySet_Iterator[1]" classname="javafx.collections.UnmodifiableObservableMapTest" time="0.0"/>
  <testcase name="testObservability[1]" classname="javafx.collections.UnmodifiableObservableMapTest" time="0.0"/>
  <testcase name="testKeySet[1]" classname="javafx.collections.UnmodifiableObservableMapTest" time="0.0"/>
  <testcase name="testEntrySet[1]" classname="javafx.collections.UnmodifiableObservableMapTest" time="0.0"/>
  <testcase name="testValues[1]" classname="javafx.collections.UnmodifiableObservableMapTest" time="0.0"/>
  <testcase name="testClear[2]" classname="javafx.collections.UnmodifiableObservableMapTest" time="0.0"/>
  <testcase name="testPutAll[2]" classname="javafx.collections.UnmodifiableObservableMapTest" time="0.0"/>
  <testcase name="testEntrySet_Iterator[2]" classname="javafx.collections.UnmodifiableObservableMapTest" time="0.0"/>
  <testcase name="testValues_Iterator[2]" classname="javafx.collections.UnmodifiableObservableMapTest" time="0.0"/>
  <testcase name="testKeySet_Iterator[2]" classname="javafx.collections.UnmodifiableObservableMapTest" time="0.0"/>
  <testcase name="testObservability[2]" classname="javafx.collections.UnmodifiableObservableMapTest" time="0.0"/>
  <testcase name="testKeySet[2]" classname="javafx.collections.UnmodifiableObservableMapTest" time="0.0"/>
  <testcase name="testEntrySet[2]" classname="javafx.collections.UnmodifiableObservableMapTest" time="0.0"/>
  <testcase name="testValues[2]" classname="javafx.collections.UnmodifiableObservableMapTest" time="0.0"/>
  <testcase name="testClear[3]" classname="javafx.collections.UnmodifiableObservableMapTest" time="0.0"/>
  <testcase name="testPutAll[3]" classname="javafx.collections.UnmodifiableObservableMapTest" time="0.0"/>
  <testcase name="testEntrySet_Iterator[3]" classname="javafx.collections.UnmodifiableObservableMapTest" time="0.001"/>
  <testcase name="testValues_Iterator[3]" classname="javafx.collections.UnmodifiableObservableMapTest" time="0.0"/>
  <testcase name="testKeySet_Iterator[3]" classname="javafx.collections.UnmodifiableObservableMapTest" time="0.0"/>
  <testcase name="testObservability[3]" classname="javafx.collections.UnmodifiableObservableMapTest" time="0.0"/>
  <testcase name="testKeySet[3]" classname="javafx.collections.UnmodifiableObservableMapTest" time="0.0"/>
  <testcase name="testEntrySet[3]" classname="javafx.collections.UnmodifiableObservableMapTest" time="0.0"/>
  <testcase name="testValues[3]" classname="javafx.collections.UnmodifiableObservableMapTest" time="0.0"/>
  <testcase name="testClear[4]" classname="javafx.collections.UnmodifiableObservableMapTest" time="0.0"/>
  <testcase name="testPutAll[4]" classname="javafx.collections.UnmodifiableObservableMapTest" time="0.0"/>
  <testcase name="testEntrySet_Iterator[4]" classname="javafx.collections.UnmodifiableObservableMapTest" time="0.0"/>
  <testcase name="testValues_Iterator[4]" classname="javafx.collections.UnmodifiableObservableMapTest" time="0.001"/>
  <testcase name="testKeySet_Iterator[4]" classname="javafx.collections.UnmodifiableObservableMapTest" time="0.0"/>
  <testcase name="testObservability[4]" classname="javafx.collections.UnmodifiableObservableMapTest" time="0.0"/>
  <testcase name="testKeySet[4]" classname="javafx.collections.UnmodifiableObservableMapTest" time="0.0"/>
  <testcase name="testEntrySet[4]" classname="javafx.collections.UnmodifiableObservableMapTest" time="0.0"/>
  <testcase name="testValues[4]" classname="javafx.collections.UnmodifiableObservableMapTest" time="0.0"/>
  <testcase name="testClear[5]" classname="javafx.collections.UnmodifiableObservableMapTest" time="0.0"/>
  <testcase name="testPutAll[5]" classname="javafx.collections.UnmodifiableObservableMapTest" time="0.0"/>
  <testcase name="testEntrySet_Iterator[5]" classname="javafx.collections.UnmodifiableObservableMapTest" time="0.0"/>
  <testcase name="testValues_Iterator[5]" classname="javafx.collections.UnmodifiableObservableMapTest" time="0.0"/>
  <testcase name="testKeySet_Iterator[5]" classname="javafx.collections.UnmodifiableObservableMapTest" time="0.0"/>
  <testcase name="testObservability[5]" classname="javafx.collections.UnmodifiableObservableMapTest" time="0.0"/>
  <testcase name="testKeySet[5]" classname="javafx.collections.UnmodifiableObservableMapTest" time="0.0"/>
  <testcase name="testEntrySet[5]" classname="javafx.collections.UnmodifiableObservableMapTest" time="0.0"/>
  <testcase name="testValues[5]" classname="javafx.collections.UnmodifiableObservableMapTest" time="0.0"/>
  <system-out><![CDATA[]]></system-out>
  <system-err><![CDATA[]]></system-err>
</testsuite>
