<?xml version="1.0" encoding="UTF-8"?>
<testsuite name="javafx.event.EventTest" tests="2" skipped="0" failures="0" errors="0" timestamp="2018-12-24T19:03:16" hostname="DESKTOP-CFPL3NK" time="0.0">
  <properties/>
  <testcase name="testTypeNew" classname="javafx.event.EventTest" time="0.0"/>
  <testcase name="testTypeConflict" classname="javafx.event.EventTest" time="0.0"/>
  <system-out><![CDATA[]]></system-out>
  <system-err><![CDATA[]]></system-err>
</testsuite>
