<?xml version="1.0" encoding="UTF-8"?>
<testsuite name="com.sun.javafx.binding.StringFormatterTest" tests="11" skipped="0" failures="0" errors="0" timestamp="2018-12-24T19:03:12" hostname="DESKTOP-CFPL3NK" time="0.019">
  <properties/>
  <testcase name="testConvertWithDefaultLocale_IllegalObject" classname="com.sun.javafx.binding.StringFormatterTest" time="0.001"/>
  <testcase name="testConvertWithDefaultLocale_Null" classname="com.sun.javafx.binding.StringFormatterTest" time="0.001"/>
  <testcase name="testConvertWithDefaultLocale_IllegalValueModel" classname="com.sun.javafx.binding.StringFormatterTest" time="0.0"/>
  <testcase name="testConvertWithCustomLocale_IllegalValueModel" classname="com.sun.javafx.binding.StringFormatterTest" time="0.0"/>
  <testcase name="testConvertWithCustomLocale_IllegalObject" classname="com.sun.javafx.binding.StringFormatterTest" time="0.0"/>
  <testcase name="testConvert" classname="com.sun.javafx.binding.StringFormatterTest" time="0.001"/>
  <testcase name="testConcat" classname="com.sun.javafx.binding.StringFormatterTest" time="0.004"/>
  <testcase name="testConvert_Null" classname="com.sun.javafx.binding.StringFormatterTest" time="0.0"/>
  <testcase name="testConvertWithCustomLocale" classname="com.sun.javafx.binding.StringFormatterTest" time="0.007"/>
  <testcase name="testConvertWithCustomLocale_Null" classname="com.sun.javafx.binding.StringFormatterTest" time="0.0"/>
  <testcase name="testConvertWithDefaultLocale" classname="com.sun.javafx.binding.StringFormatterTest" time="0.004"/>
  <system-out><![CDATA[]]></system-out>
  <system-err><![CDATA[]]></system-err>
</testsuite>
