<?xml version="1.0" encoding="UTF-8"?>
<testsuite name="javafx.util.converter.ByteStringConverterTest" tests="3" skipped="0" failures="0" errors="0" timestamp="2018-12-24T19:03:16" hostname="DESKTOP-CFPL3NK" time="0.0">
  <properties/>
  <testcase name="fromString_testValidStringInputWithWhiteSpace" classname="javafx.util.converter.ByteStringConverterTest" time="0.0"/>
  <testcase name="fromString_testValidStringInput" classname="javafx.util.converter.ByteStringConverterTest" time="0.0"/>
  <testcase name="toString_testStringInput" classname="javafx.util.converter.ByteStringConverterTest" time="0.0"/>
  <system-out><![CDATA[]]></system-out>
  <system-err><![CDATA[]]></system-err>
</testsuite>
