<?xml version="1.0" encoding="UTF-8"?>
<testsuite name="javafx.collections.ObservableListIteratorTest" tests="400" skipped="0" failures="0" errors="0" timestamp="2018-12-24T19:03:15" hostname="DESKTOP-CFPL3NK" time="0.081">
  <properties/>
  <testcase name="testSetAfterRemoveThrowsException[0]" classname="javafx.collections.ObservableListIteratorTest" time="0.0"/>
  <testcase name="testConcurrencyAddIndexedIteratorNext[0]" classname="javafx.collections.ObservableListIteratorTest" time="0.0"/>
  <testcase name="testConcurrencyRemoveIndexedIteratorNext[0]" classname="javafx.collections.ObservableListIteratorTest" time="0.0"/>
  <testcase name="testConcurrencyAddAllIndexedIteratorNext[0]" classname="javafx.collections.ObservableListIteratorTest" time="0.0"/>
  <testcase name="testConcurrencyIteratorIteratorNext[0]" classname="javafx.collections.ObservableListIteratorTest" time="0.001"/>
  <testcase name="testConcurrencyRemoveAllIteratorNext[0]" classname="javafx.collections.ObservableListIteratorTest" time="0.0"/>
  <testcase name="testConcurrencyAddIndexedIteratorPrevious[0]" classname="javafx.collections.ObservableListIteratorTest" time="0.0"/>
  <testcase name="testConcurrencyAddAllIndexedIteratorPrevious[0]" classname="javafx.collections.ObservableListIteratorTest" time="0.0"/>
  <testcase name="testConcurrencyRemoveAllIteratorPrevious[0]" classname="javafx.collections.ObservableListIteratorTest" time="0.0"/>
  <testcase name="testRemoveAfterAddThrowsException[0]" classname="javafx.collections.ObservableListIteratorTest" time="0.0"/>
  <testcase name="testConcurrencyAddAllIteratorNext[0]" classname="javafx.collections.ObservableListIteratorTest" time="0.0"/>
  <testcase name="testPosInitialRemoveThrowsException[0]" classname="javafx.collections.ObservableListIteratorTest" time="0.0"/>
  <testcase name="testConcurrencyRetainAllIteratorNext[0]" classname="javafx.collections.ObservableListIteratorTest" time="0.0"/>
  <testcase name="testConcurrencyAddIteratorPrevious[0]" classname="javafx.collections.ObservableListIteratorTest" time="0.0"/>
  <testcase name="testConcurrencyRemoveIteratorPrevious[0]" classname="javafx.collections.ObservableListIteratorTest" time="0.0"/>
  <testcase name="testConcurrencyRetainAllIteratorPrevious[0]" classname="javafx.collections.ObservableListIteratorTest" time="0.001"/>
  <testcase name="testConcurrencyRemoveIteratorRemove[0]" classname="javafx.collections.ObservableListIteratorTest" time="0.0"/>
  <testcase name="testConcurrencyAddIndexedIteratorRemove[0]" classname="javafx.collections.ObservableListIteratorTest" time="0.0"/>
  <testcase name="testConcurrencyGetIteratorPrevious[0]" classname="javafx.collections.ObservableListIteratorTest" time="0.0"/>
  <testcase name="testConcurrencyRemoveIndexedIteratorRemove[0]" classname="javafx.collections.ObservableListIteratorTest" time="0.0"/>
  <testcase name="testConcurrencyAddAllIteratorRemove[0]" classname="javafx.collections.ObservableListIteratorTest" time="0.0"/>
  <testcase name="testConcurrencyAddAllIndexedIteratorRemove[0]" classname="javafx.collections.ObservableListIteratorTest" time="0.0"/>
  <testcase name="testConcurrencyRetainAllIteratorRemove[0]" classname="javafx.collections.ObservableListIteratorTest" time="0.0"/>
  <testcase name="testConcurrencyRemoveAllIteratorRemove[0]" classname="javafx.collections.ObservableListIteratorTest" time="0.001"/>
  <testcase name="testConcurrencyIteratorIteratorPrevious[0]" classname="javafx.collections.ObservableListIteratorTest" time="0.0"/>
  <testcase name="testConcurrencyRemoveIteratorNext[0]" classname="javafx.collections.ObservableListIteratorTest" time="0.0"/>
  <testcase name="testConcurrencyAddAllIteratorPrevious[0]" classname="javafx.collections.ObservableListIteratorTest" time="0.0"/>
  <testcase name="testConcurrencyIteratorIteratorRemove[0]" classname="javafx.collections.ObservableListIteratorTest" time="0.0"/>
  <testcase name="testConcurrencyAddIndexedIteratorSet[0]" classname="javafx.collections.ObservableListIteratorTest" time="0.0"/>
  <testcase name="testConcurrencyRemoveIndexedIteratorPrevious[0]" classname="javafx.collections.ObservableListIteratorTest" time="0.0"/>
  <testcase name="testConcurrencyAddAllIndexedIteratorSet[0]" classname="javafx.collections.ObservableListIteratorTest" time="0.0"/>
  <testcase name="testConcurrencyIteratorIteratorSet[0]" classname="javafx.collections.ObservableListIteratorTest" time="0.0"/>
  <testcase name="testConcurrencyRemoveIndexedIteratorSet[0]" classname="javafx.collections.ObservableListIteratorTest" time="0.0"/>
  <testcase name="testConcurrencyRemoveAllIteratorSet[0]" classname="javafx.collections.ObservableListIteratorTest" time="0.0"/>
  <testcase name="testConcurrencyRetainAllIteratorSet[0]" classname="javafx.collections.ObservableListIteratorTest" time="0.0"/>
  <testcase name="testRemoveEnd[0]" classname="javafx.collections.ObservableListIteratorTest" time="0.0"/>
  <testcase name="testAddMultiple[0]" classname="javafx.collections.ObservableListIteratorTest" time="0.0"/>
  <testcase name="testSetBeginning[0]" classname="javafx.collections.ObservableListIteratorTest" time="0.0"/>
  <testcase name="testSetMiddle[0]" classname="javafx.collections.ObservableListIteratorTest" time="0.001"/>
  <testcase name="testMiddleState[0]" classname="javafx.collections.ObservableListIteratorTest" time="0.0"/>
  <testcase name="testAddEnd[0]" classname="javafx.collections.ObservableListIteratorTest" time="0.0"/>
  <testcase name="testAddBeginning[0]" classname="javafx.collections.ObservableListIteratorTest" time="0.0"/>
  <testcase name="testAddAfterSet[0]" classname="javafx.collections.ObservableListIteratorTest" time="0.0"/>
  <testcase name="testSetEnd[0]" classname="javafx.collections.ObservableListIteratorTest" time="0.0"/>
  <testcase name="testAddMiddle[0]" classname="javafx.collections.ObservableListIteratorTest" time="0.0"/>
  <testcase name="testBoundaryEnd[0]" classname="javafx.collections.ObservableListIteratorTest" time="0.0"/>
  <testcase name="testEndState[0]" classname="javafx.collections.ObservableListIteratorTest" time="0.0"/>
  <testcase name="testRemoveMiddle[0]" classname="javafx.collections.ObservableListIteratorTest" time="0.0"/>
  <testcase name="testSetTwice[0]" classname="javafx.collections.ObservableListIteratorTest" time="0.0"/>
  <testcase name="testPosBeginning[0]" classname="javafx.collections.ObservableListIteratorTest" time="0.0"/>
  <testcase name="testPosMiddle[0]" classname="javafx.collections.ObservableListIteratorTest" time="0.0"/>
  <testcase name="testPosEnd[0]" classname="javafx.collections.ObservableListIteratorTest" time="0.0"/>
  <testcase name="testPosAdd[0]" classname="javafx.collections.ObservableListIteratorTest" time="0.0"/>
  <testcase name="testForEachLoop[0]" classname="javafx.collections.ObservableListIteratorTest" time="0.0"/>
  <testcase name="testPosInitialSetThrowsException[0]" classname="javafx.collections.ObservableListIteratorTest" time="0.0"/>
  <testcase name="testConcurrencyGetIteratorRemove[0]" classname="javafx.collections.ObservableListIteratorTest" time="0.0"/>
  <testcase name="testAddAfterRemove[0]" classname="javafx.collections.ObservableListIteratorTest" time="0.0"/>
  <testcase name="testConcurrencyRemoveIteratorSet[0]" classname="javafx.collections.ObservableListIteratorTest" time="0.0"/>
  <testcase name="testConcurrencyGetIteratorSet[0]" classname="javafx.collections.ObservableListIteratorTest" time="0.001"/>
  <testcase name="testRemoveAfterSet[0]" classname="javafx.collections.ObservableListIteratorTest" time="0.0"/>
  <testcase name="testBeginningState[0]" classname="javafx.collections.ObservableListIteratorTest" time="0.0"/>
  <testcase name="testPreviousAfterAddMiddle[0]" classname="javafx.collections.ObservableListIteratorTest" time="0.0"/>
  <testcase name="testSetInitialThrowsException[0]" classname="javafx.collections.ObservableListIteratorTest" time="0.0"/>
  <testcase name="testConcurrencyGetIteratorNext[0]" classname="javafx.collections.ObservableListIteratorTest" time="0.0"/>
  <testcase name="testAddAfterPrevious[0]" classname="javafx.collections.ObservableListIteratorTest" time="0.0"/>
  <testcase name="testRemoveAfterPrevious[0]" classname="javafx.collections.ObservableListIteratorTest" time="0.0"/>
  <testcase name="testRemoveTwiceThrowsException[0]" classname="javafx.collections.ObservableListIteratorTest" time="0.0"/>
  <testcase name="testRemoveBeginning[0]" classname="javafx.collections.ObservableListIteratorTest" time="0.0"/>
  <testcase name="testRemoveInitialThrowsException[0]" classname="javafx.collections.ObservableListIteratorTest" time="0.0"/>
  <testcase name="testPreviousAfterAddBeginning[0]" classname="javafx.collections.ObservableListIteratorTest" time="0.0"/>
  <testcase name="testConcurrencyAddIteratorRemove[0]" classname="javafx.collections.ObservableListIteratorTest" time="0.0"/>
  <testcase name="testSetAfterAddThrowsException[0]" classname="javafx.collections.ObservableListIteratorTest" time="0.0"/>
  <testcase name="testSwitchDirections[0]" classname="javafx.collections.ObservableListIteratorTest" time="0.0"/>
  <testcase name="testConcurrencyAddIteratorSet[0]" classname="javafx.collections.ObservableListIteratorTest" time="0.0"/>
  <testcase name="testConcurrencyAddAllIteratorSet[0]" classname="javafx.collections.ObservableListIteratorTest" time="0.0"/>
  <testcase name="testBoundaryStart[0]" classname="javafx.collections.ObservableListIteratorTest" time="0.001"/>
  <testcase name="testConcurrencyAddIteratorNext[0]" classname="javafx.collections.ObservableListIteratorTest" time="0.0"/>
  <testcase name="testCompleteIteration[0]" classname="javafx.collections.ObservableListIteratorTest" time="0.0"/>
  <testcase name="testSetAfterPrevious[0]" classname="javafx.collections.ObservableListIteratorTest" time="0.0"/>
  <testcase name="testPreviousAfterAddEnd[0]" classname="javafx.collections.ObservableListIteratorTest" time="0.0"/>
  <testcase name="testSetAfterRemoveThrowsException[1]" classname="javafx.collections.ObservableListIteratorTest" time="0.001"/>
  <testcase name="testConcurrencyAddIndexedIteratorNext[1]" classname="javafx.collections.ObservableListIteratorTest" time="0.0"/>
  <testcase name="testConcurrencyRemoveIndexedIteratorNext[1]" classname="javafx.collections.ObservableListIteratorTest" time="0.0"/>
  <testcase name="testConcurrencyAddAllIndexedIteratorNext[1]" classname="javafx.collections.ObservableListIteratorTest" time="0.0"/>
  <testcase name="testConcurrencyIteratorIteratorNext[1]" classname="javafx.collections.ObservableListIteratorTest" time="0.0"/>
  <testcase name="testConcurrencyRemoveAllIteratorNext[1]" classname="javafx.collections.ObservableListIteratorTest" time="0.001"/>
  <testcase name="testConcurrencyAddIndexedIteratorPrevious[1]" classname="javafx.collections.ObservableListIteratorTest" time="0.0"/>
  <testcase name="testConcurrencyAddAllIndexedIteratorPrevious[1]" classname="javafx.collections.ObservableListIteratorTest" time="0.0"/>
  <testcase name="testConcurrencyRemoveAllIteratorPrevious[1]" classname="javafx.collections.ObservableListIteratorTest" time="0.0"/>
  <testcase name="testRemoveAfterAddThrowsException[1]" classname="javafx.collections.ObservableListIteratorTest" time="0.0"/>
  <testcase name="testConcurrencyAddAllIteratorNext[1]" classname="javafx.collections.ObservableListIteratorTest" time="0.0"/>
  <testcase name="testPosInitialRemoveThrowsException[1]" classname="javafx.collections.ObservableListIteratorTest" time="0.0"/>
  <testcase name="testConcurrencyRetainAllIteratorNext[1]" classname="javafx.collections.ObservableListIteratorTest" time="0.0"/>
  <testcase name="testConcurrencyAddIteratorPrevious[1]" classname="javafx.collections.ObservableListIteratorTest" time="0.0"/>
  <testcase name="testConcurrencyRemoveIteratorPrevious[1]" classname="javafx.collections.ObservableListIteratorTest" time="0.0"/>
  <testcase name="testConcurrencyRetainAllIteratorPrevious[1]" classname="javafx.collections.ObservableListIteratorTest" time="0.0"/>
  <testcase name="testConcurrencyRemoveIteratorRemove[1]" classname="javafx.collections.ObservableListIteratorTest" time="0.0"/>
  <testcase name="testConcurrencyAddIndexedIteratorRemove[1]" classname="javafx.collections.ObservableListIteratorTest" time="0.001"/>
  <testcase name="testConcurrencyGetIteratorPrevious[1]" classname="javafx.collections.ObservableListIteratorTest" time="0.0"/>
  <testcase name="testConcurrencyRemoveIndexedIteratorRemove[1]" classname="javafx.collections.ObservableListIteratorTest" time="0.0"/>
  <testcase name="testConcurrencyAddAllIteratorRemove[1]" classname="javafx.collections.ObservableListIteratorTest" time="0.0"/>
  <testcase name="testConcurrencyAddAllIndexedIteratorRemove[1]" classname="javafx.collections.ObservableListIteratorTest" time="0.0"/>
  <testcase name="testConcurrencyRetainAllIteratorRemove[1]" classname="javafx.collections.ObservableListIteratorTest" time="0.0"/>
  <testcase name="testConcurrencyRemoveAllIteratorRemove[1]" classname="javafx.collections.ObservableListIteratorTest" time="0.0"/>
  <testcase name="testConcurrencyIteratorIteratorPrevious[1]" classname="javafx.collections.ObservableListIteratorTest" time="0.0"/>
  <testcase name="testConcurrencyRemoveIteratorNext[1]" classname="javafx.collections.ObservableListIteratorTest" time="0.0"/>
  <testcase name="testConcurrencyAddAllIteratorPrevious[1]" classname="javafx.collections.ObservableListIteratorTest" time="0.0"/>
  <testcase name="testConcurrencyIteratorIteratorRemove[1]" classname="javafx.collections.ObservableListIteratorTest" time="0.0"/>
  <testcase name="testConcurrencyAddIndexedIteratorSet[1]" classname="javafx.collections.ObservableListIteratorTest" time="0.001"/>
  <testcase name="testConcurrencyRemoveIndexedIteratorPrevious[1]" classname="javafx.collections.ObservableListIteratorTest" time="0.0"/>
  <testcase name="testConcurrencyAddAllIndexedIteratorSet[1]" classname="javafx.collections.ObservableListIteratorTest" time="0.0"/>
  <testcase name="testConcurrencyIteratorIteratorSet[1]" classname="javafx.collections.ObservableListIteratorTest" time="0.0"/>
  <testcase name="testConcurrencyRemoveIndexedIteratorSet[1]" classname="javafx.collections.ObservableListIteratorTest" time="0.0"/>
  <testcase name="testConcurrencyRemoveAllIteratorSet[1]" classname="javafx.collections.ObservableListIteratorTest" time="0.0"/>
  <testcase name="testConcurrencyRetainAllIteratorSet[1]" classname="javafx.collections.ObservableListIteratorTest" time="0.0"/>
  <testcase name="testRemoveEnd[1]" classname="javafx.collections.ObservableListIteratorTest" time="0.0"/>
  <testcase name="testAddMultiple[1]" classname="javafx.collections.ObservableListIteratorTest" time="0.0"/>
  <testcase name="testSetBeginning[1]" classname="javafx.collections.ObservableListIteratorTest" time="0.0"/>
  <testcase name="testSetMiddle[1]" classname="javafx.collections.ObservableListIteratorTest" time="0.0"/>
  <testcase name="testMiddleState[1]" classname="javafx.collections.ObservableListIteratorTest" time="0.001"/>
  <testcase name="testAddEnd[1]" classname="javafx.collections.ObservableListIteratorTest" time="0.0"/>
  <testcase name="testAddBeginning[1]" classname="javafx.collections.ObservableListIteratorTest" time="0.0"/>
  <testcase name="testAddAfterSet[1]" classname="javafx.collections.ObservableListIteratorTest" time="0.0"/>
  <testcase name="testSetEnd[1]" classname="javafx.collections.ObservableListIteratorTest" time="0.0"/>
  <testcase name="testAddMiddle[1]" classname="javafx.collections.ObservableListIteratorTest" time="0.0"/>
  <testcase name="testBoundaryEnd[1]" classname="javafx.collections.ObservableListIteratorTest" time="0.0"/>
  <testcase name="testEndState[1]" classname="javafx.collections.ObservableListIteratorTest" time="0.0"/>
  <testcase name="testRemoveMiddle[1]" classname="javafx.collections.ObservableListIteratorTest" time="0.0"/>
  <testcase name="testSetTwice[1]" classname="javafx.collections.ObservableListIteratorTest" time="0.0"/>
  <testcase name="testPosBeginning[1]" classname="javafx.collections.ObservableListIteratorTest" time="0.0"/>
  <testcase name="testPosMiddle[1]" classname="javafx.collections.ObservableListIteratorTest" time="0.0"/>
  <testcase name="testPosEnd[1]" classname="javafx.collections.ObservableListIteratorTest" time="0.0"/>
  <testcase name="testPosAdd[1]" classname="javafx.collections.ObservableListIteratorTest" time="0.0"/>
  <testcase name="testForEachLoop[1]" classname="javafx.collections.ObservableListIteratorTest" time="0.0"/>
  <testcase name="testPosInitialSetThrowsException[1]" classname="javafx.collections.ObservableListIteratorTest" time="0.0"/>
  <testcase name="testConcurrencyGetIteratorRemove[1]" classname="javafx.collections.ObservableListIteratorTest" time="0.0"/>
  <testcase name="testAddAfterRemove[1]" classname="javafx.collections.ObservableListIteratorTest" time="0.0"/>
  <testcase name="testConcurrencyRemoveIteratorSet[1]" classname="javafx.collections.ObservableListIteratorTest" time="0.0"/>
  <testcase name="testConcurrencyGetIteratorSet[1]" classname="javafx.collections.ObservableListIteratorTest" time="0.0"/>
  <testcase name="testRemoveAfterSet[1]" classname="javafx.collections.ObservableListIteratorTest" time="0.0"/>
  <testcase name="testBeginningState[1]" classname="javafx.collections.ObservableListIteratorTest" time="0.0"/>
  <testcase name="testPreviousAfterAddMiddle[1]" classname="javafx.collections.ObservableListIteratorTest" time="0.0"/>
  <testcase name="testSetInitialThrowsException[1]" classname="javafx.collections.ObservableListIteratorTest" time="0.0"/>
  <testcase name="testConcurrencyGetIteratorNext[1]" classname="javafx.collections.ObservableListIteratorTest" time="0.0"/>
  <testcase name="testAddAfterPrevious[1]" classname="javafx.collections.ObservableListIteratorTest" time="0.0"/>
  <testcase name="testRemoveAfterPrevious[1]" classname="javafx.collections.ObservableListIteratorTest" time="0.0"/>
  <testcase name="testRemoveTwiceThrowsException[1]" classname="javafx.collections.ObservableListIteratorTest" time="0.0"/>
  <testcase name="testRemoveBeginning[1]" classname="javafx.collections.ObservableListIteratorTest" time="0.0"/>
  <testcase name="testRemoveInitialThrowsException[1]" classname="javafx.collections.ObservableListIteratorTest" time="0.0"/>
  <testcase name="testPreviousAfterAddBeginning[1]" classname="javafx.collections.ObservableListIteratorTest" time="0.0"/>
  <testcase name="testConcurrencyAddIteratorRemove[1]" classname="javafx.collections.ObservableListIteratorTest" time="0.0"/>
  <testcase name="testSetAfterAddThrowsException[1]" classname="javafx.collections.ObservableListIteratorTest" time="0.0"/>
  <testcase name="testSwitchDirections[1]" classname="javafx.collections.ObservableListIteratorTest" time="0.0"/>
  <testcase name="testConcurrencyAddIteratorSet[1]" classname="javafx.collections.ObservableListIteratorTest" time="0.0"/>
  <testcase name="testConcurrencyAddAllIteratorSet[1]" classname="javafx.collections.ObservableListIteratorTest" time="0.0"/>
  <testcase name="testBoundaryStart[1]" classname="javafx.collections.ObservableListIteratorTest" time="0.0"/>
  <testcase name="testConcurrencyAddIteratorNext[1]" classname="javafx.collections.ObservableListIteratorTest" time="0.0"/>
  <testcase name="testCompleteIteration[1]" classname="javafx.collections.ObservableListIteratorTest" time="0.0"/>
  <testcase name="testSetAfterPrevious[1]" classname="javafx.collections.ObservableListIteratorTest" time="0.0"/>
  <testcase name="testPreviousAfterAddEnd[1]" classname="javafx.collections.ObservableListIteratorTest" time="0.0"/>
  <testcase name="testSetAfterRemoveThrowsException[2]" classname="javafx.collections.ObservableListIteratorTest" time="0.001"/>
  <testcase name="testConcurrencyAddIndexedIteratorNext[2]" classname="javafx.collections.ObservableListIteratorTest" time="0.0"/>
  <testcase name="testConcurrencyRemoveIndexedIteratorNext[2]" classname="javafx.collections.ObservableListIteratorTest" time="0.0"/>
  <testcase name="testConcurrencyAddAllIndexedIteratorNext[2]" classname="javafx.collections.ObservableListIteratorTest" time="0.0"/>
  <testcase name="testConcurrencyIteratorIteratorNext[2]" classname="javafx.collections.ObservableListIteratorTest" time="0.001"/>
  <testcase name="testConcurrencyRemoveAllIteratorNext[2]" classname="javafx.collections.ObservableListIteratorTest" time="0.0"/>
  <testcase name="testConcurrencyAddIndexedIteratorPrevious[2]" classname="javafx.collections.ObservableListIteratorTest" time="0.0"/>
  <testcase name="testConcurrencyAddAllIndexedIteratorPrevious[2]" classname="javafx.collections.ObservableListIteratorTest" time="0.0"/>
  <testcase name="testConcurrencyRemoveAllIteratorPrevious[2]" classname="javafx.collections.ObservableListIteratorTest" time="0.0"/>
  <testcase name="testRemoveAfterAddThrowsException[2]" classname="javafx.collections.ObservableListIteratorTest" time="0.0"/>
  <testcase name="testConcurrencyAddAllIteratorNext[2]" classname="javafx.collections.ObservableListIteratorTest" time="0.0"/>
  <testcase name="testPosInitialRemoveThrowsException[2]" classname="javafx.collections.ObservableListIteratorTest" time="0.0"/>
  <testcase name="testConcurrencyRetainAllIteratorNext[2]" classname="javafx.collections.ObservableListIteratorTest" time="0.0"/>
  <testcase name="testConcurrencyAddIteratorPrevious[2]" classname="javafx.collections.ObservableListIteratorTest" time="0.0"/>
  <testcase name="testConcurrencyRemoveIteratorPrevious[2]" classname="javafx.collections.ObservableListIteratorTest" time="0.0"/>
  <testcase name="testConcurrencyRetainAllIteratorPrevious[2]" classname="javafx.collections.ObservableListIteratorTest" time="0.0"/>
  <testcase name="testConcurrencyRemoveIteratorRemove[2]" classname="javafx.collections.ObservableListIteratorTest" time="0.0"/>
  <testcase name="testConcurrencyAddIndexedIteratorRemove[2]" classname="javafx.collections.ObservableListIteratorTest" time="0.0"/>
  <testcase name="testConcurrencyGetIteratorPrevious[2]" classname="javafx.collections.ObservableListIteratorTest" time="0.0"/>
  <testcase name="testConcurrencyRemoveIndexedIteratorRemove[2]" classname="javafx.collections.ObservableListIteratorTest" time="0.0"/>
  <testcase name="testConcurrencyAddAllIteratorRemove[2]" classname="javafx.collections.ObservableListIteratorTest" time="0.0"/>
  <testcase name="testConcurrencyAddAllIndexedIteratorRemove[2]" classname="javafx.collections.ObservableListIteratorTest" time="0.0"/>
  <testcase name="testConcurrencyRetainAllIteratorRemove[2]" classname="javafx.collections.ObservableListIteratorTest" time="0.0"/>
  <testcase name="testConcurrencyRemoveAllIteratorRemove[2]" classname="javafx.collections.ObservableListIteratorTest" time="0.0"/>
  <testcase name="testConcurrencyIteratorIteratorPrevious[2]" classname="javafx.collections.ObservableListIteratorTest" time="0.0"/>
  <testcase name="testConcurrencyRemoveIteratorNext[2]" classname="javafx.collections.ObservableListIteratorTest" time="0.0"/>
  <testcase name="testConcurrencyAddAllIteratorPrevious[2]" classname="javafx.collections.ObservableListIteratorTest" time="0.0"/>
  <testcase name="testConcurrencyIteratorIteratorRemove[2]" classname="javafx.collections.ObservableListIteratorTest" time="0.0"/>
  <testcase name="testConcurrencyAddIndexedIteratorSet[2]" classname="javafx.collections.ObservableListIteratorTest" time="0.0"/>
  <testcase name="testConcurrencyRemoveIndexedIteratorPrevious[2]" classname="javafx.collections.ObservableListIteratorTest" time="0.0"/>
  <testcase name="testConcurrencyAddAllIndexedIteratorSet[2]" classname="javafx.collections.ObservableListIteratorTest" time="0.0"/>
  <testcase name="testConcurrencyIteratorIteratorSet[2]" classname="javafx.collections.ObservableListIteratorTest" time="0.0"/>
  <testcase name="testConcurrencyRemoveIndexedIteratorSet[2]" classname="javafx.collections.ObservableListIteratorTest" time="0.0"/>
  <testcase name="testConcurrencyRemoveAllIteratorSet[2]" classname="javafx.collections.ObservableListIteratorTest" time="0.0"/>
  <testcase name="testConcurrencyRetainAllIteratorSet[2]" classname="javafx.collections.ObservableListIteratorTest" time="0.001"/>
  <testcase name="testRemoveEnd[2]" classname="javafx.collections.ObservableListIteratorTest" time="0.0"/>
  <testcase name="testAddMultiple[2]" classname="javafx.collections.ObservableListIteratorTest" time="0.0"/>
  <testcase name="testSetBeginning[2]" classname="javafx.collections.ObservableListIteratorTest" time="0.0"/>
  <testcase name="testSetMiddle[2]" classname="javafx.collections.ObservableListIteratorTest" time="0.0"/>
  <testcase name="testMiddleState[2]" classname="javafx.collections.ObservableListIteratorTest" time="0.0"/>
  <testcase name="testAddEnd[2]" classname="javafx.collections.ObservableListIteratorTest" time="0.0"/>
  <testcase name="testAddBeginning[2]" classname="javafx.collections.ObservableListIteratorTest" time="0.0"/>
  <testcase name="testAddAfterSet[2]" classname="javafx.collections.ObservableListIteratorTest" time="0.0"/>
  <testcase name="testSetEnd[2]" classname="javafx.collections.ObservableListIteratorTest" time="0.0"/>
  <testcase name="testAddMiddle[2]" classname="javafx.collections.ObservableListIteratorTest" time="0.0"/>
  <testcase name="testBoundaryEnd[2]" classname="javafx.collections.ObservableListIteratorTest" time="0.0"/>
  <testcase name="testEndState[2]" classname="javafx.collections.ObservableListIteratorTest" time="0.0"/>
  <testcase name="testRemoveMiddle[2]" classname="javafx.collections.ObservableListIteratorTest" time="0.0"/>
  <testcase name="testSetTwice[2]" classname="javafx.collections.ObservableListIteratorTest" time="0.0"/>
  <testcase name="testPosBeginning[2]" classname="javafx.collections.ObservableListIteratorTest" time="0.0"/>
  <testcase name="testPosMiddle[2]" classname="javafx.collections.ObservableListIteratorTest" time="0.0"/>
  <testcase name="testPosEnd[2]" classname="javafx.collections.ObservableListIteratorTest" time="0.0"/>
  <testcase name="testPosAdd[2]" classname="javafx.collections.ObservableListIteratorTest" time="0.0"/>
  <testcase name="testForEachLoop[2]" classname="javafx.collections.ObservableListIteratorTest" time="0.0"/>
  <testcase name="testPosInitialSetThrowsException[2]" classname="javafx.collections.ObservableListIteratorTest" time="0.0"/>
  <testcase name="testConcurrencyGetIteratorRemove[2]" classname="javafx.collections.ObservableListIteratorTest" time="0.0"/>
  <testcase name="testAddAfterRemove[2]" classname="javafx.collections.ObservableListIteratorTest" time="0.001"/>
  <testcase name="testConcurrencyRemoveIteratorSet[2]" classname="javafx.collections.ObservableListIteratorTest" time="0.0"/>
  <testcase name="testConcurrencyGetIteratorSet[2]" classname="javafx.collections.ObservableListIteratorTest" time="0.0"/>
  <testcase name="testRemoveAfterSet[2]" classname="javafx.collections.ObservableListIteratorTest" time="0.0"/>
  <testcase name="testBeginningState[2]" classname="javafx.collections.ObservableListIteratorTest" time="0.0"/>
  <testcase name="testPreviousAfterAddMiddle[2]" classname="javafx.collections.ObservableListIteratorTest" time="0.0"/>
  <testcase name="testSetInitialThrowsException[2]" classname="javafx.collections.ObservableListIteratorTest" time="0.005"/>
  <testcase name="testConcurrencyGetIteratorNext[2]" classname="javafx.collections.ObservableListIteratorTest" time="0.0"/>
  <testcase name="testAddAfterPrevious[2]" classname="javafx.collections.ObservableListIteratorTest" time="0.001"/>
  <testcase name="testRemoveAfterPrevious[2]" classname="javafx.collections.ObservableListIteratorTest" time="0.0"/>
  <testcase name="testRemoveTwiceThrowsException[2]" classname="javafx.collections.ObservableListIteratorTest" time="0.0"/>
  <testcase name="testRemoveBeginning[2]" classname="javafx.collections.ObservableListIteratorTest" time="0.0"/>
  <testcase name="testRemoveInitialThrowsException[2]" classname="javafx.collections.ObservableListIteratorTest" time="0.0"/>
  <testcase name="testPreviousAfterAddBeginning[2]" classname="javafx.collections.ObservableListIteratorTest" time="0.001"/>
  <testcase name="testConcurrencyAddIteratorRemove[2]" classname="javafx.collections.ObservableListIteratorTest" time="0.0"/>
  <testcase name="testSetAfterAddThrowsException[2]" classname="javafx.collections.ObservableListIteratorTest" time="0.0"/>
  <testcase name="testSwitchDirections[2]" classname="javafx.collections.ObservableListIteratorTest" time="0.0"/>
  <testcase name="testConcurrencyAddIteratorSet[2]" classname="javafx.collections.ObservableListIteratorTest" time="0.001"/>
  <testcase name="testConcurrencyAddAllIteratorSet[2]" classname="javafx.collections.ObservableListIteratorTest" time="0.0"/>
  <testcase name="testBoundaryStart[2]" classname="javafx.collections.ObservableListIteratorTest" time="0.0"/>
  <testcase name="testConcurrencyAddIteratorNext[2]" classname="javafx.collections.ObservableListIteratorTest" time="0.0"/>
  <testcase name="testCompleteIteration[2]" classname="javafx.collections.ObservableListIteratorTest" time="0.0"/>
  <testcase name="testSetAfterPrevious[2]" classname="javafx.collections.ObservableListIteratorTest" time="0.0"/>
  <testcase name="testPreviousAfterAddEnd[2]" classname="javafx.collections.ObservableListIteratorTest" time="0.0"/>
  <testcase name="testSetAfterRemoveThrowsException[3]" classname="javafx.collections.ObservableListIteratorTest" time="0.0"/>
  <testcase name="testConcurrencyAddIndexedIteratorNext[3]" classname="javafx.collections.ObservableListIteratorTest" time="0.001"/>
  <testcase name="testConcurrencyRemoveIndexedIteratorNext[3]" classname="javafx.collections.ObservableListIteratorTest" time="0.0"/>
  <testcase name="testConcurrencyAddAllIndexedIteratorNext[3]" classname="javafx.collections.ObservableListIteratorTest" time="0.0"/>
  <testcase name="testConcurrencyIteratorIteratorNext[3]" classname="javafx.collections.ObservableListIteratorTest" time="0.001"/>
  <testcase name="testConcurrencyRemoveAllIteratorNext[3]" classname="javafx.collections.ObservableListIteratorTest" time="0.0"/>
  <testcase name="testConcurrencyAddIndexedIteratorPrevious[3]" classname="javafx.collections.ObservableListIteratorTest" time="0.0"/>
  <testcase name="testConcurrencyAddAllIndexedIteratorPrevious[3]" classname="javafx.collections.ObservableListIteratorTest" time="0.001"/>
  <testcase name="testConcurrencyRemoveAllIteratorPrevious[3]" classname="javafx.collections.ObservableListIteratorTest" time="0.0"/>
  <testcase name="testRemoveAfterAddThrowsException[3]" classname="javafx.collections.ObservableListIteratorTest" time="0.0"/>
  <testcase name="testConcurrencyAddAllIteratorNext[3]" classname="javafx.collections.ObservableListIteratorTest" time="0.0"/>
  <testcase name="testPosInitialRemoveThrowsException[3]" classname="javafx.collections.ObservableListIteratorTest" time="0.0"/>
  <testcase name="testConcurrencyRetainAllIteratorNext[3]" classname="javafx.collections.ObservableListIteratorTest" time="0.0"/>
  <testcase name="testConcurrencyAddIteratorPrevious[3]" classname="javafx.collections.ObservableListIteratorTest" time="0.0"/>
  <testcase name="testConcurrencyRemoveIteratorPrevious[3]" classname="javafx.collections.ObservableListIteratorTest" time="0.0"/>
  <testcase name="testConcurrencyRetainAllIteratorPrevious[3]" classname="javafx.collections.ObservableListIteratorTest" time="0.001"/>
  <testcase name="testConcurrencyRemoveIteratorRemove[3]" classname="javafx.collections.ObservableListIteratorTest" time="0.0"/>
  <testcase name="testConcurrencyAddIndexedIteratorRemove[3]" classname="javafx.collections.ObservableListIteratorTest" time="0.0"/>
  <testcase name="testConcurrencyGetIteratorPrevious[3]" classname="javafx.collections.ObservableListIteratorTest" time="0.001"/>
  <testcase name="testConcurrencyRemoveIndexedIteratorRemove[3]" classname="javafx.collections.ObservableListIteratorTest" time="0.0"/>
  <testcase name="testConcurrencyAddAllIteratorRemove[3]" classname="javafx.collections.ObservableListIteratorTest" time="0.0"/>
  <testcase name="testConcurrencyAddAllIndexedIteratorRemove[3]" classname="javafx.collections.ObservableListIteratorTest" time="0.0"/>
  <testcase name="testConcurrencyRetainAllIteratorRemove[3]" classname="javafx.collections.ObservableListIteratorTest" time="0.0"/>
  <testcase name="testConcurrencyRemoveAllIteratorRemove[3]" classname="javafx.collections.ObservableListIteratorTest" time="0.0"/>
  <testcase name="testConcurrencyIteratorIteratorPrevious[3]" classname="javafx.collections.ObservableListIteratorTest" time="0.001"/>
  <testcase name="testConcurrencyRemoveIteratorNext[3]" classname="javafx.collections.ObservableListIteratorTest" time="0.0"/>
  <testcase name="testConcurrencyAddAllIteratorPrevious[3]" classname="javafx.collections.ObservableListIteratorTest" time="0.0"/>
  <testcase name="testConcurrencyIteratorIteratorRemove[3]" classname="javafx.collections.ObservableListIteratorTest" time="0.0"/>
  <testcase name="testConcurrencyAddIndexedIteratorSet[3]" classname="javafx.collections.ObservableListIteratorTest" time="0.001"/>
  <testcase name="testConcurrencyRemoveIndexedIteratorPrevious[3]" classname="javafx.collections.ObservableListIteratorTest" time="0.0"/>
  <testcase name="testConcurrencyAddAllIndexedIteratorSet[3]" classname="javafx.collections.ObservableListIteratorTest" time="0.0"/>
  <testcase name="testConcurrencyIteratorIteratorSet[3]" classname="javafx.collections.ObservableListIteratorTest" time="0.001"/>
  <testcase name="testConcurrencyRemoveIndexedIteratorSet[3]" classname="javafx.collections.ObservableListIteratorTest" time="0.0"/>
  <testcase name="testConcurrencyRemoveAllIteratorSet[3]" classname="javafx.collections.ObservableListIteratorTest" time="0.001"/>
  <testcase name="testConcurrencyRetainAllIteratorSet[3]" classname="javafx.collections.ObservableListIteratorTest" time="0.0"/>
  <testcase name="testRemoveEnd[3]" classname="javafx.collections.ObservableListIteratorTest" time="0.0"/>
  <testcase name="testAddMultiple[3]" classname="javafx.collections.ObservableListIteratorTest" time="0.001"/>
  <testcase name="testSetBeginning[3]" classname="javafx.collections.ObservableListIteratorTest" time="0.0"/>
  <testcase name="testSetMiddle[3]" classname="javafx.collections.ObservableListIteratorTest" time="0.0"/>
  <testcase name="testMiddleState[3]" classname="javafx.collections.ObservableListIteratorTest" time="0.0"/>
  <testcase name="testAddEnd[3]" classname="javafx.collections.ObservableListIteratorTest" time="0.001"/>
  <testcase name="testAddBeginning[3]" classname="javafx.collections.ObservableListIteratorTest" time="0.0"/>
  <testcase name="testAddAfterSet[3]" classname="javafx.collections.ObservableListIteratorTest" time="0.0"/>
  <testcase name="testSetEnd[3]" classname="javafx.collections.ObservableListIteratorTest" time="0.0"/>
  <testcase name="testAddMiddle[3]" classname="javafx.collections.ObservableListIteratorTest" time="0.0"/>
  <testcase name="testBoundaryEnd[3]" classname="javafx.collections.ObservableListIteratorTest" time="0.0"/>
  <testcase name="testEndState[3]" classname="javafx.collections.ObservableListIteratorTest" time="0.001"/>
  <testcase name="testRemoveMiddle[3]" classname="javafx.collections.ObservableListIteratorTest" time="0.001"/>
  <testcase name="testSetTwice[3]" classname="javafx.collections.ObservableListIteratorTest" time="0.0"/>
  <testcase name="testPosBeginning[3]" classname="javafx.collections.ObservableListIteratorTest" time="0.0"/>
  <testcase name="testPosMiddle[3]" classname="javafx.collections.ObservableListIteratorTest" time="0.0"/>
  <testcase name="testPosEnd[3]" classname="javafx.collections.ObservableListIteratorTest" time="0.0"/>
  <testcase name="testPosAdd[3]" classname="javafx.collections.ObservableListIteratorTest" time="0.0"/>
  <testcase name="testForEachLoop[3]" classname="javafx.collections.ObservableListIteratorTest" time="0.0"/>
  <testcase name="testPosInitialSetThrowsException[3]" classname="javafx.collections.ObservableListIteratorTest" time="0.0"/>
  <testcase name="testConcurrencyGetIteratorRemove[3]" classname="javafx.collections.ObservableListIteratorTest" time="0.001"/>
  <testcase name="testAddAfterRemove[3]" classname="javafx.collections.ObservableListIteratorTest" time="0.0"/>
  <testcase name="testConcurrencyRemoveIteratorSet[3]" classname="javafx.collections.ObservableListIteratorTest" time="0.0"/>
  <testcase name="testConcurrencyGetIteratorSet[3]" classname="javafx.collections.ObservableListIteratorTest" time="0.0"/>
  <testcase name="testRemoveAfterSet[3]" classname="javafx.collections.ObservableListIteratorTest" time="0.001"/>
  <testcase name="testBeginningState[3]" classname="javafx.collections.ObservableListIteratorTest" time="0.0"/>
  <testcase name="testPreviousAfterAddMiddle[3]" classname="javafx.collections.ObservableListIteratorTest" time="0.0"/>
  <testcase name="testSetInitialThrowsException[3]" classname="javafx.collections.ObservableListIteratorTest" time="0.0"/>
  <testcase name="testConcurrencyGetIteratorNext[3]" classname="javafx.collections.ObservableListIteratorTest" time="0.0"/>
  <testcase name="testAddAfterPrevious[3]" classname="javafx.collections.ObservableListIteratorTest" time="0.0"/>
  <testcase name="testRemoveAfterPrevious[3]" classname="javafx.collections.ObservableListIteratorTest" time="0.0"/>
  <testcase name="testRemoveTwiceThrowsException[3]" classname="javafx.collections.ObservableListIteratorTest" time="0.0"/>
  <testcase name="testRemoveBeginning[3]" classname="javafx.collections.ObservableListIteratorTest" time="0.0"/>
  <testcase name="testRemoveInitialThrowsException[3]" classname="javafx.collections.ObservableListIteratorTest" time="0.0"/>
  <testcase name="testPreviousAfterAddBeginning[3]" classname="javafx.collections.ObservableListIteratorTest" time="0.0"/>
  <testcase name="testConcurrencyAddIteratorRemove[3]" classname="javafx.collections.ObservableListIteratorTest" time="0.0"/>
  <testcase name="testSetAfterAddThrowsException[3]" classname="javafx.collections.ObservableListIteratorTest" time="0.001"/>
  <testcase name="testSwitchDirections[3]" classname="javafx.collections.ObservableListIteratorTest" time="0.0"/>
  <testcase name="testConcurrencyAddIteratorSet[3]" classname="javafx.collections.ObservableListIteratorTest" time="0.0"/>
  <testcase name="testConcurrencyAddAllIteratorSet[3]" classname="javafx.collections.ObservableListIteratorTest" time="0.0"/>
  <testcase name="testBoundaryStart[3]" classname="javafx.collections.ObservableListIteratorTest" time="0.001"/>
  <testcase name="testConcurrencyAddIteratorNext[3]" classname="javafx.collections.ObservableListIteratorTest" time="0.001"/>
  <testcase name="testCompleteIteration[3]" classname="javafx.collections.ObservableListIteratorTest" time="0.0"/>
  <testcase name="testSetAfterPrevious[3]" classname="javafx.collections.ObservableListIteratorTest" time="0.0"/>
  <testcase name="testPreviousAfterAddEnd[3]" classname="javafx.collections.ObservableListIteratorTest" time="0.001"/>
  <testcase name="testSetAfterRemoveThrowsException[4]" classname="javafx.collections.ObservableListIteratorTest" time="0.0"/>
  <testcase name="testConcurrencyAddIndexedIteratorNext[4]" classname="javafx.collections.ObservableListIteratorTest" time="0.0"/>
  <testcase name="testConcurrencyRemoveIndexedIteratorNext[4]" classname="javafx.collections.ObservableListIteratorTest" time="0.0"/>
  <testcase name="testConcurrencyAddAllIndexedIteratorNext[4]" classname="javafx.collections.ObservableListIteratorTest" time="0.0"/>
  <testcase name="testConcurrencyIteratorIteratorNext[4]" classname="javafx.collections.ObservableListIteratorTest" time="0.0"/>
  <testcase name="testConcurrencyRemoveAllIteratorNext[4]" classname="javafx.collections.ObservableListIteratorTest" time="0.001"/>
  <testcase name="testConcurrencyAddIndexedIteratorPrevious[4]" classname="javafx.collections.ObservableListIteratorTest" time="0.0"/>
  <testcase name="testConcurrencyAddAllIndexedIteratorPrevious[4]" classname="javafx.collections.ObservableListIteratorTest" time="0.001"/>
  <testcase name="testConcurrencyRemoveAllIteratorPrevious[4]" classname="javafx.collections.ObservableListIteratorTest" time="0.0"/>
  <testcase name="testRemoveAfterAddThrowsException[4]" classname="javafx.collections.ObservableListIteratorTest" time="0.0"/>
  <testcase name="testConcurrencyAddAllIteratorNext[4]" classname="javafx.collections.ObservableListIteratorTest" time="0.0"/>
  <testcase name="testPosInitialRemoveThrowsException[4]" classname="javafx.collections.ObservableListIteratorTest" time="0.001"/>
  <testcase name="testConcurrencyRetainAllIteratorNext[4]" classname="javafx.collections.ObservableListIteratorTest" time="0.0"/>
  <testcase name="testConcurrencyAddIteratorPrevious[4]" classname="javafx.collections.ObservableListIteratorTest" time="0.0"/>
  <testcase name="testConcurrencyRemoveIteratorPrevious[4]" classname="javafx.collections.ObservableListIteratorTest" time="0.0"/>
  <testcase name="testConcurrencyRetainAllIteratorPrevious[4]" classname="javafx.collections.ObservableListIteratorTest" time="0.0"/>
  <testcase name="testConcurrencyRemoveIteratorRemove[4]" classname="javafx.collections.ObservableListIteratorTest" time="0.0"/>
  <testcase name="testConcurrencyAddIndexedIteratorRemove[4]" classname="javafx.collections.ObservableListIteratorTest" time="0.001"/>
  <testcase name="testConcurrencyGetIteratorPrevious[4]" classname="javafx.collections.ObservableListIteratorTest" time="0.0"/>
  <testcase name="testConcurrencyRemoveIndexedIteratorRemove[4]" classname="javafx.collections.ObservableListIteratorTest" time="0.0"/>
  <testcase name="testConcurrencyAddAllIteratorRemove[4]" classname="javafx.collections.ObservableListIteratorTest" time="0.0"/>
  <testcase name="testConcurrencyAddAllIndexedIteratorRemove[4]" classname="javafx.collections.ObservableListIteratorTest" time="0.0"/>
  <testcase name="testConcurrencyRetainAllIteratorRemove[4]" classname="javafx.collections.ObservableListIteratorTest" time="0.0"/>
  <testcase name="testConcurrencyRemoveAllIteratorRemove[4]" classname="javafx.collections.ObservableListIteratorTest" time="0.0"/>
  <testcase name="testConcurrencyIteratorIteratorPrevious[4]" classname="javafx.collections.ObservableListIteratorTest" time="0.0"/>
  <testcase name="testConcurrencyRemoveIteratorNext[4]" classname="javafx.collections.ObservableListIteratorTest" time="0.0"/>
  <testcase name="testConcurrencyAddAllIteratorPrevious[4]" classname="javafx.collections.ObservableListIteratorTest" time="0.0"/>
  <testcase name="testConcurrencyIteratorIteratorRemove[4]" classname="javafx.collections.ObservableListIteratorTest" time="0.0"/>
  <testcase name="testConcurrencyAddIndexedIteratorSet[4]" classname="javafx.collections.ObservableListIteratorTest" time="0.0"/>
  <testcase name="testConcurrencyRemoveIndexedIteratorPrevious[4]" classname="javafx.collections.ObservableListIteratorTest" time="0.0"/>
  <testcase name="testConcurrencyAddAllIndexedIteratorSet[4]" classname="javafx.collections.ObservableListIteratorTest" time="0.0"/>
  <testcase name="testConcurrencyIteratorIteratorSet[4]" classname="javafx.collections.ObservableListIteratorTest" time="0.0"/>
  <testcase name="testConcurrencyRemoveIndexedIteratorSet[4]" classname="javafx.collections.ObservableListIteratorTest" time="0.0"/>
  <testcase name="testConcurrencyRemoveAllIteratorSet[4]" classname="javafx.collections.ObservableListIteratorTest" time="0.0"/>
  <testcase name="testConcurrencyRetainAllIteratorSet[4]" classname="javafx.collections.ObservableListIteratorTest" time="0.0"/>
  <testcase name="testRemoveEnd[4]" classname="javafx.collections.ObservableListIteratorTest" time="0.0"/>
  <testcase name="testAddMultiple[4]" classname="javafx.collections.ObservableListIteratorTest" time="0.0"/>
  <testcase name="testSetBeginning[4]" classname="javafx.collections.ObservableListIteratorTest" time="0.0"/>
  <testcase name="testSetMiddle[4]" classname="javafx.collections.ObservableListIteratorTest" time="0.001"/>
  <testcase name="testMiddleState[4]" classname="javafx.collections.ObservableListIteratorTest" time="0.0"/>
  <testcase name="testAddEnd[4]" classname="javafx.collections.ObservableListIteratorTest" time="0.0"/>
  <testcase name="testAddBeginning[4]" classname="javafx.collections.ObservableListIteratorTest" time="0.0"/>
  <testcase name="testAddAfterSet[4]" classname="javafx.collections.ObservableListIteratorTest" time="0.0"/>
  <testcase name="testSetEnd[4]" classname="javafx.collections.ObservableListIteratorTest" time="0.0"/>
  <testcase name="testAddMiddle[4]" classname="javafx.collections.ObservableListIteratorTest" time="0.0"/>
  <testcase name="testBoundaryEnd[4]" classname="javafx.collections.ObservableListIteratorTest" time="0.0"/>
  <testcase name="testEndState[4]" classname="javafx.collections.ObservableListIteratorTest" time="0.0"/>
  <testcase name="testRemoveMiddle[4]" classname="javafx.collections.ObservableListIteratorTest" time="0.0"/>
  <testcase name="testSetTwice[4]" classname="javafx.collections.ObservableListIteratorTest" time="0.0"/>
  <testcase name="testPosBeginning[4]" classname="javafx.collections.ObservableListIteratorTest" time="0.0"/>
  <testcase name="testPosMiddle[4]" classname="javafx.collections.ObservableListIteratorTest" time="0.0"/>
  <testcase name="testPosEnd[4]" classname="javafx.collections.ObservableListIteratorTest" time="0.0"/>
  <testcase name="testPosAdd[4]" classname="javafx.collections.ObservableListIteratorTest" time="0.0"/>
  <testcase name="testForEachLoop[4]" classname="javafx.collections.ObservableListIteratorTest" time="0.0"/>
  <testcase name="testPosInitialSetThrowsException[4]" classname="javafx.collections.ObservableListIteratorTest" time="0.0"/>
  <testcase name="testConcurrencyGetIteratorRemove[4]" classname="javafx.collections.ObservableListIteratorTest" time="0.0"/>
  <testcase name="testAddAfterRemove[4]" classname="javafx.collections.ObservableListIteratorTest" time="0.0"/>
  <testcase name="testConcurrencyRemoveIteratorSet[4]" classname="javafx.collections.ObservableListIteratorTest" time="0.0"/>
  <testcase name="testConcurrencyGetIteratorSet[4]" classname="javafx.collections.ObservableListIteratorTest" time="0.0"/>
  <testcase name="testRemoveAfterSet[4]" classname="javafx.collections.ObservableListIteratorTest" time="0.0"/>
  <testcase name="testBeginningState[4]" classname="javafx.collections.ObservableListIteratorTest" time="0.0"/>
  <testcase name="testPreviousAfterAddMiddle[4]" classname="javafx.collections.ObservableListIteratorTest" time="0.0"/>
  <testcase name="testSetInitialThrowsException[4]" classname="javafx.collections.ObservableListIteratorTest" time="0.0"/>
  <testcase name="testConcurrencyGetIteratorNext[4]" classname="javafx.collections.ObservableListIteratorTest" time="0.0"/>
  <testcase name="testAddAfterPrevious[4]" classname="javafx.collections.ObservableListIteratorTest" time="0.0"/>
  <testcase name="testRemoveAfterPrevious[4]" classname="javafx.collections.ObservableListIteratorTest" time="0.0"/>
  <testcase name="testRemoveTwiceThrowsException[4]" classname="javafx.collections.ObservableListIteratorTest" time="0.0"/>
  <testcase name="testRemoveBeginning[4]" classname="javafx.collections.ObservableListIteratorTest" time="0.0"/>
  <testcase name="testRemoveInitialThrowsException[4]" classname="javafx.collections.ObservableListIteratorTest" time="0.0"/>
  <testcase name="testPreviousAfterAddBeginning[4]" classname="javafx.collections.ObservableListIteratorTest" time="0.0"/>
  <testcase name="testConcurrencyAddIteratorRemove[4]" classname="javafx.collections.ObservableListIteratorTest" time="0.0"/>
  <testcase name="testSetAfterAddThrowsException[4]" classname="javafx.collections.ObservableListIteratorTest" time="0.001"/>
  <testcase name="testSwitchDirections[4]" classname="javafx.collections.ObservableListIteratorTest" time="0.0"/>
  <testcase name="testConcurrencyAddIteratorSet[4]" classname="javafx.collections.ObservableListIteratorTest" time="0.0"/>
  <testcase name="testConcurrencyAddAllIteratorSet[4]" classname="javafx.collections.ObservableListIteratorTest" time="0.0"/>
  <testcase name="testBoundaryStart[4]" classname="javafx.collections.ObservableListIteratorTest" time="0.001"/>
  <testcase name="testConcurrencyAddIteratorNext[4]" classname="javafx.collections.ObservableListIteratorTest" time="0.0"/>
  <testcase name="testCompleteIteration[4]" classname="javafx.collections.ObservableListIteratorTest" time="0.0"/>
  <testcase name="testSetAfterPrevious[4]" classname="javafx.collections.ObservableListIteratorTest" time="0.0"/>
  <testcase name="testPreviousAfterAddEnd[4]" classname="javafx.collections.ObservableListIteratorTest" time="0.0"/>
  <system-out><![CDATA[]]></system-out>
  <system-err><![CDATA[]]></system-err>
</testsuite>
