<?xml version="1.0" encoding="UTF-8"?>
<testsuite name="javafx.beans.property.ReadOnlyListPropertyTest" tests="1" skipped="0" failures="0" errors="0" timestamp="2018-12-24T19:03:13" hostname="DESKTOP-CFPL3NK" time="0.0">
  <properties/>
  <testcase name="testToString" classname="javafx.beans.property.ReadOnlyListPropertyTest" time="0.0"/>
  <system-out><![CDATA[]]></system-out>
  <system-err><![CDATA[]]></system-err>
</testsuite>
