<?xml version="1.0" encoding="UTF-8"?>
<testsuite name="com.sun.javafx.event.CompositeEventHandlerTest" tests="2" skipped="0" failures="0" errors="0" timestamp="2018-12-24T19:03:12" hostname="DESKTOP-CFPL3NK" time="0.002">
  <properties/>
  <testcase name="weakEventHandlerTest" classname="com.sun.javafx.event.CompositeEventHandlerTest" time="0.002"/>
  <testcase name="weakEventFilterTest" classname="com.sun.javafx.event.CompositeEventHandlerTest" time="0.0"/>
  <system-out><![CDATA[]]></system-out>
  <system-err><![CDATA[]]></system-err>
</testsuite>
