<?xml version="1.0" encoding="UTF-8"?>
<testsuite name="javafx.binding.BindingsNumberCalculationsTest" tests="192" skipped="0" failures="0" errors="0" timestamp="2018-12-24T19:03:14" hostname="DESKTOP-CFPL3NK" time="0.052">
  <properties/>
  <testcase name="test_Self[0]" classname="javafx.binding.BindingsNumberCalculationsTest" time="0.001"/>
  <testcase name="test_Primitive_null[0]" classname="javafx.binding.BindingsNumberCalculationsTest" time="0.0"/>
  <testcase name="test_Expression_Expression[0]" classname="javafx.binding.BindingsNumberCalculationsTest" time="0.0"/>
  <testcase name="test_null_Expression[0]" classname="javafx.binding.BindingsNumberCalculationsTest" time="0.0"/>
  <testcase name="test_Expression_null[0]" classname="javafx.binding.BindingsNumberCalculationsTest" time="0.001"/>
  <testcase name="test_Expression_Primitive[0]" classname="javafx.binding.BindingsNumberCalculationsTest" time="0.0"/>
  <testcase name="test_null_Primitive[0]" classname="javafx.binding.BindingsNumberCalculationsTest" time="0.0"/>
  <testcase name="test_Primitive_Expression[0]" classname="javafx.binding.BindingsNumberCalculationsTest" time="0.0"/>
  <testcase name="test_Self[1]" classname="javafx.binding.BindingsNumberCalculationsTest" time="0.001"/>
  <testcase name="test_Primitive_null[1]" classname="javafx.binding.BindingsNumberCalculationsTest" time="0.0"/>
  <testcase name="test_Expression_Expression[1]" classname="javafx.binding.BindingsNumberCalculationsTest" time="0.001"/>
  <testcase name="test_null_Expression[1]" classname="javafx.binding.BindingsNumberCalculationsTest" time="0.001"/>
  <testcase name="test_Expression_null[1]" classname="javafx.binding.BindingsNumberCalculationsTest" time="0.0"/>
  <testcase name="test_Expression_Primitive[1]" classname="javafx.binding.BindingsNumberCalculationsTest" time="0.0"/>
  <testcase name="test_null_Primitive[1]" classname="javafx.binding.BindingsNumberCalculationsTest" time="0.0"/>
  <testcase name="test_Primitive_Expression[1]" classname="javafx.binding.BindingsNumberCalculationsTest" time="0.001"/>
  <testcase name="test_Self[2]" classname="javafx.binding.BindingsNumberCalculationsTest" time="0.001"/>
  <testcase name="test_Primitive_null[2]" classname="javafx.binding.BindingsNumberCalculationsTest" time="0.0"/>
  <testcase name="test_Expression_Expression[2]" classname="javafx.binding.BindingsNumberCalculationsTest" time="0.0"/>
  <testcase name="test_null_Expression[2]" classname="javafx.binding.BindingsNumberCalculationsTest" time="0.0"/>
  <testcase name="test_Expression_null[2]" classname="javafx.binding.BindingsNumberCalculationsTest" time="0.0"/>
  <testcase name="test_Expression_Primitive[2]" classname="javafx.binding.BindingsNumberCalculationsTest" time="0.001"/>
  <testcase name="test_null_Primitive[2]" classname="javafx.binding.BindingsNumberCalculationsTest" time="0.0"/>
  <testcase name="test_Primitive_Expression[2]" classname="javafx.binding.BindingsNumberCalculationsTest" time="0.0"/>
  <testcase name="test_Self[3]" classname="javafx.binding.BindingsNumberCalculationsTest" time="0.0"/>
  <testcase name="test_Primitive_null[3]" classname="javafx.binding.BindingsNumberCalculationsTest" time="0.0"/>
  <testcase name="test_Expression_Expression[3]" classname="javafx.binding.BindingsNumberCalculationsTest" time="0.0"/>
  <testcase name="test_null_Expression[3]" classname="javafx.binding.BindingsNumberCalculationsTest" time="0.0"/>
  <testcase name="test_Expression_null[3]" classname="javafx.binding.BindingsNumberCalculationsTest" time="0.0"/>
  <testcase name="test_Expression_Primitive[3]" classname="javafx.binding.BindingsNumberCalculationsTest" time="0.0"/>
  <testcase name="test_null_Primitive[3]" classname="javafx.binding.BindingsNumberCalculationsTest" time="0.0"/>
  <testcase name="test_Primitive_Expression[3]" classname="javafx.binding.BindingsNumberCalculationsTest" time="0.0"/>
  <testcase name="test_Self[4]" classname="javafx.binding.BindingsNumberCalculationsTest" time="0.001"/>
  <testcase name="test_Primitive_null[4]" classname="javafx.binding.BindingsNumberCalculationsTest" time="0.0"/>
  <testcase name="test_Expression_Expression[4]" classname="javafx.binding.BindingsNumberCalculationsTest" time="0.0"/>
  <testcase name="test_null_Expression[4]" classname="javafx.binding.BindingsNumberCalculationsTest" time="0.0"/>
  <testcase name="test_Expression_null[4]" classname="javafx.binding.BindingsNumberCalculationsTest" time="0.0"/>
  <testcase name="test_Expression_Primitive[4]" classname="javafx.binding.BindingsNumberCalculationsTest" time="0.0"/>
  <testcase name="test_null_Primitive[4]" classname="javafx.binding.BindingsNumberCalculationsTest" time="0.0"/>
  <testcase name="test_Primitive_Expression[4]" classname="javafx.binding.BindingsNumberCalculationsTest" time="0.001"/>
  <testcase name="test_Self[5]" classname="javafx.binding.BindingsNumberCalculationsTest" time="0.001"/>
  <testcase name="test_Primitive_null[5]" classname="javafx.binding.BindingsNumberCalculationsTest" time="0.0"/>
  <testcase name="test_Expression_Expression[5]" classname="javafx.binding.BindingsNumberCalculationsTest" time="0.0"/>
  <testcase name="test_null_Expression[5]" classname="javafx.binding.BindingsNumberCalculationsTest" time="0.0"/>
  <testcase name="test_Expression_null[5]" classname="javafx.binding.BindingsNumberCalculationsTest" time="0.0"/>
  <testcase name="test_Expression_Primitive[5]" classname="javafx.binding.BindingsNumberCalculationsTest" time="0.0"/>
  <testcase name="test_null_Primitive[5]" classname="javafx.binding.BindingsNumberCalculationsTest" time="0.0"/>
  <testcase name="test_Primitive_Expression[5]" classname="javafx.binding.BindingsNumberCalculationsTest" time="0.0"/>
  <testcase name="test_Self[6]" classname="javafx.binding.BindingsNumberCalculationsTest" time="0.001"/>
  <testcase name="test_Primitive_null[6]" classname="javafx.binding.BindingsNumberCalculationsTest" time="0.0"/>
  <testcase name="test_Expression_Expression[6]" classname="javafx.binding.BindingsNumberCalculationsTest" time="0.0"/>
  <testcase name="test_null_Expression[6]" classname="javafx.binding.BindingsNumberCalculationsTest" time="0.0"/>
  <testcase name="test_Expression_null[6]" classname="javafx.binding.BindingsNumberCalculationsTest" time="0.0"/>
  <testcase name="test_Expression_Primitive[6]" classname="javafx.binding.BindingsNumberCalculationsTest" time="0.0"/>
  <testcase name="test_null_Primitive[6]" classname="javafx.binding.BindingsNumberCalculationsTest" time="0.0"/>
  <testcase name="test_Primitive_Expression[6]" classname="javafx.binding.BindingsNumberCalculationsTest" time="0.0"/>
  <testcase name="test_Self[7]" classname="javafx.binding.BindingsNumberCalculationsTest" time="0.001"/>
  <testcase name="test_Primitive_null[7]" classname="javafx.binding.BindingsNumberCalculationsTest" time="0.0"/>
  <testcase name="test_Expression_Expression[7]" classname="javafx.binding.BindingsNumberCalculationsTest" time="0.0"/>
  <testcase name="test_null_Expression[7]" classname="javafx.binding.BindingsNumberCalculationsTest" time="0.0"/>
  <testcase name="test_Expression_null[7]" classname="javafx.binding.BindingsNumberCalculationsTest" time="0.0"/>
  <testcase name="test_Expression_Primitive[7]" classname="javafx.binding.BindingsNumberCalculationsTest" time="0.0"/>
  <testcase name="test_null_Primitive[7]" classname="javafx.binding.BindingsNumberCalculationsTest" time="0.0"/>
  <testcase name="test_Primitive_Expression[7]" classname="javafx.binding.BindingsNumberCalculationsTest" time="0.001"/>
  <testcase name="test_Self[8]" classname="javafx.binding.BindingsNumberCalculationsTest" time="0.001"/>
  <testcase name="test_Primitive_null[8]" classname="javafx.binding.BindingsNumberCalculationsTest" time="0.0"/>
  <testcase name="test_Expression_Expression[8]" classname="javafx.binding.BindingsNumberCalculationsTest" time="0.0"/>
  <testcase name="test_null_Expression[8]" classname="javafx.binding.BindingsNumberCalculationsTest" time="0.0"/>
  <testcase name="test_Expression_null[8]" classname="javafx.binding.BindingsNumberCalculationsTest" time="0.0"/>
  <testcase name="test_Expression_Primitive[8]" classname="javafx.binding.BindingsNumberCalculationsTest" time="0.0"/>
  <testcase name="test_null_Primitive[8]" classname="javafx.binding.BindingsNumberCalculationsTest" time="0.0"/>
  <testcase name="test_Primitive_Expression[8]" classname="javafx.binding.BindingsNumberCalculationsTest" time="0.0"/>
  <testcase name="test_Self[9]" classname="javafx.binding.BindingsNumberCalculationsTest" time="0.001"/>
  <testcase name="test_Primitive_null[9]" classname="javafx.binding.BindingsNumberCalculationsTest" time="0.0"/>
  <testcase name="test_Expression_Expression[9]" classname="javafx.binding.BindingsNumberCalculationsTest" time="0.0"/>
  <testcase name="test_null_Expression[9]" classname="javafx.binding.BindingsNumberCalculationsTest" time="0.0"/>
  <testcase name="test_Expression_null[9]" classname="javafx.binding.BindingsNumberCalculationsTest" time="0.0"/>
  <testcase name="test_Expression_Primitive[9]" classname="javafx.binding.BindingsNumberCalculationsTest" time="0.0"/>
  <testcase name="test_null_Primitive[9]" classname="javafx.binding.BindingsNumberCalculationsTest" time="0.001"/>
  <testcase name="test_Primitive_Expression[9]" classname="javafx.binding.BindingsNumberCalculationsTest" time="0.0"/>
  <testcase name="test_Self[10]" classname="javafx.binding.BindingsNumberCalculationsTest" time="0.0"/>
  <testcase name="test_Primitive_null[10]" classname="javafx.binding.BindingsNumberCalculationsTest" time="0.0"/>
  <testcase name="test_Expression_Expression[10]" classname="javafx.binding.BindingsNumberCalculationsTest" time="0.0"/>
  <testcase name="test_null_Expression[10]" classname="javafx.binding.BindingsNumberCalculationsTest" time="0.001"/>
  <testcase name="test_Expression_null[10]" classname="javafx.binding.BindingsNumberCalculationsTest" time="0.0"/>
  <testcase name="test_Expression_Primitive[10]" classname="javafx.binding.BindingsNumberCalculationsTest" time="0.0"/>
  <testcase name="test_null_Primitive[10]" classname="javafx.binding.BindingsNumberCalculationsTest" time="0.0"/>
  <testcase name="test_Primitive_Expression[10]" classname="javafx.binding.BindingsNumberCalculationsTest" time="0.0"/>
  <testcase name="test_Self[11]" classname="javafx.binding.BindingsNumberCalculationsTest" time="0.0"/>
  <testcase name="test_Primitive_null[11]" classname="javafx.binding.BindingsNumberCalculationsTest" time="0.0"/>
  <testcase name="test_Expression_Expression[11]" classname="javafx.binding.BindingsNumberCalculationsTest" time="0.0"/>
  <testcase name="test_null_Expression[11]" classname="javafx.binding.BindingsNumberCalculationsTest" time="0.0"/>
  <testcase name="test_Expression_null[11]" classname="javafx.binding.BindingsNumberCalculationsTest" time="0.0"/>
  <testcase name="test_Expression_Primitive[11]" classname="javafx.binding.BindingsNumberCalculationsTest" time="0.0"/>
  <testcase name="test_null_Primitive[11]" classname="javafx.binding.BindingsNumberCalculationsTest" time="0.0"/>
  <testcase name="test_Primitive_Expression[11]" classname="javafx.binding.BindingsNumberCalculationsTest" time="0.0"/>
  <testcase name="test_Self[12]" classname="javafx.binding.BindingsNumberCalculationsTest" time="0.001"/>
  <testcase name="test_Primitive_null[12]" classname="javafx.binding.BindingsNumberCalculationsTest" time="0.0"/>
  <testcase name="test_Expression_Expression[12]" classname="javafx.binding.BindingsNumberCalculationsTest" time="0.0"/>
  <testcase name="test_null_Expression[12]" classname="javafx.binding.BindingsNumberCalculationsTest" time="0.0"/>
  <testcase name="test_Expression_null[12]" classname="javafx.binding.BindingsNumberCalculationsTest" time="0.0"/>
  <testcase name="test_Expression_Primitive[12]" classname="javafx.binding.BindingsNumberCalculationsTest" time="0.0"/>
  <testcase name="test_null_Primitive[12]" classname="javafx.binding.BindingsNumberCalculationsTest" time="0.0"/>
  <testcase name="test_Primitive_Expression[12]" classname="javafx.binding.BindingsNumberCalculationsTest" time="0.0"/>
  <testcase name="test_Self[13]" classname="javafx.binding.BindingsNumberCalculationsTest" time="0.001"/>
  <testcase name="test_Primitive_null[13]" classname="javafx.binding.BindingsNumberCalculationsTest" time="0.0"/>
  <testcase name="test_Expression_Expression[13]" classname="javafx.binding.BindingsNumberCalculationsTest" time="0.0"/>
  <testcase name="test_null_Expression[13]" classname="javafx.binding.BindingsNumberCalculationsTest" time="0.0"/>
  <testcase name="test_Expression_null[13]" classname="javafx.binding.BindingsNumberCalculationsTest" time="0.0"/>
  <testcase name="test_Expression_Primitive[13]" classname="javafx.binding.BindingsNumberCalculationsTest" time="0.0"/>
  <testcase name="test_null_Primitive[13]" classname="javafx.binding.BindingsNumberCalculationsTest" time="0.0"/>
  <testcase name="test_Primitive_Expression[13]" classname="javafx.binding.BindingsNumberCalculationsTest" time="0.0"/>
  <testcase name="test_Self[14]" classname="javafx.binding.BindingsNumberCalculationsTest" time="0.001"/>
  <testcase name="test_Primitive_null[14]" classname="javafx.binding.BindingsNumberCalculationsTest" time="0.0"/>
  <testcase name="test_Expression_Expression[14]" classname="javafx.binding.BindingsNumberCalculationsTest" time="0.0"/>
  <testcase name="test_null_Expression[14]" classname="javafx.binding.BindingsNumberCalculationsTest" time="0.0"/>
  <testcase name="test_Expression_null[14]" classname="javafx.binding.BindingsNumberCalculationsTest" time="0.0"/>
  <testcase name="test_Expression_Primitive[14]" classname="javafx.binding.BindingsNumberCalculationsTest" time="0.0"/>
  <testcase name="test_null_Primitive[14]" classname="javafx.binding.BindingsNumberCalculationsTest" time="0.0"/>
  <testcase name="test_Primitive_Expression[14]" classname="javafx.binding.BindingsNumberCalculationsTest" time="0.0"/>
  <testcase name="test_Self[15]" classname="javafx.binding.BindingsNumberCalculationsTest" time="0.001"/>
  <testcase name="test_Primitive_null[15]" classname="javafx.binding.BindingsNumberCalculationsTest" time="0.0"/>
  <testcase name="test_Expression_Expression[15]" classname="javafx.binding.BindingsNumberCalculationsTest" time="0.001"/>
  <testcase name="test_null_Expression[15]" classname="javafx.binding.BindingsNumberCalculationsTest" time="0.0"/>
  <testcase name="test_Expression_null[15]" classname="javafx.binding.BindingsNumberCalculationsTest" time="0.0"/>
  <testcase name="test_Expression_Primitive[15]" classname="javafx.binding.BindingsNumberCalculationsTest" time="0.001"/>
  <testcase name="test_null_Primitive[15]" classname="javafx.binding.BindingsNumberCalculationsTest" time="0.0"/>
  <testcase name="test_Primitive_Expression[15]" classname="javafx.binding.BindingsNumberCalculationsTest" time="0.0"/>
  <testcase name="test_Self[16]" classname="javafx.binding.BindingsNumberCalculationsTest" time="0.0"/>
  <testcase name="test_Primitive_null[16]" classname="javafx.binding.BindingsNumberCalculationsTest" time="0.0"/>
  <testcase name="test_Expression_Expression[16]" classname="javafx.binding.BindingsNumberCalculationsTest" time="0.0"/>
  <testcase name="test_null_Expression[16]" classname="javafx.binding.BindingsNumberCalculationsTest" time="0.0"/>
  <testcase name="test_Expression_null[16]" classname="javafx.binding.BindingsNumberCalculationsTest" time="0.0"/>
  <testcase name="test_Expression_Primitive[16]" classname="javafx.binding.BindingsNumberCalculationsTest" time="0.0"/>
  <testcase name="test_null_Primitive[16]" classname="javafx.binding.BindingsNumberCalculationsTest" time="0.0"/>
  <testcase name="test_Primitive_Expression[16]" classname="javafx.binding.BindingsNumberCalculationsTest" time="0.0"/>
  <testcase name="test_Self[17]" classname="javafx.binding.BindingsNumberCalculationsTest" time="0.001"/>
  <testcase name="test_Primitive_null[17]" classname="javafx.binding.BindingsNumberCalculationsTest" time="0.0"/>
  <testcase name="test_Expression_Expression[17]" classname="javafx.binding.BindingsNumberCalculationsTest" time="0.0"/>
  <testcase name="test_null_Expression[17]" classname="javafx.binding.BindingsNumberCalculationsTest" time="0.0"/>
  <testcase name="test_Expression_null[17]" classname="javafx.binding.BindingsNumberCalculationsTest" time="0.0"/>
  <testcase name="test_Expression_Primitive[17]" classname="javafx.binding.BindingsNumberCalculationsTest" time="0.0"/>
  <testcase name="test_null_Primitive[17]" classname="javafx.binding.BindingsNumberCalculationsTest" time="0.0"/>
  <testcase name="test_Primitive_Expression[17]" classname="javafx.binding.BindingsNumberCalculationsTest" time="0.0"/>
  <testcase name="test_Self[18]" classname="javafx.binding.BindingsNumberCalculationsTest" time="0.001"/>
  <testcase name="test_Primitive_null[18]" classname="javafx.binding.BindingsNumberCalculationsTest" time="0.0"/>
  <testcase name="test_Expression_Expression[18]" classname="javafx.binding.BindingsNumberCalculationsTest" time="0.0"/>
  <testcase name="test_null_Expression[18]" classname="javafx.binding.BindingsNumberCalculationsTest" time="0.0"/>
  <testcase name="test_Expression_null[18]" classname="javafx.binding.BindingsNumberCalculationsTest" time="0.0"/>
  <testcase name="test_Expression_Primitive[18]" classname="javafx.binding.BindingsNumberCalculationsTest" time="0.0"/>
  <testcase name="test_null_Primitive[18]" classname="javafx.binding.BindingsNumberCalculationsTest" time="0.0"/>
  <testcase name="test_Primitive_Expression[18]" classname="javafx.binding.BindingsNumberCalculationsTest" time="0.0"/>
  <testcase name="test_Self[19]" classname="javafx.binding.BindingsNumberCalculationsTest" time="0.001"/>
  <testcase name="test_Primitive_null[19]" classname="javafx.binding.BindingsNumberCalculationsTest" time="0.0"/>
  <testcase name="test_Expression_Expression[19]" classname="javafx.binding.BindingsNumberCalculationsTest" time="0.0"/>
  <testcase name="test_null_Expression[19]" classname="javafx.binding.BindingsNumberCalculationsTest" time="0.0"/>
  <testcase name="test_Expression_null[19]" classname="javafx.binding.BindingsNumberCalculationsTest" time="0.0"/>
  <testcase name="test_Expression_Primitive[19]" classname="javafx.binding.BindingsNumberCalculationsTest" time="0.0"/>
  <testcase name="test_null_Primitive[19]" classname="javafx.binding.BindingsNumberCalculationsTest" time="0.0"/>
  <testcase name="test_Primitive_Expression[19]" classname="javafx.binding.BindingsNumberCalculationsTest" time="0.0"/>
  <testcase name="test_Self[20]" classname="javafx.binding.BindingsNumberCalculationsTest" time="0.001"/>
  <testcase name="test_Primitive_null[20]" classname="javafx.binding.BindingsNumberCalculationsTest" time="0.0"/>
  <testcase name="test_Expression_Expression[20]" classname="javafx.binding.BindingsNumberCalculationsTest" time="0.0"/>
  <testcase name="test_null_Expression[20]" classname="javafx.binding.BindingsNumberCalculationsTest" time="0.0"/>
  <testcase name="test_Expression_null[20]" classname="javafx.binding.BindingsNumberCalculationsTest" time="0.0"/>
  <testcase name="test_Expression_Primitive[20]" classname="javafx.binding.BindingsNumberCalculationsTest" time="0.0"/>
  <testcase name="test_null_Primitive[20]" classname="javafx.binding.BindingsNumberCalculationsTest" time="0.0"/>
  <testcase name="test_Primitive_Expression[20]" classname="javafx.binding.BindingsNumberCalculationsTest" time="0.0"/>
  <testcase name="test_Self[21]" classname="javafx.binding.BindingsNumberCalculationsTest" time="0.001"/>
  <testcase name="test_Primitive_null[21]" classname="javafx.binding.BindingsNumberCalculationsTest" time="0.0"/>
  <testcase name="test_Expression_Expression[21]" classname="javafx.binding.BindingsNumberCalculationsTest" time="0.0"/>
  <testcase name="test_null_Expression[21]" classname="javafx.binding.BindingsNumberCalculationsTest" time="0.0"/>
  <testcase name="test_Expression_null[21]" classname="javafx.binding.BindingsNumberCalculationsTest" time="0.0"/>
  <testcase name="test_Expression_Primitive[21]" classname="javafx.binding.BindingsNumberCalculationsTest" time="0.0"/>
  <testcase name="test_null_Primitive[21]" classname="javafx.binding.BindingsNumberCalculationsTest" time="0.0"/>
  <testcase name="test_Primitive_Expression[21]" classname="javafx.binding.BindingsNumberCalculationsTest" time="0.0"/>
  <testcase name="test_Self[22]" classname="javafx.binding.BindingsNumberCalculationsTest" time="0.001"/>
  <testcase name="test_Primitive_null[22]" classname="javafx.binding.BindingsNumberCalculationsTest" time="0.0"/>
  <testcase name="test_Expression_Expression[22]" classname="javafx.binding.BindingsNumberCalculationsTest" time="0.001"/>
  <testcase name="test_null_Expression[22]" classname="javafx.binding.BindingsNumberCalculationsTest" time="0.0"/>
  <testcase name="test_Expression_null[22]" classname="javafx.binding.BindingsNumberCalculationsTest" time="0.0"/>
  <testcase name="test_Expression_Primitive[22]" classname="javafx.binding.BindingsNumberCalculationsTest" time="0.0"/>
  <testcase name="test_null_Primitive[22]" classname="javafx.binding.BindingsNumberCalculationsTest" time="0.001"/>
  <testcase name="test_Primitive_Expression[22]" classname="javafx.binding.BindingsNumberCalculationsTest" time="0.0"/>
  <testcase name="test_Self[23]" classname="javafx.binding.BindingsNumberCalculationsTest" time="0.001"/>
  <testcase name="test_Primitive_null[23]" classname="javafx.binding.BindingsNumberCalculationsTest" time="0.0"/>
  <testcase name="test_Expression_Expression[23]" classname="javafx.binding.BindingsNumberCalculationsTest" time="0.0"/>
  <testcase name="test_null_Expression[23]" classname="javafx.binding.BindingsNumberCalculationsTest" time="0.0"/>
  <testcase name="test_Expression_null[23]" classname="javafx.binding.BindingsNumberCalculationsTest" time="0.0"/>
  <testcase name="test_Expression_Primitive[23]" classname="javafx.binding.BindingsNumberCalculationsTest" time="0.0"/>
  <testcase name="test_null_Primitive[23]" classname="javafx.binding.BindingsNumberCalculationsTest" time="0.0"/>
  <testcase name="test_Primitive_Expression[23]" classname="javafx.binding.BindingsNumberCalculationsTest" time="0.0"/>
  <system-out><![CDATA[]]></system-out>
  <system-err><![CDATA[]]></system-err>
</testsuite>
