<?xml version="1.0" encoding="UTF-8"?>
<testsuite name="javafx.beans.property.ReadOnlyIntegerPropertyTest" tests="3" skipped="0" failures="0" errors="0" timestamp="2018-12-24T19:03:13" hostname="DESKTOP-CFPL3NK" time="0.002">
  <properties/>
  <testcase name="testToString" classname="javafx.beans.property.ReadOnlyIntegerPropertyTest" time="0.0"/>
  <testcase name="testAsObject" classname="javafx.beans.property.ReadOnlyIntegerPropertyTest" time="0.001"/>
  <testcase name="testObjectToInteger" classname="javafx.beans.property.ReadOnlyIntegerPropertyTest" time="0.001"/>
  <system-out><![CDATA[]]></system-out>
  <system-err><![CDATA[]]></system-err>
</testsuite>
