<?xml version="1.0" encoding="UTF-8"?>
<testsuite name="javafx.beans.WeakInvalidationListenerTest" tests="2" skipped="0" failures="0" errors="0" timestamp="2018-12-24T19:03:14" hostname="DESKTOP-CFPL3NK" time="0.015">
  <properties/>
  <testcase name="testHandle" classname="javafx.beans.WeakInvalidationListenerTest" time="0.015"/>
  <testcase name="testConstructWithNull" classname="javafx.beans.WeakInvalidationListenerTest" time="0.0"/>
  <system-out><![CDATA[]]></system-out>
  <system-err><![CDATA[]]></system-err>
</testsuite>
