<?xml version="1.0" encoding="UTF-8"?>
<testsuite name="javafx.util.converter.CharacterStringConverterTest" tests="8" skipped="0" failures="0" errors="0" timestamp="2018-12-24T19:03:16" hostname="DESKTOP-CFPL3NK" time="0.001">
  <properties/>
  <testcase name="fromString_testValidStringInput_lowercase" classname="javafx.util.converter.CharacterStringConverterTest" time="0.0"/>
  <testcase name="fromString_testValidStringInput_uppercase" classname="javafx.util.converter.CharacterStringConverterTest" time="0.0"/>
  <testcase name="toString_uppercase" classname="javafx.util.converter.CharacterStringConverterTest" time="0.0"/>
  <testcase name="toString_lowercase" classname="javafx.util.converter.CharacterStringConverterTest" time="0.0"/>
  <testcase name="fromString_testValidStringInput_differentCase_one" classname="javafx.util.converter.CharacterStringConverterTest" time="0.001"/>
  <testcase name="fromString_testValidStringInput_differentCase_two" classname="javafx.util.converter.CharacterStringConverterTest" time="0.0"/>
  <testcase name="fromString_testValidStringInputWithWhiteSpace_lowercase" classname="javafx.util.converter.CharacterStringConverterTest" time="0.0"/>
  <testcase name="fromString_testValidStringInputWithWhiteSpace_uppercase" classname="javafx.util.converter.CharacterStringConverterTest" time="0.0"/>
  <system-out><![CDATA[]]></system-out>
  <system-err><![CDATA[]]></system-err>
</testsuite>
