<?xml version="1.0" encoding="UTF-8"?>
<testsuite name="javafx.collections.TransformationListTest" tests="1" skipped="1" failures="0" errors="0" timestamp="2018-12-24T19:03:15" hostname="DESKTOP-CFPL3NK" time="0.0">
  <properties/>
  <testcase name="testDirect" classname="javafx.collections.TransformationListTest" time="0.0">
    <skipped/>
  </testcase>
  <system-out><![CDATA[]]></system-out>
  <system-err><![CDATA[]]></system-err>
</testsuite>
