<?xml version="1.0" encoding="UTF-8"?>
<testsuite name="javafx.util.DurationTest" tests="141" skipped="0" failures="0" errors="0" timestamp="2018-12-24T19:03:16" hostname="DESKTOP-CFPL3NK" time="0.003">
  <properties/>
  <testcase name="toSeconds_when_INDEFINITE_resultsInPositiveInfinity" classname="javafx.util.DurationTest" time="0.001"/>
  <testcase name="subtract_ZERO_and_INDEFINITE_ResultsInNegativeInfinity" classname="javafx.util.DurationTest" time="0.0"/>
  <testcase name="divide_ONE_Second_by_ONE_Milli_ResultsInOneSecond" classname="javafx.util.DurationTest" time="0.0"/>
  <testcase name="subtract_INDEFINITE_and_INDEFINITE_ResultsInUnknown" classname="javafx.util.DurationTest" time="0.0"/>
  <testcase name="toSeconds_whenNegativeInfinityResultsInNegativeInfinity" classname="javafx.util.DurationTest" time="0.0"/>
  <testcase name="toMillis_whenNegativeNumberResultsInTheSameNumber" classname="javafx.util.DurationTest" time="0.0"/>
  <testcase name="constructor_withPositiveInfinityEquals_INDEFINITE" classname="javafx.util.DurationTest" time="0.0"/>
  <testcase name="toSeconds_whenNegativeNumberResultsInTheSameNumber" classname="javafx.util.DurationTest" time="0.0"/>
  <testcase name="add_ONE_Second_and_ONE_Milli_ResultsInOneThousandOneMillis" classname="javafx.util.DurationTest" time="0.0"/>
  <testcase name="subtract_ONE_and_INDEFINITE_ResultsInNegativeInfinity" classname="javafx.util.DurationTest" time="0.0"/>
  <testcase name="multiply_ONE_Second_and_ONE_Milli_ResultsInOneSecond" classname="javafx.util.DurationTest" time="0.0"/>
  <testcase name="add_INDEFINITE_and_INDEFINITE_ResultsInIndefinite" classname="javafx.util.DurationTest" time="0.0"/>
  <testcase name="negativeInfinityIsLessThanOrEqualToNegativeInfinity" classname="javafx.util.DurationTest" time="0.0"/>
  <testcase name="negativeInfinityIsGreaterThanOrEqualToNegativeInfinity" classname="javafx.util.DurationTest" time="0.0"/>
  <testcase name="toMillis_whenNegativeInfinityResultsInNegativeInfinity" classname="javafx.util.DurationTest" time="0.0"/>
  <testcase name="UNKNOWN_isNotGreaterThanOrEqualTo_NegativeInfinity" classname="javafx.util.DurationTest" time="0.0"/>
  <testcase name="toSeconds_whenPositiveNumberResultsInTheSameNumber" classname="javafx.util.DurationTest" time="0.0"/>
  <testcase name="multiply_INDEFINITE_and_INDEFINITE_ResultsInIndefinite" classname="javafx.util.DurationTest" time="0.0"/>
  <testcase name="toMillis_when_INDEFINITE_resultsInPositiveInfinity" classname="javafx.util.DurationTest" time="0.0"/>
  <testcase name="toMillis_whenPositiveNumberResultsInTheSameNumber" classname="javafx.util.DurationTest" time="0.0"/>
  <testcase name="INDEFINITE_Equals_PositiveInfinity" classname="javafx.util.DurationTest" time="0.0"/>
  <testcase name="minutes_withPositiveInfinityResultsIn_INDEFINITE" classname="javafx.util.DurationTest" time="0.0"/>
  <testcase name="minutes_withPositiveResultsInNewDuration" classname="javafx.util.DurationTest" time="0.0"/>
  <testcase name="hours_withPositiveResultsInNewDuration" classname="javafx.util.DurationTest" time="0.0"/>
  <testcase name="constructor_withPositiveResultsInNewDuration" classname="javafx.util.DurationTest" time="0.0"/>
  <testcase name="millis_withPositiveResultsInNewDuration" classname="javafx.util.DurationTest" time="0.0"/>
  <testcase name="hours_withPositiveInfinityResultsIn_INDEFINITE" classname="javafx.util.DurationTest" time="0.0"/>
  <testcase name="constructor_withNaNDoesNotEqual_UNKNOWN" classname="javafx.util.DurationTest" time="0.0"/>
  <testcase name="toMillis_when_UNKNOWN_ResultsInNaN" classname="javafx.util.DurationTest" time="0.0"/>
  <testcase name="toSeconds_when_ZERO_resultsInZero" classname="javafx.util.DurationTest" time="0.0"/>
  <testcase name="toSeconds_when_ONE_resultsInPointZeroZeroOne" classname="javafx.util.DurationTest" time="0.0"/>
  <testcase name="millis_withPositiveInfinityResultsIn_INDEFINITE" classname="javafx.util.DurationTest" time="0.0"/>
  <testcase name="seconds_withPositiveInfinityResultsIn_INDEFINITE" classname="javafx.util.DurationTest" time="0.0"/>
  <testcase name="seconds_withPositiveResultsInNewDuration" classname="javafx.util.DurationTest" time="0.0"/>
  <testcase name="UNKNOWN_isNotLessThan_NegativeInfinity" classname="javafx.util.DurationTest" time="0.0"/>
  <testcase name="add_doesNotModifyTheInputArguments" classname="javafx.util.DurationTest" time="0.0"/>
  <testcase name="subtract_ZERO_and_UNKNOWN_ResultsInUnknown" classname="javafx.util.DurationTest" time="0.0"/>
  <testcase name="divide_ZERO_by_INDEFINITE_ResultsIn_ZERO" classname="javafx.util.DurationTest" time="0.0"/>
  <testcase name="multiply_ONE_and_UNKNOWN_ResultsInUnknown" classname="javafx.util.DurationTest" time="0.0"/>
  <testcase name="INDEFINITE_isNotLessThan_INDEFINITE" classname="javafx.util.DurationTest" time="0.0"/>
  <testcase name="multiply_ZERO_and_ONE_ResultsIn_ZERO" classname="javafx.util.DurationTest" time="0.0"/>
  <testcase name="add_UNKNOWN_and_INDEFINITE_ResultsInUnknown" classname="javafx.util.DurationTest" time="0.0"/>
  <testcase name="subtract_ONE_and_UNKNOWN_ResultsInUnknown" classname="javafx.util.DurationTest" time="0.0"/>
  <testcase name="divide_Ten_by_ZERO_ResultsIn_INDEFINITE" classname="javafx.util.DurationTest" time="0.0"/>
  <testcase name="INDEFINITE_isLessThanOrEqualTo_INDEFINITE" classname="javafx.util.DurationTest" time="0.0"/>
  <testcase name="UNKNOWN_isNotLessThanOrEqualTo_NegativeInfinity" classname="javafx.util.DurationTest" time="0.0"/>
  <testcase name="divide_doesNotModifyTheInputArguments" classname="javafx.util.DurationTest" time="0.0"/>
  <testcase name="divide_ZERO_by_UNKNOWN_ResultsInUnknown" classname="javafx.util.DurationTest" time="0.0"/>
  <testcase name="add_ONE_and_UNKNOWN_ResultsInUnknown" classname="javafx.util.DurationTest" time="0.0"/>
  <testcase name="multiply_ONE_and_ONE_ResultsIn_ONE" classname="javafx.util.DurationTest" time="0.0"/>
  <testcase name="negativeInfinityIsLessThanOrEqualTo_ZERO" classname="javafx.util.DurationTest" time="0.0"/>
  <testcase name="ONE_isLessThanOrEqualTo_INDEFINITE" classname="javafx.util.DurationTest" time="0.0"/>
  <testcase name="divide_INDEFINITE_by_INDEFINITE_ResultsInUnknown" classname="javafx.util.DurationTest" time="0.0"/>
  <testcase name="negativeInfinityIsNotLessThanNegativeInfinity" classname="javafx.util.DurationTest" time="0.0"/>
  <testcase name="subtract_doesNotModifyTheInputArguments" classname="javafx.util.DurationTest" time="0.0"/>
  <testcase name="multiply_ZERO_and_INDEFINITE_ResultsInUnknown" classname="javafx.util.DurationTest" time="0.0"/>
  <testcase name="UNKNOWN_isNotLessThanOrEqualTo_ONE" classname="javafx.util.DurationTest" time="0.0"/>
  <testcase name="UNKNOWN_isNotLessThanOrEqualTo_UNKNOWN" classname="javafx.util.DurationTest" time="0.0"/>
  <testcase name="negativeInfinityIsNotGreaterThanNegativeInfinity" classname="javafx.util.DurationTest" time="0.0"/>
  <testcase name="multiply_ZERO_and_ZERO_ResultsIn_ZERO" classname="javafx.util.DurationTest" time="0.0"/>
  <testcase name="INDEFINITE_isNotGreaterThan_INDEFINITE" classname="javafx.util.DurationTest" time="0.0"/>
  <testcase name="multiply_ONE_and_INDEFINITE_ResultsInIndefinite" classname="javafx.util.DurationTest" time="0.0"/>
  <testcase name="UNKNOWN_isNotLessThanOrEqualTo_INDEFINITE" classname="javafx.util.DurationTest" time="0.0"/>
  <testcase name="divide_ONE_by_UNKNOWN_ResultsInUnknown" classname="javafx.util.DurationTest" time="0.0"/>
  <testcase name="add_ONE_and_INDEFINITE_ResultsInIndefinite" classname="javafx.util.DurationTest" time="0.0"/>
  <testcase name="divide_UNKNOWN_by_INDEFINITE_ResultsInUnknown" classname="javafx.util.DurationTest" time="0.0"/>
  <testcase name="add_ZERO_and_UNKNOWN_ResultsInUnknown" classname="javafx.util.DurationTest" time="0.0"/>
  <testcase name="UNKNOWN_isNotGreaterThan_NegativeInfinity" classname="javafx.util.DurationTest" time="0.0"/>
  <testcase name="divide_ONE_by_INDEFINITE_ResultsIn_ZERO" classname="javafx.util.DurationTest" time="0.0"/>
  <testcase name="add_ZERO_and_INDEFINITE_ResultsInIndefinite" classname="javafx.util.DurationTest" time="0.0"/>
  <testcase name="UNKNOWN_isNotGreaterThan_INDEFINITE" classname="javafx.util.DurationTest" time="0.0"/>
  <testcase name="ZERO_isGreaterThanOrEqualToNegativeInfinity" classname="javafx.util.DurationTest" time="0.0"/>
  <testcase name="ZERO_isGreaterThanOrEqualToNegativeNumber" classname="javafx.util.DurationTest" time="0.0"/>
  <testcase name="INDEFINITE_isGreaterThanOrEqualTo_INDEFINITE" classname="javafx.util.DurationTest" time="0.0"/>
  <testcase name="divide_ZERO_by_Ten_ResultsIn_ZERO" classname="javafx.util.DurationTest" time="0.0"/>
  <testcase name="ZERO_isGreaterThanNegativeInfinity" classname="javafx.util.DurationTest" time="0.0"/>
  <testcase name="UNKNOWN_isNotGreaterThanOrEqualTo_ZERO" classname="javafx.util.DurationTest" time="0.0"/>
  <testcase name="subtract_ZERO_and_ZERO_ResultsIn_ZERO" classname="javafx.util.DurationTest" time="0.0"/>
  <testcase name="multiply_UNKNOWN_and_INDEFINITE_ResultsInUnknown" classname="javafx.util.DurationTest" time="0.0"/>
  <testcase name="negate_ZERO_ResultsIn_NegativeZeroOr_ZERO" classname="javafx.util.DurationTest" time="0.0"/>
  <testcase name="UNKNOWN_isNotGreaterThanOrEqualTo_ONE" classname="javafx.util.DurationTest" time="0.0"/>
  <testcase name="toSeconds_when_UNKNOWN_ResultsInNaN" classname="javafx.util.DurationTest" time="0.0"/>
  <testcase name="UNKNOWN_isNotLessThanOrEqualTo_ZERO" classname="javafx.util.DurationTest" time="0.0"/>
  <testcase name="INDEFINITE_isGreaterThanOrEqualTo_ONE" classname="javafx.util.DurationTest" time="0.0"/>
  <testcase name="subtract_ONE_and_ONE_ResultsInZERO" classname="javafx.util.DurationTest" time="0.0"/>
  <testcase name="UNKNOWN_isNotGreaterThanOrEqualTo_INDEFINITE" classname="javafx.util.DurationTest" time="0.0"/>
  <testcase name="UNKNOWN_isNotGreaterThanOrEqualTo_UNKNOWN" classname="javafx.util.DurationTest" time="0.0"/>
  <testcase name="NegativeInfinityEqualsNegativeInfinity" classname="javafx.util.DurationTest" time="0.0"/>
  <testcase name="subtract_UNKNOWN_and_INDEFINITE_ResultsInUnknown" classname="javafx.util.DurationTest" time="0.0"/>
  <testcase name="subtract_ONE_and_ZERO_ResultsIn_ONE" classname="javafx.util.DurationTest" time="0.0"/>
  <testcase name="negate_INDEFINITE_ResultsIn_NegativeInfinity" classname="javafx.util.DurationTest" time="0.0"/>
  <testcase name="negativeNumberIsLessOrEqualToThanZero" classname="javafx.util.DurationTest" time="0.0"/>
  <testcase name="subtract_ZERO_and_ONE_ResultsIn_NegativeOne" classname="javafx.util.DurationTest" time="0.0"/>
  <testcase name="multiply_ZERO_and_UNKNOWN_ResultsInUnknown" classname="javafx.util.DurationTest" time="0.0"/>
  <testcase name="multiply_doesNotModifyTheInputArguments" classname="javafx.util.DurationTest" time="0.0"/>
  <testcase name="testMultiplyUsingMixedUnits" classname="javafx.util.DurationTest" time="0.0"/>
  <testcase name="negate_NegativeResultsInPositive" classname="javafx.util.DurationTest" time="0.0"/>
  <testcase name="hours_withNaNResultsIn_UNKNOWN" classname="javafx.util.DurationTest" time="0.0"/>
  <testcase name="negate_PositiveResultsInNegative" classname="javafx.util.DurationTest" time="0.0"/>
  <testcase name="UNKNOWN_isNotLessThan_INDEFINITE" classname="javafx.util.DurationTest" time="0.0"/>
  <testcase name="millis_withNaNResultsIn_UNKNOWN" classname="javafx.util.DurationTest" time="0.0"/>
  <testcase name="millis_withOneResultsIn_ONE" classname="javafx.util.DurationTest" time="0.0"/>
  <testcase name="UNKNOWN_isNotLessThan_UNKNOWN" classname="javafx.util.DurationTest" time="0.0"/>
  <testcase name="ZERO_isGreaterThanNegativeNumber" classname="javafx.util.DurationTest" time="0.0"/>
  <testcase name="ONE_isGreaterThan_ZERO" classname="javafx.util.DurationTest" time="0.001"/>
  <testcase name="INDEFINITE_isGreaterThan_ONE" classname="javafx.util.DurationTest" time="0.0"/>
  <testcase name="UNKNOWN_isNotGreaterThan_ZERO" classname="javafx.util.DurationTest" time="0.0"/>
  <testcase name="ZERO_isLessThan_ONE" classname="javafx.util.DurationTest" time="0.0"/>
  <testcase name="UNKNOWN_isNotGreaterThan_ONE" classname="javafx.util.DurationTest" time="0.0"/>
  <testcase name="minutes_withNaNResultsIn_UNKNOWN" classname="javafx.util.DurationTest" time="0.0"/>
  <testcase name="ONE_isGreaterThanOrEqualTo_ZERO" classname="javafx.util.DurationTest" time="0.0"/>
  <testcase name="add_ZERO_and_ONE_ResultsIn_ONE" classname="javafx.util.DurationTest" time="0.0"/>
  <testcase name="seconds_withZeroResultsIn_ZERO" classname="javafx.util.DurationTest" time="0.0"/>
  <testcase name="testSubtractUsingMixedUnits" classname="javafx.util.DurationTest" time="0.0"/>
  <testcase name="hours_withZeroResultsIn_ZERO" classname="javafx.util.DurationTest" time="0.0"/>
  <testcase name="UNKNOWN_isNotGreaterThan_UNKNOWN" classname="javafx.util.DurationTest" time="0.0"/>
  <testcase name="UNKNOWN_Equals_UNKNOWN" classname="javafx.util.DurationTest" time="0.0"/>
  <testcase name="negate_ONE_ResultsIn_NegativeOne" classname="javafx.util.DurationTest" time="0.0"/>
  <testcase name="UNKNOWN_isNotLessThan_ONE" classname="javafx.util.DurationTest" time="0.0"/>
  <testcase name="UNKNOWN_DoesNotEqualNaN" classname="javafx.util.DurationTest" time="0.0"/>
  <testcase name="toMillis_when_ONE_resultsInOne" classname="javafx.util.DurationTest" time="0.0"/>
  <testcase name="testDivideUsingMixedUnits" classname="javafx.util.DurationTest" time="0.0"/>
  <testcase name="testAddUsingMixedUnits" classname="javafx.util.DurationTest" time="0.0"/>
  <testcase name="add_ZERO_and_ZERO_ResultsIn_ZERO" classname="javafx.util.DurationTest" time="0.0"/>
  <testcase name="constructor_withOneEquals_ONE" classname="javafx.util.DurationTest" time="0.0"/>
  <testcase name="ZERO_isLessThanOrEqualTo_ONE" classname="javafx.util.DurationTest" time="0.0"/>
  <testcase name="negativeNumberIsLessThanZero" classname="javafx.util.DurationTest" time="0.0"/>
  <testcase name="minutes_withZeroResultsIn_ZERO" classname="javafx.util.DurationTest" time="0.0"/>
  <testcase name="constructor_withZeroEquals_ZERO" classname="javafx.util.DurationTest" time="0.0"/>
  <testcase name="toMillis_when_ZERO_resultsInZero" classname="javafx.util.DurationTest" time="0.0"/>
  <testcase name="millis_withZeroResultsIn_ZERO" classname="javafx.util.DurationTest" time="0.0"/>
  <testcase name="add_ONE_and_ONE_ResultsInTwo" classname="javafx.util.DurationTest" time="0.0"/>
  <testcase name="divide_ONE_by_ONE_ResultsIn_ONE" classname="javafx.util.DurationTest" time="0.0"/>
  <testcase name="negativeInfinityIsLessThan_ZERO" classname="javafx.util.DurationTest" time="0.0"/>
  <testcase name="ONE_isLessThan_INDEFINITE" classname="javafx.util.DurationTest" time="0.0"/>
  <testcase name="UNKNOWN_isNotLessThan_ZERO" classname="javafx.util.DurationTest" time="0.0"/>
  <testcase name="seconds_withNaNResultsIn_UNKNOWN" classname="javafx.util.DurationTest" time="0.0"/>
  <testcase name="negate_UNKNOWN_ResultsIn_UNKNOWN" classname="javafx.util.DurationTest" time="0.0"/>
  <testcase name="ZERO_EqualsZero" classname="javafx.util.DurationTest" time="0.0"/>
  <testcase name="ONE_EqualsOne" classname="javafx.util.DurationTest" time="0.0"/>
  <testcase name="subtract_ONE_Second_and_ONE_Milli_ResultsInNineHundredNinetyNineMillis" classname="javafx.util.DurationTest" time="0.0"/>
  <system-out><![CDATA[]]></system-out>
  <system-err><![CDATA[]]></system-err>
</testsuite>
