<?xml version="1.0" encoding="UTF-8"?>
<testsuite name="javafx.binding.expression.BooleanExpressionTest" tests="11" skipped="0" failures="0" errors="0" timestamp="2018-12-24T19:03:14" hostname="DESKTOP-CFPL3NK" time="0.002">
  <properties/>
  <testcase name="testEquals" classname="javafx.binding.expression.BooleanExpressionTest" time="0.0"/>
  <testcase name="testAsObject" classname="javafx.binding.expression.BooleanExpressionTest" time="0.0"/>
  <testcase name="testAND" classname="javafx.binding.expression.BooleanExpressionTest" time="0.0"/>
  <testcase name="testGetters" classname="javafx.binding.expression.BooleanExpressionTest" time="0.0"/>
  <testcase name="testOR" classname="javafx.binding.expression.BooleanExpressionTest" time="0.0"/>
  <testcase name="testNOT" classname="javafx.binding.expression.BooleanExpressionTest" time="0.0"/>
  <testcase name="testFactory_Null" classname="javafx.binding.expression.BooleanExpressionTest" time="0.0"/>
  <testcase name="testNotEquals" classname="javafx.binding.expression.BooleanExpressionTest" time="0.0"/>
  <testcase name="testFactory" classname="javafx.binding.expression.BooleanExpressionTest" time="0.001"/>
  <testcase name="testAsString" classname="javafx.binding.expression.BooleanExpressionTest" time="0.0"/>
  <testcase name="testObjectToBoolean" classname="javafx.binding.expression.BooleanExpressionTest" time="0.0"/>
  <system-out><![CDATA[]]></system-out>
  <system-err><![CDATA[]]></system-err>
</testsuite>
