<?xml version="1.0" encoding="UTF-8"?>
<testsuite name="com.sun.javafx.collections.NonIterableChangeTest" tests="4" skipped="0" failures="0" errors="0" timestamp="2018-12-24T19:03:12" hostname="DESKTOP-CFPL3NK" time="0.001">
  <properties/>
  <testcase name="testSimpleRemove" classname="com.sun.javafx.collections.NonIterableChangeTest" time="0.0"/>
  <testcase name="testSimpleAdd" classname="com.sun.javafx.collections.NonIterableChangeTest" time="0.0"/>
  <testcase name="testSimpleUpdate" classname="com.sun.javafx.collections.NonIterableChangeTest" time="0.0"/>
  <testcase name="testSimplePermutation" classname="com.sun.javafx.collections.NonIterableChangeTest" time="0.0"/>
  <system-out><![CDATA[]]></system-out>
  <system-err><![CDATA[]]></system-err>
</testsuite>
