<?xml version="1.0" encoding="UTF-8"?>
<testsuite name="javafx.event.EventSerializationTest" tests="3" skipped="0" failures="0" errors="0" timestamp="2018-12-24T19:03:16" hostname="DESKTOP-CFPL3NK" time="0.006">
  <properties/>
  <testcase name="testUnknownEventTypeSerialization" classname="javafx.event.EventSerializationTest" time="0.003"/>
  <testcase name="testNewEventTypeSerialization" classname="javafx.event.EventSerializationTest" time="0.002"/>
  <testcase name="testPreDefinedEventSerialization" classname="javafx.event.EventSerializationTest" time="0.001"/>
  <system-out><![CDATA[]]></system-out>
  <system-err><![CDATA[]]></system-err>
</testsuite>
