<?xml version="1.0" encoding="UTF-8"?>
<testsuite name="javafx.beans.property.adapter.JavaBeanDoublePropertyTest" tests="11" skipped="0" failures="0" errors="0" timestamp="2018-12-24T19:03:12" hostname="DESKTOP-CFPL3NK" time="0.015">
  <properties/>
  <testcase name="testInvalidationListener" classname="javafx.beans.property.adapter.JavaBeanDoublePropertyTest" time="0.007"/>
  <testcase name="testChangeListener" classname="javafx.beans.property.adapter.JavaBeanDoublePropertyTest" time="0.001"/>
  <testcase name="testGet_Exception" classname="javafx.beans.property.adapter.JavaBeanDoublePropertyTest" time="0.0"/>
  <testcase name="testSetup_WithNull" classname="javafx.beans.property.adapter.JavaBeanDoublePropertyTest" time="0.001"/>
  <testcase name="testSet_Exception" classname="javafx.beans.property.adapter.JavaBeanDoublePropertyTest" time="0.0"/>
  <testcase name="testBindWithNull" classname="javafx.beans.property.adapter.JavaBeanDoublePropertyTest" time="0.0"/>
  <testcase name="testBinding" classname="javafx.beans.property.adapter.JavaBeanDoublePropertyTest" time="0.0"/>
  <testcase name="testSet_Bound" classname="javafx.beans.property.adapter.JavaBeanDoublePropertyTest" time="0.001"/>
  <testcase name="testGetAndSet" classname="javafx.beans.property.adapter.JavaBeanDoublePropertyTest" time="0.001"/>
  <testcase name="testDispose" classname="javafx.beans.property.adapter.JavaBeanDoublePropertyTest" time="0.0"/>
  <testcase name="testContext" classname="javafx.beans.property.adapter.JavaBeanDoublePropertyTest" time="0.0"/>
  <system-out><![CDATA[]]></system-out>
  <system-err><![CDATA[]]></system-err>
</testsuite>
