<?xml version="1.0" encoding="UTF-8"?>
<testsuite name="javafx.binding.expression.AbstractNumberExpressionTest" tests="12" skipped="2" failures="0" errors="0" timestamp="2018-12-24T19:03:14" hostname="DESKTOP-CFPL3NK" time="0.003">
  <properties/>
  <testcase name="testEquals" classname="javafx.binding.expression.AbstractNumberExpressionTest" time="0.0"/>
  <testcase name="testLesser" classname="javafx.binding.expression.AbstractNumberExpressionTest" time="0.0"/>
  <testcase name="testArithmetic" classname="javafx.binding.expression.AbstractNumberExpressionTest" time="0.0"/>
  <testcase name="testFactory_Null" classname="javafx.binding.expression.AbstractNumberExpressionTest" time="0.0"/>
  <testcase name="testGreater" classname="javafx.binding.expression.AbstractNumberExpressionTest" time="0.0"/>
  <testcase name="testNotEquals" classname="javafx.binding.expression.AbstractNumberExpressionTest" time="0.0"/>
  <testcase name="testAsString" classname="javafx.binding.expression.AbstractNumberExpressionTest" time="0.0"/>
  <testcase name="testLesserOrEqual" classname="javafx.binding.expression.AbstractNumberExpressionTest" time="0.001"/>
  <testcase name="testAsString_Format" classname="javafx.binding.expression.AbstractNumberExpressionTest" time="0.0">
    <skipped/>
  </testcase>
  <testcase name="testAsString_LocaleFormat" classname="javafx.binding.expression.AbstractNumberExpressionTest" time="0.0">
    <skipped/>
  </testcase>
  <testcase name="testFactory_UnknownClass" classname="javafx.binding.expression.AbstractNumberExpressionTest" time="0.001"/>
  <testcase name="testGreaterOrEqual" classname="javafx.binding.expression.AbstractNumberExpressionTest" time="0.0"/>
  <system-out><![CDATA[]]></system-out>
  <system-err><![CDATA[]]></system-err>
</testsuite>
