<?xml version="1.0" encoding="UTF-8"?>
<testsuite name="javafx.beans.value.WeakChangeListenerTest" tests="2" skipped="0" failures="0" errors="0" timestamp="2018-12-24T19:03:13" hostname="DESKTOP-CFPL3NK" time="0.029">
  <properties/>
  <testcase name="testHandle" classname="javafx.beans.value.WeakChangeListenerTest" time="0.029"/>
  <testcase name="testConstructWithNull" classname="javafx.beans.value.WeakChangeListenerTest" time="0.0"/>
  <system-out><![CDATA[]]></system-out>
  <system-err><![CDATA[]]></system-err>
</testsuite>
