<?xml version="1.0" encoding="UTF-8"?>
<testsuite name="javafx.binding.expression.ObjectExpressionTest" tests="8" skipped="0" failures="0" errors="0" timestamp="2018-12-24T19:03:14" hostname="DESKTOP-CFPL3NK" time="0.003">
  <properties/>
  <testcase name="testEquals" classname="javafx.binding.expression.ObjectExpressionTest" time="0.0"/>
  <testcase name="testIsNull" classname="javafx.binding.expression.ObjectExpressionTest" time="0.0"/>
  <testcase name="testIsNotNull" classname="javafx.binding.expression.ObjectExpressionTest" time="0.0"/>
  <testcase name="testFactory_Null" classname="javafx.binding.expression.ObjectExpressionTest" time="0.0"/>
  <testcase name="testNotEquals" classname="javafx.binding.expression.ObjectExpressionTest" time="0.0"/>
  <testcase name="testFactory" classname="javafx.binding.expression.ObjectExpressionTest" time="0.0"/>
  <testcase name="testAsString" classname="javafx.binding.expression.ObjectExpressionTest" time="0.0"/>
  <testcase name="testAsString_Format" classname="javafx.binding.expression.ObjectExpressionTest" time="0.001"/>
  <system-out><![CDATA[]]></system-out>
  <system-err><![CDATA[]]></system-err>
</testsuite>
