<?xml version="1.0" encoding="UTF-8"?>
<testsuite name="javafx.binding.BindingsSetTest" tests="6" skipped="0" failures="0" errors="0" timestamp="2018-12-24T19:03:14" hostname="DESKTOP-CFPL3NK" time="0.003">
  <properties/>
  <testcase name="testSize" classname="javafx.binding.BindingsSetTest" time="0.001"/>
  <testcase name="testSize_Null" classname="javafx.binding.BindingsSetTest" time="0.0"/>
  <testcase name="testIsNotEmpty" classname="javafx.binding.BindingsSetTest" time="0.0"/>
  <testcase name="testIsEmpty" classname="javafx.binding.BindingsSetTest" time="0.0"/>
  <testcase name="testIsEmpty_Null" classname="javafx.binding.BindingsSetTest" time="0.001"/>
  <testcase name="testIsNotEmpty_Null" classname="javafx.binding.BindingsSetTest" time="0.0"/>
  <system-out><![CDATA[]]></system-out>
  <system-err><![CDATA[]]></system-err>
</testsuite>
