<?xml version="1.0" encoding="UTF-8"?>
<testsuite name="javafx.collections.ObservableArrayTest" tests="588" skipped="2" failures="0" errors="0" timestamp="2018-12-24T19:03:15" hostname="DESKTOP-CFPL3NK" time="0.204">
  <properties/>
  <testcase name="testResizeToSameSize[0]" classname="javafx.collections.ObservableArrayTest" time="0.002"/>
  <testcase name="testAddListenerTwice[0]" classname="javafx.collections.ObservableArrayTest" time="0.0">
    <skipped/>
  </testcase>
  <testcase name="testAddThreeListenersSizeChange[0]" classname="javafx.collections.ObservableArrayTest" time="0.001"/>
  <testcase name="testAddTwoListenersSizeChange[0]" classname="javafx.collections.ObservableArrayTest" time="0.0"/>
  <testcase name="testResizeOnEmpty[0]" classname="javafx.collections.ObservableArrayTest" time="0.0"/>
  <testcase name="testSetAllABigger[0]" classname="javafx.collections.ObservableArrayTest" time="0.0"/>
  <testcase name="testSetAllAOnSameSize[0]" classname="javafx.collections.ObservableArrayTest" time="0.0"/>
  <testcase name="testAddRemoveListener[0]" classname="javafx.collections.ObservableArrayTest" time="0.0"/>
  <testcase name="testResizeOnEmptyToEmpty[0]" classname="javafx.collections.ObservableArrayTest" time="0.0"/>
  <testcase name="testAddThreeListeners[0]" classname="javafx.collections.ObservableArrayTest" time="0.001"/>
  <testcase name="testAddNullInvalidationListener[0]" classname="javafx.collections.ObservableArrayTest" time="0.0"/>
  <testcase name="testResizeToBigger[0]" classname="javafx.collections.ObservableArrayTest" time="0.0"/>
  <testcase name="testAddNullArrayChangeListener[0]" classname="javafx.collections.ObservableArrayTest" time="0.0"/>
  <testcase name="testResizeToNegative[0]" classname="javafx.collections.ObservableArrayTest" time="0.0"/>
  <testcase name="testSetAllASmaller[0]" classname="javafx.collections.ObservableArrayTest" time="0.0"/>
  <testcase name="testSetAllAOnEmpty[0]" classname="javafx.collections.ObservableArrayTest" time="0.001"/>
  <testcase name="testAddTwoListenersElementChange[0]" classname="javafx.collections.ObservableArrayTest" time="0.0"/>
  <testcase name="testRemoveListenerTwice[0]" classname="javafx.collections.ObservableArrayTest" time="0.0"/>
  <testcase name="testResizeToSmaller[0]" classname="javafx.collections.ObservableArrayTest" time="0.001"/>
  <testcase name="testSetAllTRange4[0]" classname="javafx.collections.ObservableArrayTest" time="0.0"/>
  <testcase name="testSetAllTRangeSelfBeginning[0]" classname="javafx.collections.ObservableArrayTest" time="0.0"/>
  <testcase name="testAddAllARange2[0]" classname="javafx.collections.ObservableArrayTest" time="0.0"/>
  <testcase name="testAddAllARange3[0]" classname="javafx.collections.ObservableArrayTest" time="0.0"/>
  <testcase name="testAddAllARangeNegative4[0]" classname="javafx.collections.ObservableArrayTest" time="0.0"/>
  <testcase name="testAddAllTManyPoints[0]" classname="javafx.collections.ObservableArrayTest" time="0.022"/>
  <testcase name="testSetAllTRangeToNull[0]" classname="javafx.collections.ObservableArrayTest" time="0.0"/>
  <testcase name="testAddAllAOnEmpty1[0]" classname="javafx.collections.ObservableArrayTest" time="0.001"/>
  <testcase name="testSetAllTRangeOnEmptyToEmpty[0]" classname="javafx.collections.ObservableArrayTest" time="0.0"/>
  <testcase name="testSetAllTRangeNegative4[0]" classname="javafx.collections.ObservableArrayTest" time="0.0"/>
  <testcase name="testAddAllTRange1[0]" classname="javafx.collections.ObservableArrayTest" time="0.001"/>
  <testcase name="testSetAllTRange8[0]" classname="javafx.collections.ObservableArrayTest" time="0.0"/>
  <testcase name="testAddAllTRange2[0]" classname="javafx.collections.ObservableArrayTest" time="0.0"/>
  <testcase name="testAddAllTRange3[0]" classname="javafx.collections.ObservableArrayTest" time="0.0"/>
  <testcase name="testAddAllTRange4[0]" classname="javafx.collections.ObservableArrayTest" time="0.0"/>
  <testcase name="testSetAllARangeNegative2[0]" classname="javafx.collections.ObservableArrayTest" time="0.0"/>
  <testcase name="testAddAllTRange5[0]" classname="javafx.collections.ObservableArrayTest" time="0.001"/>
  <testcase name="testSetAllTRange3[0]" classname="javafx.collections.ObservableArrayTest" time="0.0"/>
  <testcase name="testAddAllAOnEmpty0[0]" classname="javafx.collections.ObservableArrayTest" time="0.0"/>
  <testcase name="testAddAllTRange6[0]" classname="javafx.collections.ObservableArrayTest" time="0.0"/>
  <testcase name="testSetAllARangeNegative4[0]" classname="javafx.collections.ObservableArrayTest" time="0.0"/>
  <testcase name="testSetAllTRange5[0]" classname="javafx.collections.ObservableArrayTest" time="0.0"/>
  <testcase name="testSetAllTRange1[0]" classname="javafx.collections.ObservableArrayTest" time="0.0"/>
  <testcase name="testSetAllTRangeSelfNegative2[0]" classname="javafx.collections.ObservableArrayTest" time="0.001"/>
  <testcase name="testAddAllASameSize[0]" classname="javafx.collections.ObservableArrayTest" time="0.0"/>
  <testcase name="testAddAllTSameSize[0]" classname="javafx.collections.ObservableArrayTest" time="0.0"/>
  <testcase name="testAddAllTOnEmptyBig[0]" classname="javafx.collections.ObservableArrayTest" time="0.001"/>
  <testcase name="testAddAllARange7[0]" classname="javafx.collections.ObservableArrayTest" time="0.0"/>
  <testcase name="testAddAllTOnEmpty1[0]" classname="javafx.collections.ObservableArrayTest" time="0.0"/>
  <testcase name="testSetAllTRangeNegative3[0]" classname="javafx.collections.ObservableArrayTest" time="0.0"/>
  <testcase name="testSetAllTRangeSelfNegative4[0]" classname="javafx.collections.ObservableArrayTest" time="0.0"/>
  <testcase name="testSetAllTRangeOnEmpty[0]" classname="javafx.collections.ObservableArrayTest" time="0.0"/>
  <testcase name="testSetAllTRangeSelfMiddle[0]" classname="javafx.collections.ObservableArrayTest" time="0.0"/>
  <testcase name="testAddAllTOnEmpty0[0]" classname="javafx.collections.ObservableArrayTest" time="0.0"/>
  <testcase name="testAddAllTSelfEmpty[0]" classname="javafx.collections.ObservableArrayTest" time="0.0"/>
  <testcase name="testAddAllARange1[0]" classname="javafx.collections.ObservableArrayTest" time="0.001"/>
  <testcase name="testAddAllARange8[0]" classname="javafx.collections.ObservableArrayTest" time="0.0"/>
  <testcase name="testSetAllTRangeSelf[0]" classname="javafx.collections.ObservableArrayTest" time="0.0"/>
  <testcase name="testAddAllARangeOnEmpty1[0]" classname="javafx.collections.ObservableArrayTest" time="0.0"/>
  <testcase name="testSetAllTRangeNegative2[0]" classname="javafx.collections.ObservableArrayTest" time="0.001"/>
  <testcase name="testAddAllARangeOnEmpty2[0]" classname="javafx.collections.ObservableArrayTest" time="0.0"/>
  <testcase name="testAddAllARangeOnEmpty3[0]" classname="javafx.collections.ObservableArrayTest" time="0.0"/>
  <testcase name="testSetAllTRangeSelfTrailing[0]" classname="javafx.collections.ObservableArrayTest" time="0.0"/>
  <testcase name="testAddAllAManyPoints[0]" classname="javafx.collections.ObservableArrayTest" time="0.012"/>
  <testcase name="testSetAllTRangeNegative1[0]" classname="javafx.collections.ObservableArrayTest" time="0.001"/>
  <testcase name="testAddAllAOnEmptySameSize[0]" classname="javafx.collections.ObservableArrayTest" time="0.0"/>
  <testcase name="testSetAllARangeNegative1[0]" classname="javafx.collections.ObservableArrayTest" time="0.0"/>
  <testcase name="testSetAllTRange7[0]" classname="javafx.collections.ObservableArrayTest" time="0.0"/>
  <testcase name="testAddAllARangeNull[0]" classname="javafx.collections.ObservableArrayTest" time="0.0"/>
  <testcase name="testAddAllARangeNegative2[0]" classname="javafx.collections.ObservableArrayTest" time="0.0"/>
  <testcase name="testSetAllTRangeSelfNegative1[0]" classname="javafx.collections.ObservableArrayTest" time="0.001"/>
  <testcase name="testAddAllTOnEmptySameSize[0]" classname="javafx.collections.ObservableArrayTest" time="0.0"/>
  <testcase name="testAddAllARange4[0]" classname="javafx.collections.ObservableArrayTest" time="0.0"/>
  <testcase name="testSetAllTRange6[0]" classname="javafx.collections.ObservableArrayTest" time="0.0"/>
  <testcase name="testAddAllARange5[0]" classname="javafx.collections.ObservableArrayTest" time="0.0"/>
  <testcase name="testAddAllAOnEmptyBig[0]" classname="javafx.collections.ObservableArrayTest" time="0.0"/>
  <testcase name="testAddAllARange6[0]" classname="javafx.collections.ObservableArrayTest" time="0.0"/>
  <testcase name="testAddAllARangeNegative3[0]" classname="javafx.collections.ObservableArrayTest" time="0.0"/>
  <testcase name="testSetAllTRangeSelfEmpty[0]" classname="javafx.collections.ObservableArrayTest" time="0.0"/>
  <testcase name="testSetAllARangeToNull[0]" classname="javafx.collections.ObservableArrayTest" time="0.0"/>
  <testcase name="testSetAllTRangeSelfNegative3[0]" classname="javafx.collections.ObservableArrayTest" time="0.0"/>
  <testcase name="testAddAllARangeNegative1[0]" classname="javafx.collections.ObservableArrayTest" time="0.0"/>
  <testcase name="testSetAllARangeNegative3[0]" classname="javafx.collections.ObservableArrayTest" time="0.0"/>
  <testcase name="testSetAllTRange2[0]" classname="javafx.collections.ObservableArrayTest" time="0.0"/>
  <testcase name="testSetAllARangeOnEmpty[0]" classname="javafx.collections.ObservableArrayTest" time="0.0"/>
  <testcase name="testSetAllTBigger[0]" classname="javafx.collections.ObservableArrayTest" time="0.001"/>
  <testcase name="testSetAllARangeOnEmptyToEmpty[0]" classname="javafx.collections.ObservableArrayTest" time="0.0"/>
  <testcase name="testSetAllARange5[0]" classname="javafx.collections.ObservableArrayTest" time="0.0"/>
  <testcase name="testSetAllTOnEmptyToEmpty[0]" classname="javafx.collections.ObservableArrayTest" time="0.0"/>
  <testcase name="testSetAllARange1[0]" classname="javafx.collections.ObservableArrayTest" time="0.0"/>
  <testcase name="testSetAllARange7[0]" classname="javafx.collections.ObservableArrayTest" time="0.0"/>
  <testcase name="testSetAllTSmaller[0]" classname="javafx.collections.ObservableArrayTest" time="0.0"/>
  <testcase name="testSetAllAToNull[0]" classname="javafx.collections.ObservableArrayTest" time="0.0"/>
  <testcase name="testSetAllAOnEmptyToEmpty[0]" classname="javafx.collections.ObservableArrayTest" time="0.0"/>
  <testcase name="testSetAllTOnSameSize[0]" classname="javafx.collections.ObservableArrayTest" time="0.0"/>
  <testcase name="testSetAllTOnEmpty[0]" classname="javafx.collections.ObservableArrayTest" time="0.0"/>
  <testcase name="testSetAllARange2[0]" classname="javafx.collections.ObservableArrayTest" time="0.0"/>
  <testcase name="testSetAllTToNull[0]" classname="javafx.collections.ObservableArrayTest" time="0.0"/>
  <testcase name="testSetAllTSelfEmpty[0]" classname="javafx.collections.ObservableArrayTest" time="0.0"/>
  <testcase name="testSetAllARange4[0]" classname="javafx.collections.ObservableArrayTest" time="0.0"/>
  <testcase name="testSetAllARange6[0]" classname="javafx.collections.ObservableArrayTest" time="0.0"/>
  <testcase name="testSetAllARange8[0]" classname="javafx.collections.ObservableArrayTest" time="0.0"/>
  <testcase name="testSetAllARange3[0]" classname="javafx.collections.ObservableArrayTest" time="0.0"/>
  <testcase name="testCopyToTSelfNegativeAfterEnsureCapacity[0]" classname="javafx.collections.ObservableArrayTest" time="0.0"/>
  <testcase name="testCopyToTSelfNegativeAfterClear[0]" classname="javafx.collections.ObservableArrayTest" time="0.0"/>
  <testcase name="testRemoveNullArrayChangeListener[0]" classname="javafx.collections.ObservableArrayTest" time="0.0"/>
  <testcase name="testSetAllTRangeSelfNegativeAfterClear[0]" classname="javafx.collections.ObservableArrayTest" time="0.0"/>
  <testcase name="testSetTRangeNegativeAfterEnsureCapacity[0]" classname="javafx.collections.ObservableArrayTest" time="0.0"/>
  <testcase name="testToArrayRangeNegativeAfterEnsureCapacity[0]" classname="javafx.collections.ObservableArrayTest" time="0.0"/>
  <testcase name="testAddAllTRangeSelfNegativeAfterEnsureCapacity[0]" classname="javafx.collections.ObservableArrayTest" time="0.0"/>
  <testcase name="testSetARangeNegativeAfterEnsureCapacity[0]" classname="javafx.collections.ObservableArrayTest" time="0.001"/>
  <testcase name="testAddAllTRangeNegativeAfterSrcClear[0]" classname="javafx.collections.ObservableArrayTest" time="0.0"/>
  <testcase name="testSetTRangeSelfRightDifferentParts[0]" classname="javafx.collections.ObservableArrayTest" time="0.0"/>
  <testcase name="testCopyToTNegativeAfterEnsureCapacity[0]" classname="javafx.collections.ObservableArrayTest" time="0.0"/>
  <testcase name="testCopyToTSelfLeftDifferentParts[0]" classname="javafx.collections.ObservableArrayTest" time="0.0"/>
  <testcase name="testCopyToTNegativeAfterDestEnsureCapacity[0]" classname="javafx.collections.ObservableArrayTest" time="0.0"/>
  <testcase name="testSetAllTRangeNegativeAfterSrcClear[0]" classname="javafx.collections.ObservableArrayTest" time="0.0"/>
  <testcase name="testCopyToTNegativeAfterDestClear[0]" classname="javafx.collections.ObservableArrayTest" time="0.0"/>
  <testcase name="testSetTRangeNegativeAfterSrcClear[0]" classname="javafx.collections.ObservableArrayTest" time="0.0"/>
  <testcase name="testAddAllTRangeSelfNegativeAfterClear[0]" classname="javafx.collections.ObservableArrayTest" time="0.0"/>
  <testcase name="testSetTRangeSelfNegativeAfterClear[0]" classname="javafx.collections.ObservableArrayTest" time="0.0"/>
  <testcase name="testSetTRangeSelfNegativeAfterEnsureCapacity[0]" classname="javafx.collections.ObservableArrayTest" time="0.001"/>
  <testcase name="testSetValueNegativeAfterEnsureCapacity[0]" classname="javafx.collections.ObservableArrayTest" time="0.0"/>
  <testcase name="testCopyToTSelfRightDifferentParts[0]" classname="javafx.collections.ObservableArrayTest" time="0.0"/>
  <testcase name="testToArrayRangeNegativeAfterClear[0]" classname="javafx.collections.ObservableArrayTest" time="0.0"/>
  <testcase name="testAddAllTRangeNegativeAfterSrcEnsureCapacity[0]" classname="javafx.collections.ObservableArrayTest" time="0.0"/>
  <testcase name="testEnsureCapacityOnEmptyNegative[0]" classname="javafx.collections.ObservableArrayTest" time="0.0"/>
  <testcase name="testCopyToANegativeAfterEnsureCapacity[0]" classname="javafx.collections.ObservableArrayTest" time="0.0"/>
  <testcase name="testSetAllTRangeNegativeAfterSrcEnsureCapacity[0]" classname="javafx.collections.ObservableArrayTest" time="0.0"/>
  <testcase name="testSetAllTRangeSelfNegativeAfterEnsureCapacity[0]" classname="javafx.collections.ObservableArrayTest" time="0.0"/>
  <testcase name="testRemoveNullInvalidationListener[0]" classname="javafx.collections.ObservableArrayTest" time="0.0"/>
  <testcase name="testSetTRangeNegativeAfterSrcEnsureCapacity[0]" classname="javafx.collections.ObservableArrayTest" time="0.0"/>
  <testcase name="testSetTRangeSelfLeftDifferentParts[0]" classname="javafx.collections.ObservableArrayTest" time="0.0"/>
  <testcase name="testToString[0]" classname="javafx.collections.ObservableArrayTest" time="0.001"/>
  <testcase name="testSize[0]" classname="javafx.collections.ObservableArrayTest" time="0.0"/>
  <testcase name="testResizeTo0[0]" classname="javafx.collections.ObservableArrayTest" time="0.0"/>
  <testcase name="testSetAllTSelf[0]" classname="javafx.collections.ObservableArrayTest" time="0.0"/>
  <testcase name="testAddAllA0[0]" classname="javafx.collections.ObservableArrayTest" time="0.0"/>
  <testcase name="testAddAllA1[0]" classname="javafx.collections.ObservableArrayTest" time="0.0"/>
  <testcase name="testAddAllT3[0]" classname="javafx.collections.ObservableArrayTest" time="0.0"/>
  <testcase name="testAddAllANull[0]" classname="javafx.collections.ObservableArrayTest" time="0.0"/>
  <testcase name="testAddAllABig[0]" classname="javafx.collections.ObservableArrayTest" time="0.0"/>
  <testcase name="testAddAllA3[0]" classname="javafx.collections.ObservableArrayTest" time="0.0"/>
  <testcase name="testAddAllT1[0]" classname="javafx.collections.ObservableArrayTest" time="0.0"/>
  <testcase name="testAddAllTSelf[0]" classname="javafx.collections.ObservableArrayTest" time="0.0"/>
  <testcase name="testSetARange1[0]" classname="javafx.collections.ObservableArrayTest" time="0.0"/>
  <testcase name="testAddAllTNull[0]" classname="javafx.collections.ObservableArrayTest" time="0.001"/>
  <testcase name="testAddAllTBig[0]" classname="javafx.collections.ObservableArrayTest" time="0.0"/>
  <testcase name="testAddAllT0[0]" classname="javafx.collections.ObservableArrayTest" time="0.0"/>
  <testcase name="testSetARange2[0]" classname="javafx.collections.ObservableArrayTest" time="0.0"/>
  <testcase name="testSetARange3[0]" classname="javafx.collections.ObservableArrayTest" time="0.0"/>
  <testcase name="testSetARange4[0]" classname="javafx.collections.ObservableArrayTest" time="0.0"/>
  <testcase name="testGet[0]" classname="javafx.collections.ObservableArrayTest" time="0.001"/>
  <testcase name="testToArray[0]" classname="javafx.collections.ObservableArrayTest" time="0.0"/>
  <testcase name="testClear[0]" classname="javafx.collections.ObservableArrayTest" time="0.0"/>
  <testcase name="testGetNegative[0]" classname="javafx.collections.ObservableArrayTest" time="0.0"/>
  <testcase name="testCopyToA0[0]" classname="javafx.collections.ObservableArrayTest" time="0.0"/>
  <testcase name="testCopyToA2[0]" classname="javafx.collections.ObservableArrayTest" time="0.0"/>
  <testcase name="testCopyToT3[0]" classname="javafx.collections.ObservableArrayTest" time="0.0"/>
  <testcase name="testCopyToT7[0]" classname="javafx.collections.ObservableArrayTest" time="0.0"/>
  <testcase name="testCopyToA4[0]" classname="javafx.collections.ObservableArrayTest" time="0.0"/>
  <testcase name="testCopyToT2[0]" classname="javafx.collections.ObservableArrayTest" time="0.0"/>
  <testcase name="testCopyToT0[0]" classname="javafx.collections.ObservableArrayTest" time="0.001"/>
  <testcase name="testClear1000[0]" classname="javafx.collections.ObservableArrayTest" time="0.0"/>
  <testcase name="testSetTRange4[0]" classname="javafx.collections.ObservableArrayTest" time="0.0"/>
  <testcase name="testCopyToA7[0]" classname="javafx.collections.ObservableArrayTest" time="0.001"/>
  <testcase name="testToArrayEmpty[0]" classname="javafx.collections.ObservableArrayTest" time="0.0"/>
  <testcase name="testSetTRange5[0]" classname="javafx.collections.ObservableArrayTest" time="0.0"/>
  <testcase name="testSetARange5[0]" classname="javafx.collections.ObservableArrayTest" time="0.0"/>
  <testcase name="testCopyToA9[0]" classname="javafx.collections.ObservableArrayTest" time="0.0"/>
  <testcase name="testTrimToSize[0]" classname="javafx.collections.ObservableArrayTest" time="0.0"/>
  <testcase name="testCopyToT1[0]" classname="javafx.collections.ObservableArrayTest" time="0.0"/>
  <testcase name="testCopyToT6[0]" classname="javafx.collections.ObservableArrayTest" time="0.0"/>
  <testcase name="testSetTRange2[0]" classname="javafx.collections.ObservableArrayTest" time="0.0"/>
  <testcase name="testCopyToT5[0]" classname="javafx.collections.ObservableArrayTest" time="0.0"/>
  <testcase name="testCopyToA6[0]" classname="javafx.collections.ObservableArrayTest" time="0.0"/>
  <testcase name="testSetTRange1[0]" classname="javafx.collections.ObservableArrayTest" time="0.0"/>
  <testcase name="testCopyToA3[0]" classname="javafx.collections.ObservableArrayTest" time="0.0"/>
  <testcase name="testCopyToA5[0]" classname="javafx.collections.ObservableArrayTest" time="0.0"/>
  <testcase name="testCopyToT9[0]" classname="javafx.collections.ObservableArrayTest" time="0.0"/>
  <testcase name="testCopyToTSelf[0]" classname="javafx.collections.ObservableArrayTest" time="0.001"/>
  <testcase name="testSetValue[0]" classname="javafx.collections.ObservableArrayTest" time="0.0"/>
  <testcase name="testCopyToA1[0]" classname="javafx.collections.ObservableArrayTest" time="0.0"/>
  <testcase name="testSetTRange3[0]" classname="javafx.collections.ObservableArrayTest" time="0.0"/>
  <testcase name="testCopyToA8[0]" classname="javafx.collections.ObservableArrayTest" time="0.0"/>
  <testcase name="testCopyToT4[0]" classname="javafx.collections.ObservableArrayTest" time="0.0"/>
  <testcase name="testClearEmpty[0]" classname="javafx.collections.ObservableArrayTest" time="0.0"/>
  <testcase name="testCopyToT8[0]" classname="javafx.collections.ObservableArrayTest" time="0.0"/>
  <testcase name="testAddAllTRangeSelfNegative1[0]" classname="javafx.collections.ObservableArrayTest" time="0.0"/>
  <testcase name="testAddAllTRangeSelfNegative3[0]" classname="javafx.collections.ObservableArrayTest" time="0.0"/>
  <testcase name="testAddAllTRangeNegative4[0]" classname="javafx.collections.ObservableArrayTest" time="0.001"/>
  <testcase name="testSetARangeNegative4[0]" classname="javafx.collections.ObservableArrayTest" time="0.0"/>
  <testcase name="testSetARangeNegativeAfterClear[0]" classname="javafx.collections.ObservableArrayTest" time="0.0"/>
  <testcase name="testSetTRangeSelfNegative5[0]" classname="javafx.collections.ObservableArrayTest" time="0.0"/>
  <testcase name="testSetTRangeNegative5[0]" classname="javafx.collections.ObservableArrayTest" time="0.0"/>
  <testcase name="testAddAllTRangeNegative2[0]" classname="javafx.collections.ObservableArrayTest" time="0.0"/>
  <testcase name="testAddAllTRangeOnEmpty3[0]" classname="javafx.collections.ObservableArrayTest" time="0.0"/>
  <testcase name="testAddAllTRangeOnEmpty1[0]" classname="javafx.collections.ObservableArrayTest" time="0.0"/>
  <testcase name="testAddAllTRangeSelf[0]" classname="javafx.collections.ObservableArrayTest" time="0.001"/>
  <testcase name="testSetTRangeNegative4[0]" classname="javafx.collections.ObservableArrayTest" time="0.0"/>
  <testcase name="testSetTRangeSelfNegative6[0]" classname="javafx.collections.ObservableArrayTest" time="0.0"/>
  <testcase name="testGetAfterEnsureCapacity[0]" classname="javafx.collections.ObservableArrayTest" time="0.0"/>
  <testcase name="testGetAfterClear[0]" classname="javafx.collections.ObservableArrayTest" time="0.0"/>
  <testcase name="testSetARangeNegative1[0]" classname="javafx.collections.ObservableArrayTest" time="0.0"/>
  <testcase name="testSetTRangeSelfNegative4[0]" classname="javafx.collections.ObservableArrayTest" time="0.0"/>
  <testcase name="testSetTRangeNegative2[0]" classname="javafx.collections.ObservableArrayTest" time="0.0"/>
  <testcase name="testSetValueNegative[0]" classname="javafx.collections.ObservableArrayTest" time="0.0"/>
  <testcase name="testSetValueNegativeAfterClear[0]" classname="javafx.collections.ObservableArrayTest" time="0.0"/>
  <testcase name="testToArraySameSize[0]" classname="javafx.collections.ObservableArrayTest" time="0.0"/>
  <testcase name="testToArraySmaller[0]" classname="javafx.collections.ObservableArrayTest" time="0.0"/>
  <testcase name="testSetValueOutOfBounds[0]" classname="javafx.collections.ObservableArrayTest" time="0.0"/>
  <testcase name="testToArrayBigger[0]" classname="javafx.collections.ObservableArrayTest" time="0.0"/>
  <testcase name="testSetTRangeSelfNegative3[0]" classname="javafx.collections.ObservableArrayTest" time="0.0"/>
  <testcase name="testToArrayEmptyToEmpty[0]" classname="javafx.collections.ObservableArrayTest" time="0.0"/>
  <testcase name="testSetTRangeSelfLeft[0]" classname="javafx.collections.ObservableArrayTest" time="0.001"/>
  <testcase name="testAddAllTRangeSelfNegative2[0]" classname="javafx.collections.ObservableArrayTest" time="0.0"/>
  <testcase name="testToArrayRange0[0]" classname="javafx.collections.ObservableArrayTest" time="0.013"/>
  <testcase name="testAddAllTRangeNegative3[0]" classname="javafx.collections.ObservableArrayTest" time="0.001"/>
  <testcase name="testSetTRangeSelfRight[0]" classname="javafx.collections.ObservableArrayTest" time="0.0"/>
  <testcase name="testToArrayRange1[0]" classname="javafx.collections.ObservableArrayTest" time="0.0"/>
  <testcase name="testSetTRangeNegative7[0]" classname="javafx.collections.ObservableArrayTest" time="0.0"/>
  <testcase name="testAddAllTRangeNegative1[0]" classname="javafx.collections.ObservableArrayTest" time="0.0"/>
  <testcase name="testAddAllTRange8[0]" classname="javafx.collections.ObservableArrayTest" time="0.0"/>
  <testcase name="testToArrayRange2[0]" classname="javafx.collections.ObservableArrayTest" time="0.0"/>
  <testcase name="testToArrayRange3[0]" classname="javafx.collections.ObservableArrayTest" time="0.0"/>
  <testcase name="testToArrayRange5[0]" classname="javafx.collections.ObservableArrayTest" time="0.0"/>
  <testcase name="testSetTRangeNegative1[0]" classname="javafx.collections.ObservableArrayTest" time="0.001"/>
  <testcase name="testGetOutOfBounds[0]" classname="javafx.collections.ObservableArrayTest" time="0.0"/>
  <testcase name="testToArrayRange4[0]" classname="javafx.collections.ObservableArrayTest" time="0.0"/>
  <testcase name="testSetTRangeSelfNegative1[0]" classname="javafx.collections.ObservableArrayTest" time="0.001"/>
  <testcase name="testToArrayRange6[0]" classname="javafx.collections.ObservableArrayTest" time="0.0"/>
  <testcase name="testSetTRangeNegativeAfterClear[0]" classname="javafx.collections.ObservableArrayTest" time="0.0"/>
  <testcase name="testToArrayRange7[0]" classname="javafx.collections.ObservableArrayTest" time="0.0"/>
  <testcase name="testToArrayRange9[0]" classname="javafx.collections.ObservableArrayTest" time="0.0"/>
  <testcase name="testToArrayRange8[0]" classname="javafx.collections.ObservableArrayTest" time="0.0"/>
  <testcase name="testSetARangeNegative2[0]" classname="javafx.collections.ObservableArrayTest" time="0.0"/>
  <testcase name="testToArrayRangeNegative1[0]" classname="javafx.collections.ObservableArrayTest" time="0.0"/>
  <testcase name="testSetTRangeSelf[0]" classname="javafx.collections.ObservableArrayTest" time="0.0"/>
  <testcase name="testAddAllTRangeSelfBeginning[0]" classname="javafx.collections.ObservableArrayTest" time="0.0"/>
  <testcase name="testAddAllTRangeSelfMiddle[0]" classname="javafx.collections.ObservableArrayTest" time="0.0"/>
  <testcase name="testSetARangeNegative5[0]" classname="javafx.collections.ObservableArrayTest" time="0.0"/>
  <testcase name="testSetARangeNegative6[0]" classname="javafx.collections.ObservableArrayTest" time="0.001"/>
  <testcase name="testAddAllTRangeNull[0]" classname="javafx.collections.ObservableArrayTest" time="0.0"/>
  <testcase name="testSetARangeNegative7[0]" classname="javafx.collections.ObservableArrayTest" time="0.0"/>
  <testcase name="testSetTRangeNegative3[0]" classname="javafx.collections.ObservableArrayTest" time="0.0"/>
  <testcase name="testAddAllTRangeSelfNegative4[0]" classname="javafx.collections.ObservableArrayTest" time="0.0"/>
  <testcase name="testSetTRangeNegative6[0]" classname="javafx.collections.ObservableArrayTest" time="0.0"/>
  <testcase name="testSetARangeNegative3[0]" classname="javafx.collections.ObservableArrayTest" time="0.0"/>
  <testcase name="testAddAllTRangeSelfTrailing[0]" classname="javafx.collections.ObservableArrayTest" time="0.0"/>
  <testcase name="testAddAllTRangeOnEmpty2[0]" classname="javafx.collections.ObservableArrayTest" time="0.0"/>
  <testcase name="testSetTRangeSelfNegative2[0]" classname="javafx.collections.ObservableArrayTest" time="0.001"/>
  <testcase name="testAddAllTRange7[0]" classname="javafx.collections.ObservableArrayTest" time="0.0"/>
  <testcase name="testCopyToTNegative1[0]" classname="javafx.collections.ObservableArrayTest" time="0.0"/>
  <testcase name="testCopyToTNegative2[0]" classname="javafx.collections.ObservableArrayTest" time="0.0"/>
  <testcase name="testCopyToTNegative3[0]" classname="javafx.collections.ObservableArrayTest" time="0.0"/>
  <testcase name="testCopyToANegative3[0]" classname="javafx.collections.ObservableArrayTest" time="0.001"/>
  <testcase name="testCopyToANegative5[0]" classname="javafx.collections.ObservableArrayTest" time="0.0"/>
  <testcase name="testCopyToANegative2[0]" classname="javafx.collections.ObservableArrayTest" time="0.0"/>
  <testcase name="testToArrayRangeNegative5[0]" classname="javafx.collections.ObservableArrayTest" time="0.0"/>
  <testcase name="testCopyToANegative4[0]" classname="javafx.collections.ObservableArrayTest" time="0.0"/>
  <testcase name="testCopyToANegativeAfterClear[0]" classname="javafx.collections.ObservableArrayTest" time="0.0"/>
  <testcase name="testToArrayRangeNegative2[0]" classname="javafx.collections.ObservableArrayTest" time="0.0"/>
  <testcase name="testCopyToANegative6[0]" classname="javafx.collections.ObservableArrayTest" time="0.001"/>
  <testcase name="testCopyToTNegative4[0]" classname="javafx.collections.ObservableArrayTest" time="0.0"/>
  <testcase name="testToArrayRangeNegative3[0]" classname="javafx.collections.ObservableArrayTest" time="0.0"/>
  <testcase name="testCopyToANegative1[0]" classname="javafx.collections.ObservableArrayTest" time="0.0"/>
  <testcase name="testCopyToTNegative5[0]" classname="javafx.collections.ObservableArrayTest" time="0.0"/>
  <testcase name="testCopyToTNegative6[0]" classname="javafx.collections.ObservableArrayTest" time="0.0"/>
  <testcase name="testCopyToTNegative7[0]" classname="javafx.collections.ObservableArrayTest" time="0.0"/>
  <testcase name="testCopyToANegative8[0]" classname="javafx.collections.ObservableArrayTest" time="0.0"/>
  <testcase name="testCopyToANegative7[0]" classname="javafx.collections.ObservableArrayTest" time="0.0"/>
  <testcase name="testCopyToTSelfNegative2[0]" classname="javafx.collections.ObservableArrayTest" time="0.0"/>
  <testcase name="testCopyToTSelfNegative3[0]" classname="javafx.collections.ObservableArrayTest" time="0.001"/>
  <testcase name="testTrimToSizeEnsureCapacity[0]" classname="javafx.collections.ObservableArrayTest" time="0.0"/>
  <testcase name="testCopyToTNegative8[0]" classname="javafx.collections.ObservableArrayTest" time="0.0"/>
  <testcase name="testCopyToTSelfRight[0]" classname="javafx.collections.ObservableArrayTest" time="0.0"/>
  <testcase name="testTrimToSizeEmpty[0]" classname="javafx.collections.ObservableArrayTest" time="0.0"/>
  <testcase name="testCopyToTSelfLeft[0]" classname="javafx.collections.ObservableArrayTest" time="0.0"/>
  <testcase name="testCopyToTSelfNegative4[0]" classname="javafx.collections.ObservableArrayTest" time="0.0"/>
  <testcase name="testTrimToSizeAddRemove[0]" classname="javafx.collections.ObservableArrayTest" time="0.0"/>
  <testcase name="testEnsureCapacityBy1[0]" classname="javafx.collections.ObservableArrayTest" time="0.0"/>
  <testcase name="testCopyToTSelfNegative1[0]" classname="javafx.collections.ObservableArrayTest" time="0.0"/>
  <testcase name="testTrimToSizeResize[0]" classname="javafx.collections.ObservableArrayTest" time="0.0"/>
  <testcase name="testToStringAfterResize[0]" classname="javafx.collections.ObservableArrayTest" time="0.0"/>
  <testcase name="testEnsureCapacity0[0]" classname="javafx.collections.ObservableArrayTest" time="0.0"/>
  <testcase name="testEnsureCapacityNegative[0]" classname="javafx.collections.ObservableArrayTest" time="0.0"/>
  <testcase name="testEnsureCapacitySmaller[0]" classname="javafx.collections.ObservableArrayTest" time="0.0"/>
  <testcase name="testEnsureCapacityOnEmpty[0]" classname="javafx.collections.ObservableArrayTest" time="0.0"/>
  <testcase name="testCopyToTSelfNegative7[0]" classname="javafx.collections.ObservableArrayTest" time="0.001"/>
  <testcase name="testCopyToTNegativeAfterClear[0]" classname="javafx.collections.ObservableArrayTest" time="0.0"/>
  <testcase name="testToStringAfterClear[0]" classname="javafx.collections.ObservableArrayTest" time="0.0"/>
  <testcase name="testEnsureCapacity1000[0]" classname="javafx.collections.ObservableArrayTest" time="0.0"/>
  <testcase name="testEnsureCapacityOnEmpty0[0]" classname="javafx.collections.ObservableArrayTest" time="0.0"/>
  <testcase name="testCopyToTSelfNegative5[0]" classname="javafx.collections.ObservableArrayTest" time="0.0"/>
  <testcase name="testCopyToTSelfNegative6[0]" classname="javafx.collections.ObservableArrayTest" time="0.0"/>
  <testcase name="testResizeToSameSize[1]" classname="javafx.collections.ObservableArrayTest" time="0.001"/>
  <testcase name="testAddListenerTwice[1]" classname="javafx.collections.ObservableArrayTest" time="0.0">
    <skipped/>
  </testcase>
  <testcase name="testAddThreeListenersSizeChange[1]" classname="javafx.collections.ObservableArrayTest" time="0.0"/>
  <testcase name="testAddTwoListenersSizeChange[1]" classname="javafx.collections.ObservableArrayTest" time="0.0"/>
  <testcase name="testResizeOnEmpty[1]" classname="javafx.collections.ObservableArrayTest" time="0.0"/>
  <testcase name="testSetAllABigger[1]" classname="javafx.collections.ObservableArrayTest" time="0.0"/>
  <testcase name="testSetAllAOnSameSize[1]" classname="javafx.collections.ObservableArrayTest" time="0.0"/>
  <testcase name="testAddRemoveListener[1]" classname="javafx.collections.ObservableArrayTest" time="0.0"/>
  <testcase name="testResizeOnEmptyToEmpty[1]" classname="javafx.collections.ObservableArrayTest" time="0.0"/>
  <testcase name="testAddThreeListeners[1]" classname="javafx.collections.ObservableArrayTest" time="0.0"/>
  <testcase name="testAddNullInvalidationListener[1]" classname="javafx.collections.ObservableArrayTest" time="0.001"/>
  <testcase name="testResizeToBigger[1]" classname="javafx.collections.ObservableArrayTest" time="0.0"/>
  <testcase name="testAddNullArrayChangeListener[1]" classname="javafx.collections.ObservableArrayTest" time="0.0"/>
  <testcase name="testResizeToNegative[1]" classname="javafx.collections.ObservableArrayTest" time="0.0"/>
  <testcase name="testSetAllASmaller[1]" classname="javafx.collections.ObservableArrayTest" time="0.0"/>
  <testcase name="testSetAllAOnEmpty[1]" classname="javafx.collections.ObservableArrayTest" time="0.0"/>
  <testcase name="testAddTwoListenersElementChange[1]" classname="javafx.collections.ObservableArrayTest" time="0.0"/>
  <testcase name="testRemoveListenerTwice[1]" classname="javafx.collections.ObservableArrayTest" time="0.0"/>
  <testcase name="testResizeToSmaller[1]" classname="javafx.collections.ObservableArrayTest" time="0.0"/>
  <testcase name="testSetAllTRange4[1]" classname="javafx.collections.ObservableArrayTest" time="0.0"/>
  <testcase name="testSetAllTRangeSelfBeginning[1]" classname="javafx.collections.ObservableArrayTest" time="0.0"/>
  <testcase name="testAddAllARange2[1]" classname="javafx.collections.ObservableArrayTest" time="0.0"/>
  <testcase name="testAddAllARange3[1]" classname="javafx.collections.ObservableArrayTest" time="0.0"/>
  <testcase name="testAddAllARangeNegative4[1]" classname="javafx.collections.ObservableArrayTest" time="0.0"/>
  <testcase name="testAddAllTManyPoints[1]" classname="javafx.collections.ObservableArrayTest" time="0.019"/>
  <testcase name="testSetAllTRangeToNull[1]" classname="javafx.collections.ObservableArrayTest" time="0.0"/>
  <testcase name="testAddAllAOnEmpty1[1]" classname="javafx.collections.ObservableArrayTest" time="0.0"/>
  <testcase name="testSetAllTRangeOnEmptyToEmpty[1]" classname="javafx.collections.ObservableArrayTest" time="0.0"/>
  <testcase name="testSetAllTRangeNegative4[1]" classname="javafx.collections.ObservableArrayTest" time="0.0"/>
  <testcase name="testAddAllTRange1[1]" classname="javafx.collections.ObservableArrayTest" time="0.0"/>
  <testcase name="testSetAllTRange8[1]" classname="javafx.collections.ObservableArrayTest" time="0.0"/>
  <testcase name="testAddAllTRange2[1]" classname="javafx.collections.ObservableArrayTest" time="0.0"/>
  <testcase name="testAddAllTRange3[1]" classname="javafx.collections.ObservableArrayTest" time="0.0"/>
  <testcase name="testAddAllTRange4[1]" classname="javafx.collections.ObservableArrayTest" time="0.0"/>
  <testcase name="testSetAllARangeNegative2[1]" classname="javafx.collections.ObservableArrayTest" time="0.0"/>
  <testcase name="testAddAllTRange5[1]" classname="javafx.collections.ObservableArrayTest" time="0.0"/>
  <testcase name="testSetAllTRange3[1]" classname="javafx.collections.ObservableArrayTest" time="0.0"/>
  <testcase name="testAddAllAOnEmpty0[1]" classname="javafx.collections.ObservableArrayTest" time="0.0"/>
  <testcase name="testAddAllTRange6[1]" classname="javafx.collections.ObservableArrayTest" time="0.0"/>
  <testcase name="testSetAllARangeNegative4[1]" classname="javafx.collections.ObservableArrayTest" time="0.0"/>
  <testcase name="testSetAllTRange5[1]" classname="javafx.collections.ObservableArrayTest" time="0.0"/>
  <testcase name="testSetAllTRange1[1]" classname="javafx.collections.ObservableArrayTest" time="0.001"/>
  <testcase name="testSetAllTRangeSelfNegative2[1]" classname="javafx.collections.ObservableArrayTest" time="0.0"/>
  <testcase name="testAddAllASameSize[1]" classname="javafx.collections.ObservableArrayTest" time="0.0"/>
  <testcase name="testAddAllTSameSize[1]" classname="javafx.collections.ObservableArrayTest" time="0.0"/>
  <testcase name="testAddAllTOnEmptyBig[1]" classname="javafx.collections.ObservableArrayTest" time="0.0"/>
  <testcase name="testAddAllARange7[1]" classname="javafx.collections.ObservableArrayTest" time="0.0"/>
  <testcase name="testAddAllTOnEmpty1[1]" classname="javafx.collections.ObservableArrayTest" time="0.0"/>
  <testcase name="testSetAllTRangeNegative3[1]" classname="javafx.collections.ObservableArrayTest" time="0.001"/>
  <testcase name="testSetAllTRangeSelfNegative4[1]" classname="javafx.collections.ObservableArrayTest" time="0.0"/>
  <testcase name="testSetAllTRangeOnEmpty[1]" classname="javafx.collections.ObservableArrayTest" time="0.0"/>
  <testcase name="testSetAllTRangeSelfMiddle[1]" classname="javafx.collections.ObservableArrayTest" time="0.0"/>
  <testcase name="testAddAllTOnEmpty0[1]" classname="javafx.collections.ObservableArrayTest" time="0.0"/>
  <testcase name="testAddAllTSelfEmpty[1]" classname="javafx.collections.ObservableArrayTest" time="0.001"/>
  <testcase name="testAddAllARange1[1]" classname="javafx.collections.ObservableArrayTest" time="0.0"/>
  <testcase name="testAddAllARange8[1]" classname="javafx.collections.ObservableArrayTest" time="0.0"/>
  <testcase name="testSetAllTRangeSelf[1]" classname="javafx.collections.ObservableArrayTest" time="0.0"/>
  <testcase name="testAddAllARangeOnEmpty1[1]" classname="javafx.collections.ObservableArrayTest" time="0.0"/>
  <testcase name="testSetAllTRangeNegative2[1]" classname="javafx.collections.ObservableArrayTest" time="0.0"/>
  <testcase name="testAddAllARangeOnEmpty2[1]" classname="javafx.collections.ObservableArrayTest" time="0.0"/>
  <testcase name="testAddAllARangeOnEmpty3[1]" classname="javafx.collections.ObservableArrayTest" time="0.0"/>
  <testcase name="testSetAllTRangeSelfTrailing[1]" classname="javafx.collections.ObservableArrayTest" time="0.0"/>
  <testcase name="testAddAllAManyPoints[1]" classname="javafx.collections.ObservableArrayTest" time="0.013"/>
  <testcase name="testSetAllTRangeNegative1[1]" classname="javafx.collections.ObservableArrayTest" time="0.0"/>
  <testcase name="testAddAllAOnEmptySameSize[1]" classname="javafx.collections.ObservableArrayTest" time="0.0"/>
  <testcase name="testSetAllARangeNegative1[1]" classname="javafx.collections.ObservableArrayTest" time="0.0"/>
  <testcase name="testSetAllTRange7[1]" classname="javafx.collections.ObservableArrayTest" time="0.0"/>
  <testcase name="testAddAllARangeNull[1]" classname="javafx.collections.ObservableArrayTest" time="0.0"/>
  <testcase name="testAddAllARangeNegative2[1]" classname="javafx.collections.ObservableArrayTest" time="0.0"/>
  <testcase name="testSetAllTRangeSelfNegative1[1]" classname="javafx.collections.ObservableArrayTest" time="0.0"/>
  <testcase name="testAddAllTOnEmptySameSize[1]" classname="javafx.collections.ObservableArrayTest" time="0.001"/>
  <testcase name="testAddAllARange4[1]" classname="javafx.collections.ObservableArrayTest" time="0.0"/>
  <testcase name="testSetAllTRange6[1]" classname="javafx.collections.ObservableArrayTest" time="0.0"/>
  <testcase name="testAddAllARange5[1]" classname="javafx.collections.ObservableArrayTest" time="0.0"/>
  <testcase name="testAddAllAOnEmptyBig[1]" classname="javafx.collections.ObservableArrayTest" time="0.0"/>
  <testcase name="testAddAllARange6[1]" classname="javafx.collections.ObservableArrayTest" time="0.0"/>
  <testcase name="testAddAllARangeNegative3[1]" classname="javafx.collections.ObservableArrayTest" time="0.001"/>
  <testcase name="testSetAllTRangeSelfEmpty[1]" classname="javafx.collections.ObservableArrayTest" time="0.0"/>
  <testcase name="testSetAllARangeToNull[1]" classname="javafx.collections.ObservableArrayTest" time="0.0"/>
  <testcase name="testSetAllTRangeSelfNegative3[1]" classname="javafx.collections.ObservableArrayTest" time="0.0"/>
  <testcase name="testAddAllARangeNegative1[1]" classname="javafx.collections.ObservableArrayTest" time="0.001"/>
  <testcase name="testSetAllARangeNegative3[1]" classname="javafx.collections.ObservableArrayTest" time="0.0"/>
  <testcase name="testSetAllTRange2[1]" classname="javafx.collections.ObservableArrayTest" time="0.0"/>
  <testcase name="testSetAllARangeOnEmpty[1]" classname="javafx.collections.ObservableArrayTest" time="0.0"/>
  <testcase name="testSetAllTBigger[1]" classname="javafx.collections.ObservableArrayTest" time="0.0"/>
  <testcase name="testSetAllARangeOnEmptyToEmpty[1]" classname="javafx.collections.ObservableArrayTest" time="0.001"/>
  <testcase name="testSetAllARange5[1]" classname="javafx.collections.ObservableArrayTest" time="0.0"/>
  <testcase name="testSetAllTOnEmptyToEmpty[1]" classname="javafx.collections.ObservableArrayTest" time="0.0"/>
  <testcase name="testSetAllARange1[1]" classname="javafx.collections.ObservableArrayTest" time="0.0"/>
  <testcase name="testSetAllARange7[1]" classname="javafx.collections.ObservableArrayTest" time="0.0"/>
  <testcase name="testSetAllTSmaller[1]" classname="javafx.collections.ObservableArrayTest" time="0.0"/>
  <testcase name="testSetAllAToNull[1]" classname="javafx.collections.ObservableArrayTest" time="0.0"/>
  <testcase name="testSetAllAOnEmptyToEmpty[1]" classname="javafx.collections.ObservableArrayTest" time="0.0"/>
  <testcase name="testSetAllTOnSameSize[1]" classname="javafx.collections.ObservableArrayTest" time="0.0"/>
  <testcase name="testSetAllTOnEmpty[1]" classname="javafx.collections.ObservableArrayTest" time="0.0"/>
  <testcase name="testSetAllARange2[1]" classname="javafx.collections.ObservableArrayTest" time="0.0"/>
  <testcase name="testSetAllTToNull[1]" classname="javafx.collections.ObservableArrayTest" time="0.0"/>
  <testcase name="testSetAllTSelfEmpty[1]" classname="javafx.collections.ObservableArrayTest" time="0.0"/>
  <testcase name="testSetAllARange4[1]" classname="javafx.collections.ObservableArrayTest" time="0.0"/>
  <testcase name="testSetAllARange6[1]" classname="javafx.collections.ObservableArrayTest" time="0.0"/>
  <testcase name="testSetAllARange8[1]" classname="javafx.collections.ObservableArrayTest" time="0.0"/>
  <testcase name="testSetAllARange3[1]" classname="javafx.collections.ObservableArrayTest" time="0.0"/>
  <testcase name="testCopyToTSelfNegativeAfterEnsureCapacity[1]" classname="javafx.collections.ObservableArrayTest" time="0.0"/>
  <testcase name="testCopyToTSelfNegativeAfterClear[1]" classname="javafx.collections.ObservableArrayTest" time="0.0"/>
  <testcase name="testRemoveNullArrayChangeListener[1]" classname="javafx.collections.ObservableArrayTest" time="0.0"/>
  <testcase name="testSetAllTRangeSelfNegativeAfterClear[1]" classname="javafx.collections.ObservableArrayTest" time="0.0"/>
  <testcase name="testSetTRangeNegativeAfterEnsureCapacity[1]" classname="javafx.collections.ObservableArrayTest" time="0.001"/>
  <testcase name="testToArrayRangeNegativeAfterEnsureCapacity[1]" classname="javafx.collections.ObservableArrayTest" time="0.001"/>
  <testcase name="testAddAllTRangeSelfNegativeAfterEnsureCapacity[1]" classname="javafx.collections.ObservableArrayTest" time="0.0"/>
  <testcase name="testSetARangeNegativeAfterEnsureCapacity[1]" classname="javafx.collections.ObservableArrayTest" time="0.0"/>
  <testcase name="testAddAllTRangeNegativeAfterSrcClear[1]" classname="javafx.collections.ObservableArrayTest" time="0.001"/>
  <testcase name="testSetTRangeSelfRightDifferentParts[1]" classname="javafx.collections.ObservableArrayTest" time="0.0"/>
  <testcase name="testCopyToTNegativeAfterEnsureCapacity[1]" classname="javafx.collections.ObservableArrayTest" time="0.0"/>
  <testcase name="testCopyToTSelfLeftDifferentParts[1]" classname="javafx.collections.ObservableArrayTest" time="0.001"/>
  <testcase name="testCopyToTNegativeAfterDestEnsureCapacity[1]" classname="javafx.collections.ObservableArrayTest" time="0.0"/>
  <testcase name="testSetAllTRangeNegativeAfterSrcClear[1]" classname="javafx.collections.ObservableArrayTest" time="0.0"/>
  <testcase name="testCopyToTNegativeAfterDestClear[1]" classname="javafx.collections.ObservableArrayTest" time="0.0"/>
  <testcase name="testSetTRangeNegativeAfterSrcClear[1]" classname="javafx.collections.ObservableArrayTest" time="0.0"/>
  <testcase name="testAddAllTRangeSelfNegativeAfterClear[1]" classname="javafx.collections.ObservableArrayTest" time="0.0"/>
  <testcase name="testSetTRangeSelfNegativeAfterClear[1]" classname="javafx.collections.ObservableArrayTest" time="0.001"/>
  <testcase name="testSetTRangeSelfNegativeAfterEnsureCapacity[1]" classname="javafx.collections.ObservableArrayTest" time="0.0"/>
  <testcase name="testSetValueNegativeAfterEnsureCapacity[1]" classname="javafx.collections.ObservableArrayTest" time="0.0"/>
  <testcase name="testCopyToTSelfRightDifferentParts[1]" classname="javafx.collections.ObservableArrayTest" time="0.0"/>
  <testcase name="testToArrayRangeNegativeAfterClear[1]" classname="javafx.collections.ObservableArrayTest" time="0.0"/>
  <testcase name="testAddAllTRangeNegativeAfterSrcEnsureCapacity[1]" classname="javafx.collections.ObservableArrayTest" time="0.0"/>
  <testcase name="testEnsureCapacityOnEmptyNegative[1]" classname="javafx.collections.ObservableArrayTest" time="0.001"/>
  <testcase name="testCopyToANegativeAfterEnsureCapacity[1]" classname="javafx.collections.ObservableArrayTest" time="0.0"/>
  <testcase name="testSetAllTRangeNegativeAfterSrcEnsureCapacity[1]" classname="javafx.collections.ObservableArrayTest" time="0.0"/>
  <testcase name="testSetAllTRangeSelfNegativeAfterEnsureCapacity[1]" classname="javafx.collections.ObservableArrayTest" time="0.0"/>
  <testcase name="testRemoveNullInvalidationListener[1]" classname="javafx.collections.ObservableArrayTest" time="0.0"/>
  <testcase name="testSetTRangeNegativeAfterSrcEnsureCapacity[1]" classname="javafx.collections.ObservableArrayTest" time="0.0"/>
  <testcase name="testSetTRangeSelfLeftDifferentParts[1]" classname="javafx.collections.ObservableArrayTest" time="0.001"/>
  <testcase name="testToString[1]" classname="javafx.collections.ObservableArrayTest" time="0.0"/>
  <testcase name="testSize[1]" classname="javafx.collections.ObservableArrayTest" time="0.0"/>
  <testcase name="testResizeTo0[1]" classname="javafx.collections.ObservableArrayTest" time="0.0"/>
  <testcase name="testSetAllTSelf[1]" classname="javafx.collections.ObservableArrayTest" time="0.001"/>
  <testcase name="testAddAllA0[1]" classname="javafx.collections.ObservableArrayTest" time="0.0"/>
  <testcase name="testAddAllA1[1]" classname="javafx.collections.ObservableArrayTest" time="0.0"/>
  <testcase name="testAddAllT3[1]" classname="javafx.collections.ObservableArrayTest" time="0.0"/>
  <testcase name="testAddAllANull[1]" classname="javafx.collections.ObservableArrayTest" time="0.0"/>
  <testcase name="testAddAllABig[1]" classname="javafx.collections.ObservableArrayTest" time="0.001"/>
  <testcase name="testAddAllA3[1]" classname="javafx.collections.ObservableArrayTest" time="0.0"/>
  <testcase name="testAddAllT1[1]" classname="javafx.collections.ObservableArrayTest" time="0.0"/>
  <testcase name="testAddAllTSelf[1]" classname="javafx.collections.ObservableArrayTest" time="0.0"/>
  <testcase name="testSetARange1[1]" classname="javafx.collections.ObservableArrayTest" time="0.0"/>
  <testcase name="testAddAllTNull[1]" classname="javafx.collections.ObservableArrayTest" time="0.001"/>
  <testcase name="testAddAllTBig[1]" classname="javafx.collections.ObservableArrayTest" time="0.0"/>
  <testcase name="testAddAllT0[1]" classname="javafx.collections.ObservableArrayTest" time="0.0"/>
  <testcase name="testSetARange2[1]" classname="javafx.collections.ObservableArrayTest" time="0.0"/>
  <testcase name="testSetARange3[1]" classname="javafx.collections.ObservableArrayTest" time="0.0"/>
  <testcase name="testSetARange4[1]" classname="javafx.collections.ObservableArrayTest" time="0.0"/>
  <testcase name="testGet[1]" classname="javafx.collections.ObservableArrayTest" time="0.001"/>
  <testcase name="testToArray[1]" classname="javafx.collections.ObservableArrayTest" time="0.0"/>
  <testcase name="testClear[1]" classname="javafx.collections.ObservableArrayTest" time="0.0"/>
  <testcase name="testGetNegative[1]" classname="javafx.collections.ObservableArrayTest" time="0.0"/>
  <testcase name="testCopyToA0[1]" classname="javafx.collections.ObservableArrayTest" time="0.0"/>
  <testcase name="testCopyToA2[1]" classname="javafx.collections.ObservableArrayTest" time="0.0"/>
  <testcase name="testCopyToT3[1]" classname="javafx.collections.ObservableArrayTest" time="0.0"/>
  <testcase name="testCopyToT7[1]" classname="javafx.collections.ObservableArrayTest" time="0.0"/>
  <testcase name="testCopyToA4[1]" classname="javafx.collections.ObservableArrayTest" time="0.0"/>
  <testcase name="testCopyToT2[1]" classname="javafx.collections.ObservableArrayTest" time="0.0"/>
  <testcase name="testCopyToT0[1]" classname="javafx.collections.ObservableArrayTest" time="0.0"/>
  <testcase name="testClear1000[1]" classname="javafx.collections.ObservableArrayTest" time="0.0"/>
  <testcase name="testSetTRange4[1]" classname="javafx.collections.ObservableArrayTest" time="0.0"/>
  <testcase name="testCopyToA7[1]" classname="javafx.collections.ObservableArrayTest" time="0.0"/>
  <testcase name="testToArrayEmpty[1]" classname="javafx.collections.ObservableArrayTest" time="0.0"/>
  <testcase name="testSetTRange5[1]" classname="javafx.collections.ObservableArrayTest" time="0.0"/>
  <testcase name="testSetARange5[1]" classname="javafx.collections.ObservableArrayTest" time="0.0"/>
  <testcase name="testCopyToA9[1]" classname="javafx.collections.ObservableArrayTest" time="0.0"/>
  <testcase name="testTrimToSize[1]" classname="javafx.collections.ObservableArrayTest" time="0.0"/>
  <testcase name="testCopyToT1[1]" classname="javafx.collections.ObservableArrayTest" time="0.0"/>
  <testcase name="testCopyToT6[1]" classname="javafx.collections.ObservableArrayTest" time="0.0"/>
  <testcase name="testSetTRange2[1]" classname="javafx.collections.ObservableArrayTest" time="0.0"/>
  <testcase name="testCopyToT5[1]" classname="javafx.collections.ObservableArrayTest" time="0.001"/>
  <testcase name="testCopyToA6[1]" classname="javafx.collections.ObservableArrayTest" time="0.0"/>
  <testcase name="testSetTRange1[1]" classname="javafx.collections.ObservableArrayTest" time="0.0"/>
  <testcase name="testCopyToA3[1]" classname="javafx.collections.ObservableArrayTest" time="0.001"/>
  <testcase name="testCopyToA5[1]" classname="javafx.collections.ObservableArrayTest" time="0.0"/>
  <testcase name="testCopyToT9[1]" classname="javafx.collections.ObservableArrayTest" time="0.001"/>
  <testcase name="testCopyToTSelf[1]" classname="javafx.collections.ObservableArrayTest" time="0.0"/>
  <testcase name="testSetValue[1]" classname="javafx.collections.ObservableArrayTest" time="0.0"/>
  <testcase name="testCopyToA1[1]" classname="javafx.collections.ObservableArrayTest" time="0.0"/>
  <testcase name="testSetTRange3[1]" classname="javafx.collections.ObservableArrayTest" time="0.0"/>
  <testcase name="testCopyToA8[1]" classname="javafx.collections.ObservableArrayTest" time="0.001"/>
  <testcase name="testCopyToT4[1]" classname="javafx.collections.ObservableArrayTest" time="0.0"/>
  <testcase name="testClearEmpty[1]" classname="javafx.collections.ObservableArrayTest" time="0.001"/>
  <testcase name="testCopyToT8[1]" classname="javafx.collections.ObservableArrayTest" time="0.0"/>
  <testcase name="testAddAllTRangeSelfNegative1[1]" classname="javafx.collections.ObservableArrayTest" time="0.0"/>
  <testcase name="testAddAllTRangeSelfNegative3[1]" classname="javafx.collections.ObservableArrayTest" time="0.0"/>
  <testcase name="testAddAllTRangeNegative4[1]" classname="javafx.collections.ObservableArrayTest" time="0.001"/>
  <testcase name="testSetARangeNegative4[1]" classname="javafx.collections.ObservableArrayTest" time="0.0"/>
  <testcase name="testSetARangeNegativeAfterClear[1]" classname="javafx.collections.ObservableArrayTest" time="0.0"/>
  <testcase name="testSetTRangeSelfNegative5[1]" classname="javafx.collections.ObservableArrayTest" time="0.0"/>
  <testcase name="testSetTRangeNegative5[1]" classname="javafx.collections.ObservableArrayTest" time="0.0"/>
  <testcase name="testAddAllTRangeNegative2[1]" classname="javafx.collections.ObservableArrayTest" time="0.0"/>
  <testcase name="testAddAllTRangeOnEmpty3[1]" classname="javafx.collections.ObservableArrayTest" time="0.0"/>
  <testcase name="testAddAllTRangeOnEmpty1[1]" classname="javafx.collections.ObservableArrayTest" time="0.0"/>
  <testcase name="testAddAllTRangeSelf[1]" classname="javafx.collections.ObservableArrayTest" time="0.0"/>
  <testcase name="testSetTRangeNegative4[1]" classname="javafx.collections.ObservableArrayTest" time="0.0"/>
  <testcase name="testSetTRangeSelfNegative6[1]" classname="javafx.collections.ObservableArrayTest" time="0.001"/>
  <testcase name="testGetAfterEnsureCapacity[1]" classname="javafx.collections.ObservableArrayTest" time="0.0"/>
  <testcase name="testGetAfterClear[1]" classname="javafx.collections.ObservableArrayTest" time="0.0"/>
  <testcase name="testSetARangeNegative1[1]" classname="javafx.collections.ObservableArrayTest" time="0.0"/>
  <testcase name="testSetTRangeSelfNegative4[1]" classname="javafx.collections.ObservableArrayTest" time="0.0"/>
  <testcase name="testSetTRangeNegative2[1]" classname="javafx.collections.ObservableArrayTest" time="0.0"/>
  <testcase name="testSetValueNegative[1]" classname="javafx.collections.ObservableArrayTest" time="0.001"/>
  <testcase name="testSetValueNegativeAfterClear[1]" classname="javafx.collections.ObservableArrayTest" time="0.0"/>
  <testcase name="testToArraySameSize[1]" classname="javafx.collections.ObservableArrayTest" time="0.004"/>
  <testcase name="testToArraySmaller[1]" classname="javafx.collections.ObservableArrayTest" time="0.0"/>
  <testcase name="testSetValueOutOfBounds[1]" classname="javafx.collections.ObservableArrayTest" time="0.001"/>
  <testcase name="testToArrayBigger[1]" classname="javafx.collections.ObservableArrayTest" time="0.0"/>
  <testcase name="testSetTRangeSelfNegative3[1]" classname="javafx.collections.ObservableArrayTest" time="0.0"/>
  <testcase name="testToArrayEmptyToEmpty[1]" classname="javafx.collections.ObservableArrayTest" time="0.001"/>
  <testcase name="testSetTRangeSelfLeft[1]" classname="javafx.collections.ObservableArrayTest" time="0.0"/>
  <testcase name="testAddAllTRangeSelfNegative2[1]" classname="javafx.collections.ObservableArrayTest" time="0.0"/>
  <testcase name="testToArrayRange0[1]" classname="javafx.collections.ObservableArrayTest" time="0.0"/>
  <testcase name="testAddAllTRangeNegative3[1]" classname="javafx.collections.ObservableArrayTest" time="0.0"/>
  <testcase name="testSetTRangeSelfRight[1]" classname="javafx.collections.ObservableArrayTest" time="0.0"/>
  <testcase name="testToArrayRange1[1]" classname="javafx.collections.ObservableArrayTest" time="0.0"/>
  <testcase name="testSetTRangeNegative7[1]" classname="javafx.collections.ObservableArrayTest" time="0.001"/>
  <testcase name="testAddAllTRangeNegative1[1]" classname="javafx.collections.ObservableArrayTest" time="0.0"/>
  <testcase name="testAddAllTRange8[1]" classname="javafx.collections.ObservableArrayTest" time="0.0"/>
  <testcase name="testToArrayRange2[1]" classname="javafx.collections.ObservableArrayTest" time="0.0"/>
  <testcase name="testToArrayRange3[1]" classname="javafx.collections.ObservableArrayTest" time="0.0"/>
  <testcase name="testToArrayRange5[1]" classname="javafx.collections.ObservableArrayTest" time="0.0"/>
  <testcase name="testSetTRangeNegative1[1]" classname="javafx.collections.ObservableArrayTest" time="0.001"/>
  <testcase name="testGetOutOfBounds[1]" classname="javafx.collections.ObservableArrayTest" time="0.001"/>
  <testcase name="testToArrayRange4[1]" classname="javafx.collections.ObservableArrayTest" time="0.0"/>
  <testcase name="testSetTRangeSelfNegative1[1]" classname="javafx.collections.ObservableArrayTest" time="0.0"/>
  <testcase name="testToArrayRange6[1]" classname="javafx.collections.ObservableArrayTest" time="0.0"/>
  <testcase name="testSetTRangeNegativeAfterClear[1]" classname="javafx.collections.ObservableArrayTest" time="0.0"/>
  <testcase name="testToArrayRange7[1]" classname="javafx.collections.ObservableArrayTest" time="0.0"/>
  <testcase name="testToArrayRange9[1]" classname="javafx.collections.ObservableArrayTest" time="0.0"/>
  <testcase name="testToArrayRange8[1]" classname="javafx.collections.ObservableArrayTest" time="0.001"/>
  <testcase name="testSetARangeNegative2[1]" classname="javafx.collections.ObservableArrayTest" time="0.0"/>
  <testcase name="testToArrayRangeNegative1[1]" classname="javafx.collections.ObservableArrayTest" time="0.0"/>
  <testcase name="testSetTRangeSelf[1]" classname="javafx.collections.ObservableArrayTest" time="0.0"/>
  <testcase name="testAddAllTRangeSelfBeginning[1]" classname="javafx.collections.ObservableArrayTest" time="0.0"/>
  <testcase name="testAddAllTRangeSelfMiddle[1]" classname="javafx.collections.ObservableArrayTest" time="0.001"/>
  <testcase name="testSetARangeNegative5[1]" classname="javafx.collections.ObservableArrayTest" time="0.0"/>
  <testcase name="testSetARangeNegative6[1]" classname="javafx.collections.ObservableArrayTest" time="0.0"/>
  <testcase name="testAddAllTRangeNull[1]" classname="javafx.collections.ObservableArrayTest" time="0.0"/>
  <testcase name="testSetARangeNegative7[1]" classname="javafx.collections.ObservableArrayTest" time="0.0"/>
  <testcase name="testSetTRangeNegative3[1]" classname="javafx.collections.ObservableArrayTest" time="0.0"/>
  <testcase name="testAddAllTRangeSelfNegative4[1]" classname="javafx.collections.ObservableArrayTest" time="0.001"/>
  <testcase name="testSetTRangeNegative6[1]" classname="javafx.collections.ObservableArrayTest" time="0.0"/>
  <testcase name="testSetARangeNegative3[1]" classname="javafx.collections.ObservableArrayTest" time="0.0"/>
  <testcase name="testAddAllTRangeSelfTrailing[1]" classname="javafx.collections.ObservableArrayTest" time="0.0"/>
  <testcase name="testAddAllTRangeOnEmpty2[1]" classname="javafx.collections.ObservableArrayTest" time="0.0"/>
  <testcase name="testSetTRangeSelfNegative2[1]" classname="javafx.collections.ObservableArrayTest" time="0.0"/>
  <testcase name="testAddAllTRange7[1]" classname="javafx.collections.ObservableArrayTest" time="0.0"/>
  <testcase name="testCopyToTNegative1[1]" classname="javafx.collections.ObservableArrayTest" time="0.001"/>
  <testcase name="testCopyToTNegative2[1]" classname="javafx.collections.ObservableArrayTest" time="0.0"/>
  <testcase name="testCopyToTNegative3[1]" classname="javafx.collections.ObservableArrayTest" time="0.0"/>
  <testcase name="testCopyToANegative3[1]" classname="javafx.collections.ObservableArrayTest" time="0.0"/>
  <testcase name="testCopyToANegative5[1]" classname="javafx.collections.ObservableArrayTest" time="0.0"/>
  <testcase name="testCopyToANegative2[1]" classname="javafx.collections.ObservableArrayTest" time="0.0"/>
  <testcase name="testToArrayRangeNegative5[1]" classname="javafx.collections.ObservableArrayTest" time="0.0"/>
  <testcase name="testCopyToANegative4[1]" classname="javafx.collections.ObservableArrayTest" time="0.0"/>
  <testcase name="testCopyToANegativeAfterClear[1]" classname="javafx.collections.ObservableArrayTest" time="0.0"/>
  <testcase name="testToArrayRangeNegative2[1]" classname="javafx.collections.ObservableArrayTest" time="0.0"/>
  <testcase name="testCopyToANegative6[1]" classname="javafx.collections.ObservableArrayTest" time="0.0"/>
  <testcase name="testCopyToTNegative4[1]" classname="javafx.collections.ObservableArrayTest" time="0.001"/>
  <testcase name="testToArrayRangeNegative3[1]" classname="javafx.collections.ObservableArrayTest" time="0.0"/>
  <testcase name="testCopyToANegative1[1]" classname="javafx.collections.ObservableArrayTest" time="0.0"/>
  <testcase name="testCopyToTNegative5[1]" classname="javafx.collections.ObservableArrayTest" time="0.0"/>
  <testcase name="testCopyToTNegative6[1]" classname="javafx.collections.ObservableArrayTest" time="0.0"/>
  <testcase name="testCopyToTNegative7[1]" classname="javafx.collections.ObservableArrayTest" time="0.0"/>
  <testcase name="testCopyToANegative8[1]" classname="javafx.collections.ObservableArrayTest" time="0.001"/>
  <testcase name="testCopyToANegative7[1]" classname="javafx.collections.ObservableArrayTest" time="0.0"/>
  <testcase name="testCopyToTSelfNegative2[1]" classname="javafx.collections.ObservableArrayTest" time="0.0"/>
  <testcase name="testCopyToTSelfNegative3[1]" classname="javafx.collections.ObservableArrayTest" time="0.0"/>
  <testcase name="testTrimToSizeEnsureCapacity[1]" classname="javafx.collections.ObservableArrayTest" time="0.0"/>
  <testcase name="testCopyToTNegative8[1]" classname="javafx.collections.ObservableArrayTest" time="0.0"/>
  <testcase name="testCopyToTSelfRight[1]" classname="javafx.collections.ObservableArrayTest" time="0.0"/>
  <testcase name="testTrimToSizeEmpty[1]" classname="javafx.collections.ObservableArrayTest" time="0.001"/>
  <testcase name="testCopyToTSelfLeft[1]" classname="javafx.collections.ObservableArrayTest" time="0.0"/>
  <testcase name="testCopyToTSelfNegative4[1]" classname="javafx.collections.ObservableArrayTest" time="0.0"/>
  <testcase name="testTrimToSizeAddRemove[1]" classname="javafx.collections.ObservableArrayTest" time="0.0"/>
  <testcase name="testEnsureCapacityBy1[1]" classname="javafx.collections.ObservableArrayTest" time="0.0"/>
  <testcase name="testCopyToTSelfNegative1[1]" classname="javafx.collections.ObservableArrayTest" time="0.0"/>
  <testcase name="testTrimToSizeResize[1]" classname="javafx.collections.ObservableArrayTest" time="0.0"/>
  <testcase name="testToStringAfterResize[1]" classname="javafx.collections.ObservableArrayTest" time="0.001"/>
  <testcase name="testEnsureCapacity0[1]" classname="javafx.collections.ObservableArrayTest" time="0.0"/>
  <testcase name="testEnsureCapacityNegative[1]" classname="javafx.collections.ObservableArrayTest" time="0.0"/>
  <testcase name="testEnsureCapacitySmaller[1]" classname="javafx.collections.ObservableArrayTest" time="0.0"/>
  <testcase name="testEnsureCapacityOnEmpty[1]" classname="javafx.collections.ObservableArrayTest" time="0.0"/>
  <testcase name="testCopyToTSelfNegative7[1]" classname="javafx.collections.ObservableArrayTest" time="0.0"/>
  <testcase name="testCopyToTNegativeAfterClear[1]" classname="javafx.collections.ObservableArrayTest" time="0.0"/>
  <testcase name="testToStringAfterClear[1]" classname="javafx.collections.ObservableArrayTest" time="0.0"/>
  <testcase name="testEnsureCapacity1000[1]" classname="javafx.collections.ObservableArrayTest" time="0.0"/>
  <testcase name="testEnsureCapacityOnEmpty0[1]" classname="javafx.collections.ObservableArrayTest" time="0.0"/>
  <testcase name="testCopyToTSelfNegative5[1]" classname="javafx.collections.ObservableArrayTest" time="0.001"/>
  <testcase name="testCopyToTSelfNegative6[1]" classname="javafx.collections.ObservableArrayTest" time="0.0"/>
  <system-out><![CDATA[]]></system-out>
  <system-err><![CDATA[]]></system-err>
</testsuite>
