<?xml version="1.0" encoding="UTF-8"?>
<testsuite name="com.sun.javafx.event.EventDispatchChainTest" tests="8" skipped="0" failures="0" errors="0" timestamp="2018-12-24T19:03:12" hostname="DESKTOP-CFPL3NK" time="0.004">
  <properties/>
  <testcase name="buildLongChainTest[0]" classname="com.sun.javafx.event.EventDispatchChainTest" time="0.001"/>
  <testcase name="chainModificationDuringDispatchTest[0]" classname="com.sun.javafx.event.EventDispatchChainTest" time="0.001"/>
  <testcase name="chainConstructionBeforeDispatchTest[0]" classname="com.sun.javafx.event.EventDispatchChainTest" time="0.0"/>
  <testcase name="chainModificationAfterDispatchTest[0]" classname="com.sun.javafx.event.EventDispatchChainTest" time="0.0"/>
  <testcase name="buildLongChainTest[1]" classname="com.sun.javafx.event.EventDispatchChainTest" time="0.001"/>
  <testcase name="chainModificationDuringDispatchTest[1]" classname="com.sun.javafx.event.EventDispatchChainTest" time="0.0"/>
  <testcase name="chainConstructionBeforeDispatchTest[1]" classname="com.sun.javafx.event.EventDispatchChainTest" time="0.0"/>
  <testcase name="chainModificationAfterDispatchTest[1]" classname="com.sun.javafx.event.EventDispatchChainTest" time="0.0"/>
  <system-out><![CDATA[]]></system-out>
  <system-err><![CDATA[]]></system-err>
</testsuite>
