<?xml version="1.0" encoding="UTF-8"?>
<testsuite name="javafx.util.converter.BooleanStringConverterTest" tests="10" skipped="0" failures="0" errors="0" timestamp="2018-12-24T19:03:16" hostname="DESKTOP-CFPL3NK" time="0.001">
  <properties/>
  <testcase name="fromString_testValidStringInput_lowercase_true" classname="javafx.util.converter.BooleanStringConverterTest" time="0.001"/>
  <testcase name="fromString_testValidStringInput_uppercase_true" classname="javafx.util.converter.BooleanStringConverterTest" time="0.0"/>
  <testcase name="fromString_testValidStringInput_mixedCase_true" classname="javafx.util.converter.BooleanStringConverterTest" time="0.0"/>
  <testcase name="fromString_testValidStringInput_lowercase_false" classname="javafx.util.converter.BooleanStringConverterTest" time="0.0"/>
  <testcase name="fromString_testValidStringInput_mixedCase_false" classname="javafx.util.converter.BooleanStringConverterTest" time="0.0"/>
  <testcase name="fromString_testValidStringInput_uppercase_false" classname="javafx.util.converter.BooleanStringConverterTest" time="0.0"/>
  <testcase name="toString_false" classname="javafx.util.converter.BooleanStringConverterTest" time="0.0"/>
  <testcase name="toString_true" classname="javafx.util.converter.BooleanStringConverterTest" time="0.0"/>
  <testcase name="fromString_testValidStringInputWithWhiteSpace_false" classname="javafx.util.converter.BooleanStringConverterTest" time="0.0"/>
  <testcase name="fromString_testValidStringInputWithWhiteSpace_true" classname="javafx.util.converter.BooleanStringConverterTest" time="0.0"/>
  <system-out><![CDATA[]]></system-out>
  <system-err><![CDATA[]]></system-err>
</testsuite>
