<?xml version="1.0" encoding="UTF-8"?>
<testsuite name="javafx.binding.BindingsEqualsTest" tests="336" skipped="0" failures="0" errors="0" timestamp="2018-12-24T19:03:14" hostname="DESKTOP-CFPL3NK" time="0.078">
  <properties/>
  <testcase name="test_Self[0]" classname="javafx.binding.BindingsEqualsTest" time="0.0"/>
  <testcase name="test_Primitive_null[0]" classname="javafx.binding.BindingsEqualsTest" time="0.001"/>
  <testcase name="test_Expression_Expression[0]" classname="javafx.binding.BindingsEqualsTest" time="0.0"/>
  <testcase name="test_null_Expression[0]" classname="javafx.binding.BindingsEqualsTest" time="0.0"/>
  <testcase name="test_Expression_null[0]" classname="javafx.binding.BindingsEqualsTest" time="0.0"/>
  <testcase name="test_Expression_Primitive[0]" classname="javafx.binding.BindingsEqualsTest" time="0.0"/>
  <testcase name="test_null_Primitive[0]" classname="javafx.binding.BindingsEqualsTest" time="0.001"/>
  <testcase name="test_Primitive_Expression[0]" classname="javafx.binding.BindingsEqualsTest" time="0.0"/>
  <testcase name="test_Self[1]" classname="javafx.binding.BindingsEqualsTest" time="0.0"/>
  <testcase name="test_Primitive_null[1]" classname="javafx.binding.BindingsEqualsTest" time="0.0"/>
  <testcase name="test_Expression_Expression[1]" classname="javafx.binding.BindingsEqualsTest" time="0.0"/>
  <testcase name="test_null_Expression[1]" classname="javafx.binding.BindingsEqualsTest" time="0.0"/>
  <testcase name="test_Expression_null[1]" classname="javafx.binding.BindingsEqualsTest" time="0.001"/>
  <testcase name="test_Expression_Primitive[1]" classname="javafx.binding.BindingsEqualsTest" time="0.0"/>
  <testcase name="test_null_Primitive[1]" classname="javafx.binding.BindingsEqualsTest" time="0.0"/>
  <testcase name="test_Primitive_Expression[1]" classname="javafx.binding.BindingsEqualsTest" time="0.0"/>
  <testcase name="test_Self[2]" classname="javafx.binding.BindingsEqualsTest" time="0.0"/>
  <testcase name="test_Primitive_null[2]" classname="javafx.binding.BindingsEqualsTest" time="0.0"/>
  <testcase name="test_Expression_Expression[2]" classname="javafx.binding.BindingsEqualsTest" time="0.0"/>
  <testcase name="test_null_Expression[2]" classname="javafx.binding.BindingsEqualsTest" time="0.001"/>
  <testcase name="test_Expression_null[2]" classname="javafx.binding.BindingsEqualsTest" time="0.0"/>
  <testcase name="test_Expression_Primitive[2]" classname="javafx.binding.BindingsEqualsTest" time="0.0"/>
  <testcase name="test_null_Primitive[2]" classname="javafx.binding.BindingsEqualsTest" time="0.0"/>
  <testcase name="test_Primitive_Expression[2]" classname="javafx.binding.BindingsEqualsTest" time="0.001"/>
  <testcase name="test_Self[3]" classname="javafx.binding.BindingsEqualsTest" time="0.0"/>
  <testcase name="test_Primitive_null[3]" classname="javafx.binding.BindingsEqualsTest" time="0.0"/>
  <testcase name="test_Expression_Expression[3]" classname="javafx.binding.BindingsEqualsTest" time="0.0"/>
  <testcase name="test_null_Expression[3]" classname="javafx.binding.BindingsEqualsTest" time="0.0"/>
  <testcase name="test_Expression_null[3]" classname="javafx.binding.BindingsEqualsTest" time="0.0"/>
  <testcase name="test_Expression_Primitive[3]" classname="javafx.binding.BindingsEqualsTest" time="0.0"/>
  <testcase name="test_null_Primitive[3]" classname="javafx.binding.BindingsEqualsTest" time="0.0"/>
  <testcase name="test_Primitive_Expression[3]" classname="javafx.binding.BindingsEqualsTest" time="0.0"/>
  <testcase name="test_Self[4]" classname="javafx.binding.BindingsEqualsTest" time="0.0"/>
  <testcase name="test_Primitive_null[4]" classname="javafx.binding.BindingsEqualsTest" time="0.0"/>
  <testcase name="test_Expression_Expression[4]" classname="javafx.binding.BindingsEqualsTest" time="0.0"/>
  <testcase name="test_null_Expression[4]" classname="javafx.binding.BindingsEqualsTest" time="0.0"/>
  <testcase name="test_Expression_null[4]" classname="javafx.binding.BindingsEqualsTest" time="0.0"/>
  <testcase name="test_Expression_Primitive[4]" classname="javafx.binding.BindingsEqualsTest" time="0.001"/>
  <testcase name="test_null_Primitive[4]" classname="javafx.binding.BindingsEqualsTest" time="0.0"/>
  <testcase name="test_Primitive_Expression[4]" classname="javafx.binding.BindingsEqualsTest" time="0.0"/>
  <testcase name="test_Self[5]" classname="javafx.binding.BindingsEqualsTest" time="0.0"/>
  <testcase name="test_Primitive_null[5]" classname="javafx.binding.BindingsEqualsTest" time="0.001"/>
  <testcase name="test_Expression_Expression[5]" classname="javafx.binding.BindingsEqualsTest" time="0.0"/>
  <testcase name="test_null_Expression[5]" classname="javafx.binding.BindingsEqualsTest" time="0.0"/>
  <testcase name="test_Expression_null[5]" classname="javafx.binding.BindingsEqualsTest" time="0.0"/>
  <testcase name="test_Expression_Primitive[5]" classname="javafx.binding.BindingsEqualsTest" time="0.0"/>
  <testcase name="test_null_Primitive[5]" classname="javafx.binding.BindingsEqualsTest" time="0.001"/>
  <testcase name="test_Primitive_Expression[5]" classname="javafx.binding.BindingsEqualsTest" time="0.0"/>
  <testcase name="test_Self[6]" classname="javafx.binding.BindingsEqualsTest" time="0.0"/>
  <testcase name="test_Primitive_null[6]" classname="javafx.binding.BindingsEqualsTest" time="0.001"/>
  <testcase name="test_Expression_Expression[6]" classname="javafx.binding.BindingsEqualsTest" time="0.0"/>
  <testcase name="test_null_Expression[6]" classname="javafx.binding.BindingsEqualsTest" time="0.0"/>
  <testcase name="test_Expression_null[6]" classname="javafx.binding.BindingsEqualsTest" time="0.0"/>
  <testcase name="test_Expression_Primitive[6]" classname="javafx.binding.BindingsEqualsTest" time="0.0"/>
  <testcase name="test_null_Primitive[6]" classname="javafx.binding.BindingsEqualsTest" time="0.001"/>
  <testcase name="test_Primitive_Expression[6]" classname="javafx.binding.BindingsEqualsTest" time="0.0"/>
  <testcase name="test_Self[7]" classname="javafx.binding.BindingsEqualsTest" time="0.0"/>
  <testcase name="test_Primitive_null[7]" classname="javafx.binding.BindingsEqualsTest" time="0.0"/>
  <testcase name="test_Expression_Expression[7]" classname="javafx.binding.BindingsEqualsTest" time="0.0"/>
  <testcase name="test_null_Expression[7]" classname="javafx.binding.BindingsEqualsTest" time="0.0"/>
  <testcase name="test_Expression_null[7]" classname="javafx.binding.BindingsEqualsTest" time="0.001"/>
  <testcase name="test_Expression_Primitive[7]" classname="javafx.binding.BindingsEqualsTest" time="0.0"/>
  <testcase name="test_null_Primitive[7]" classname="javafx.binding.BindingsEqualsTest" time="0.0"/>
  <testcase name="test_Primitive_Expression[7]" classname="javafx.binding.BindingsEqualsTest" time="0.0"/>
  <testcase name="test_Self[8]" classname="javafx.binding.BindingsEqualsTest" time="0.001"/>
  <testcase name="test_Primitive_null[8]" classname="javafx.binding.BindingsEqualsTest" time="0.0"/>
  <testcase name="test_Expression_Expression[8]" classname="javafx.binding.BindingsEqualsTest" time="0.0"/>
  <testcase name="test_null_Expression[8]" classname="javafx.binding.BindingsEqualsTest" time="0.0"/>
  <testcase name="test_Expression_null[8]" classname="javafx.binding.BindingsEqualsTest" time="0.0"/>
  <testcase name="test_Expression_Primitive[8]" classname="javafx.binding.BindingsEqualsTest" time="0.0"/>
  <testcase name="test_null_Primitive[8]" classname="javafx.binding.BindingsEqualsTest" time="0.0"/>
  <testcase name="test_Primitive_Expression[8]" classname="javafx.binding.BindingsEqualsTest" time="0.0"/>
  <testcase name="test_Self[9]" classname="javafx.binding.BindingsEqualsTest" time="0.0"/>
  <testcase name="test_Primitive_null[9]" classname="javafx.binding.BindingsEqualsTest" time="0.0"/>
  <testcase name="test_Expression_Expression[9]" classname="javafx.binding.BindingsEqualsTest" time="0.0"/>
  <testcase name="test_null_Expression[9]" classname="javafx.binding.BindingsEqualsTest" time="0.0"/>
  <testcase name="test_Expression_null[9]" classname="javafx.binding.BindingsEqualsTest" time="0.0"/>
  <testcase name="test_Expression_Primitive[9]" classname="javafx.binding.BindingsEqualsTest" time="0.0"/>
  <testcase name="test_null_Primitive[9]" classname="javafx.binding.BindingsEqualsTest" time="0.001"/>
  <testcase name="test_Primitive_Expression[9]" classname="javafx.binding.BindingsEqualsTest" time="0.0"/>
  <testcase name="test_Self[10]" classname="javafx.binding.BindingsEqualsTest" time="0.0"/>
  <testcase name="test_Primitive_null[10]" classname="javafx.binding.BindingsEqualsTest" time="0.0"/>
  <testcase name="test_Expression_Expression[10]" classname="javafx.binding.BindingsEqualsTest" time="0.0"/>
  <testcase name="test_null_Expression[10]" classname="javafx.binding.BindingsEqualsTest" time="0.0"/>
  <testcase name="test_Expression_null[10]" classname="javafx.binding.BindingsEqualsTest" time="0.001"/>
  <testcase name="test_Expression_Primitive[10]" classname="javafx.binding.BindingsEqualsTest" time="0.0"/>
  <testcase name="test_null_Primitive[10]" classname="javafx.binding.BindingsEqualsTest" time="0.0"/>
  <testcase name="test_Primitive_Expression[10]" classname="javafx.binding.BindingsEqualsTest" time="0.0"/>
  <testcase name="test_Self[11]" classname="javafx.binding.BindingsEqualsTest" time="0.0"/>
  <testcase name="test_Primitive_null[11]" classname="javafx.binding.BindingsEqualsTest" time="0.001"/>
  <testcase name="test_Expression_Expression[11]" classname="javafx.binding.BindingsEqualsTest" time="0.0"/>
  <testcase name="test_null_Expression[11]" classname="javafx.binding.BindingsEqualsTest" time="0.0"/>
  <testcase name="test_Expression_null[11]" classname="javafx.binding.BindingsEqualsTest" time="0.0"/>
  <testcase name="test_Expression_Primitive[11]" classname="javafx.binding.BindingsEqualsTest" time="0.0"/>
  <testcase name="test_null_Primitive[11]" classname="javafx.binding.BindingsEqualsTest" time="0.0"/>
  <testcase name="test_Primitive_Expression[11]" classname="javafx.binding.BindingsEqualsTest" time="0.001"/>
  <testcase name="test_Self[12]" classname="javafx.binding.BindingsEqualsTest" time="0.0"/>
  <testcase name="test_Primitive_null[12]" classname="javafx.binding.BindingsEqualsTest" time="0.0"/>
  <testcase name="test_Expression_Expression[12]" classname="javafx.binding.BindingsEqualsTest" time="0.001"/>
  <testcase name="test_null_Expression[12]" classname="javafx.binding.BindingsEqualsTest" time="0.0"/>
  <testcase name="test_Expression_null[12]" classname="javafx.binding.BindingsEqualsTest" time="0.0"/>
  <testcase name="test_Expression_Primitive[12]" classname="javafx.binding.BindingsEqualsTest" time="0.0"/>
  <testcase name="test_null_Primitive[12]" classname="javafx.binding.BindingsEqualsTest" time="0.0"/>
  <testcase name="test_Primitive_Expression[12]" classname="javafx.binding.BindingsEqualsTest" time="0.0"/>
  <testcase name="test_Self[13]" classname="javafx.binding.BindingsEqualsTest" time="0.001"/>
  <testcase name="test_Primitive_null[13]" classname="javafx.binding.BindingsEqualsTest" time="0.0"/>
  <testcase name="test_Expression_Expression[13]" classname="javafx.binding.BindingsEqualsTest" time="0.0"/>
  <testcase name="test_null_Expression[13]" classname="javafx.binding.BindingsEqualsTest" time="0.0"/>
  <testcase name="test_Expression_null[13]" classname="javafx.binding.BindingsEqualsTest" time="0.0"/>
  <testcase name="test_Expression_Primitive[13]" classname="javafx.binding.BindingsEqualsTest" time="0.0"/>
  <testcase name="test_null_Primitive[13]" classname="javafx.binding.BindingsEqualsTest" time="0.0"/>
  <testcase name="test_Primitive_Expression[13]" classname="javafx.binding.BindingsEqualsTest" time="0.001"/>
  <testcase name="test_Self[14]" classname="javafx.binding.BindingsEqualsTest" time="0.0"/>
  <testcase name="test_Primitive_null[14]" classname="javafx.binding.BindingsEqualsTest" time="0.0"/>
  <testcase name="test_Expression_Expression[14]" classname="javafx.binding.BindingsEqualsTest" time="0.0"/>
  <testcase name="test_null_Expression[14]" classname="javafx.binding.BindingsEqualsTest" time="0.0"/>
  <testcase name="test_Expression_null[14]" classname="javafx.binding.BindingsEqualsTest" time="0.001"/>
  <testcase name="test_Expression_Primitive[14]" classname="javafx.binding.BindingsEqualsTest" time="0.0"/>
  <testcase name="test_null_Primitive[14]" classname="javafx.binding.BindingsEqualsTest" time="0.0"/>
  <testcase name="test_Primitive_Expression[14]" classname="javafx.binding.BindingsEqualsTest" time="0.0"/>
  <testcase name="test_Self[15]" classname="javafx.binding.BindingsEqualsTest" time="0.0"/>
  <testcase name="test_Primitive_null[15]" classname="javafx.binding.BindingsEqualsTest" time="0.0"/>
  <testcase name="test_Expression_Expression[15]" classname="javafx.binding.BindingsEqualsTest" time="0.0"/>
  <testcase name="test_null_Expression[15]" classname="javafx.binding.BindingsEqualsTest" time="0.001"/>
  <testcase name="test_Expression_null[15]" classname="javafx.binding.BindingsEqualsTest" time="0.001"/>
  <testcase name="test_Expression_Primitive[15]" classname="javafx.binding.BindingsEqualsTest" time="0.002"/>
  <testcase name="test_null_Primitive[15]" classname="javafx.binding.BindingsEqualsTest" time="0.0"/>
  <testcase name="test_Primitive_Expression[15]" classname="javafx.binding.BindingsEqualsTest" time="0.0"/>
  <testcase name="test_Self[16]" classname="javafx.binding.BindingsEqualsTest" time="0.0"/>
  <testcase name="test_Primitive_null[16]" classname="javafx.binding.BindingsEqualsTest" time="0.0"/>
  <testcase name="test_Expression_Expression[16]" classname="javafx.binding.BindingsEqualsTest" time="0.0"/>
  <testcase name="test_null_Expression[16]" classname="javafx.binding.BindingsEqualsTest" time="0.0"/>
  <testcase name="test_Expression_null[16]" classname="javafx.binding.BindingsEqualsTest" time="0.0"/>
  <testcase name="test_Expression_Primitive[16]" classname="javafx.binding.BindingsEqualsTest" time="0.0"/>
  <testcase name="test_null_Primitive[16]" classname="javafx.binding.BindingsEqualsTest" time="0.0"/>
  <testcase name="test_Primitive_Expression[16]" classname="javafx.binding.BindingsEqualsTest" time="0.0"/>
  <testcase name="test_Self[17]" classname="javafx.binding.BindingsEqualsTest" time="0.0"/>
  <testcase name="test_Primitive_null[17]" classname="javafx.binding.BindingsEqualsTest" time="0.0"/>
  <testcase name="test_Expression_Expression[17]" classname="javafx.binding.BindingsEqualsTest" time="0.0"/>
  <testcase name="test_null_Expression[17]" classname="javafx.binding.BindingsEqualsTest" time="0.0"/>
  <testcase name="test_Expression_null[17]" classname="javafx.binding.BindingsEqualsTest" time="0.0"/>
  <testcase name="test_Expression_Primitive[17]" classname="javafx.binding.BindingsEqualsTest" time="0.0"/>
  <testcase name="test_null_Primitive[17]" classname="javafx.binding.BindingsEqualsTest" time="0.0"/>
  <testcase name="test_Primitive_Expression[17]" classname="javafx.binding.BindingsEqualsTest" time="0.0"/>
  <testcase name="test_Self[18]" classname="javafx.binding.BindingsEqualsTest" time="0.0"/>
  <testcase name="test_Primitive_null[18]" classname="javafx.binding.BindingsEqualsTest" time="0.0"/>
  <testcase name="test_Expression_Expression[18]" classname="javafx.binding.BindingsEqualsTest" time="0.0"/>
  <testcase name="test_null_Expression[18]" classname="javafx.binding.BindingsEqualsTest" time="0.0"/>
  <testcase name="test_Expression_null[18]" classname="javafx.binding.BindingsEqualsTest" time="0.001"/>
  <testcase name="test_Expression_Primitive[18]" classname="javafx.binding.BindingsEqualsTest" time="0.0"/>
  <testcase name="test_null_Primitive[18]" classname="javafx.binding.BindingsEqualsTest" time="0.0"/>
  <testcase name="test_Primitive_Expression[18]" classname="javafx.binding.BindingsEqualsTest" time="0.0"/>
  <testcase name="test_Self[19]" classname="javafx.binding.BindingsEqualsTest" time="0.0"/>
  <testcase name="test_Primitive_null[19]" classname="javafx.binding.BindingsEqualsTest" time="0.001"/>
  <testcase name="test_Expression_Expression[19]" classname="javafx.binding.BindingsEqualsTest" time="0.0"/>
  <testcase name="test_null_Expression[19]" classname="javafx.binding.BindingsEqualsTest" time="0.0"/>
  <testcase name="test_Expression_null[19]" classname="javafx.binding.BindingsEqualsTest" time="0.0"/>
  <testcase name="test_Expression_Primitive[19]" classname="javafx.binding.BindingsEqualsTest" time="0.0"/>
  <testcase name="test_null_Primitive[19]" classname="javafx.binding.BindingsEqualsTest" time="0.0"/>
  <testcase name="test_Primitive_Expression[19]" classname="javafx.binding.BindingsEqualsTest" time="0.001"/>
  <testcase name="test_Self[20]" classname="javafx.binding.BindingsEqualsTest" time="0.0"/>
  <testcase name="test_Primitive_null[20]" classname="javafx.binding.BindingsEqualsTest" time="0.0"/>
  <testcase name="test_Expression_Expression[20]" classname="javafx.binding.BindingsEqualsTest" time="0.0"/>
  <testcase name="test_null_Expression[20]" classname="javafx.binding.BindingsEqualsTest" time="0.001"/>
  <testcase name="test_Expression_null[20]" classname="javafx.binding.BindingsEqualsTest" time="0.0"/>
  <testcase name="test_Expression_Primitive[20]" classname="javafx.binding.BindingsEqualsTest" time="0.0"/>
  <testcase name="test_null_Primitive[20]" classname="javafx.binding.BindingsEqualsTest" time="0.0"/>
  <testcase name="test_Primitive_Expression[20]" classname="javafx.binding.BindingsEqualsTest" time="0.0"/>
  <testcase name="test_Self[21]" classname="javafx.binding.BindingsEqualsTest" time="0.0"/>
  <testcase name="test_Primitive_null[21]" classname="javafx.binding.BindingsEqualsTest" time="0.0"/>
  <testcase name="test_Expression_Expression[21]" classname="javafx.binding.BindingsEqualsTest" time="0.0"/>
  <testcase name="test_null_Expression[21]" classname="javafx.binding.BindingsEqualsTest" time="0.0"/>
  <testcase name="test_Expression_null[21]" classname="javafx.binding.BindingsEqualsTest" time="0.0"/>
  <testcase name="test_Expression_Primitive[21]" classname="javafx.binding.BindingsEqualsTest" time="0.0"/>
  <testcase name="test_null_Primitive[21]" classname="javafx.binding.BindingsEqualsTest" time="0.0"/>
  <testcase name="test_Primitive_Expression[21]" classname="javafx.binding.BindingsEqualsTest" time="0.0"/>
  <testcase name="test_Self[22]" classname="javafx.binding.BindingsEqualsTest" time="0.0"/>
  <testcase name="test_Primitive_null[22]" classname="javafx.binding.BindingsEqualsTest" time="0.0"/>
  <testcase name="test_Expression_Expression[22]" classname="javafx.binding.BindingsEqualsTest" time="0.001"/>
  <testcase name="test_null_Expression[22]" classname="javafx.binding.BindingsEqualsTest" time="0.0"/>
  <testcase name="test_Expression_null[22]" classname="javafx.binding.BindingsEqualsTest" time="0.0"/>
  <testcase name="test_Expression_Primitive[22]" classname="javafx.binding.BindingsEqualsTest" time="0.0"/>
  <testcase name="test_null_Primitive[22]" classname="javafx.binding.BindingsEqualsTest" time="0.001"/>
  <testcase name="test_Primitive_Expression[22]" classname="javafx.binding.BindingsEqualsTest" time="0.0"/>
  <testcase name="test_Self[23]" classname="javafx.binding.BindingsEqualsTest" time="0.0"/>
  <testcase name="test_Primitive_null[23]" classname="javafx.binding.BindingsEqualsTest" time="0.0"/>
  <testcase name="test_Expression_Expression[23]" classname="javafx.binding.BindingsEqualsTest" time="0.0"/>
  <testcase name="test_null_Expression[23]" classname="javafx.binding.BindingsEqualsTest" time="0.0"/>
  <testcase name="test_Expression_null[23]" classname="javafx.binding.BindingsEqualsTest" time="0.0"/>
  <testcase name="test_Expression_Primitive[23]" classname="javafx.binding.BindingsEqualsTest" time="0.0"/>
  <testcase name="test_null_Primitive[23]" classname="javafx.binding.BindingsEqualsTest" time="0.0"/>
  <testcase name="test_Primitive_Expression[23]" classname="javafx.binding.BindingsEqualsTest" time="0.001"/>
  <testcase name="test_Self[24]" classname="javafx.binding.BindingsEqualsTest" time="0.0"/>
  <testcase name="test_Primitive_null[24]" classname="javafx.binding.BindingsEqualsTest" time="0.0"/>
  <testcase name="test_Expression_Expression[24]" classname="javafx.binding.BindingsEqualsTest" time="0.0"/>
  <testcase name="test_null_Expression[24]" classname="javafx.binding.BindingsEqualsTest" time="0.0"/>
  <testcase name="test_Expression_null[24]" classname="javafx.binding.BindingsEqualsTest" time="0.0"/>
  <testcase name="test_Expression_Primitive[24]" classname="javafx.binding.BindingsEqualsTest" time="0.0"/>
  <testcase name="test_null_Primitive[24]" classname="javafx.binding.BindingsEqualsTest" time="0.0"/>
  <testcase name="test_Primitive_Expression[24]" classname="javafx.binding.BindingsEqualsTest" time="0.0"/>
  <testcase name="test_Self[25]" classname="javafx.binding.BindingsEqualsTest" time="0.0"/>
  <testcase name="test_Primitive_null[25]" classname="javafx.binding.BindingsEqualsTest" time="0.0"/>
  <testcase name="test_Expression_Expression[25]" classname="javafx.binding.BindingsEqualsTest" time="0.0"/>
  <testcase name="test_null_Expression[25]" classname="javafx.binding.BindingsEqualsTest" time="0.0"/>
  <testcase name="test_Expression_null[25]" classname="javafx.binding.BindingsEqualsTest" time="0.0"/>
  <testcase name="test_Expression_Primitive[25]" classname="javafx.binding.BindingsEqualsTest" time="0.0"/>
  <testcase name="test_null_Primitive[25]" classname="javafx.binding.BindingsEqualsTest" time="0.0"/>
  <testcase name="test_Primitive_Expression[25]" classname="javafx.binding.BindingsEqualsTest" time="0.0"/>
  <testcase name="test_Self[26]" classname="javafx.binding.BindingsEqualsTest" time="0.0"/>
  <testcase name="test_Primitive_null[26]" classname="javafx.binding.BindingsEqualsTest" time="0.0"/>
  <testcase name="test_Expression_Expression[26]" classname="javafx.binding.BindingsEqualsTest" time="0.001"/>
  <testcase name="test_null_Expression[26]" classname="javafx.binding.BindingsEqualsTest" time="0.0"/>
  <testcase name="test_Expression_null[26]" classname="javafx.binding.BindingsEqualsTest" time="0.0"/>
  <testcase name="test_Expression_Primitive[26]" classname="javafx.binding.BindingsEqualsTest" time="0.0"/>
  <testcase name="test_null_Primitive[26]" classname="javafx.binding.BindingsEqualsTest" time="0.0"/>
  <testcase name="test_Primitive_Expression[26]" classname="javafx.binding.BindingsEqualsTest" time="0.0"/>
  <testcase name="test_Self[27]" classname="javafx.binding.BindingsEqualsTest" time="0.0"/>
  <testcase name="test_Primitive_null[27]" classname="javafx.binding.BindingsEqualsTest" time="0.0"/>
  <testcase name="test_Expression_Expression[27]" classname="javafx.binding.BindingsEqualsTest" time="0.0"/>
  <testcase name="test_null_Expression[27]" classname="javafx.binding.BindingsEqualsTest" time="0.0"/>
  <testcase name="test_Expression_null[27]" classname="javafx.binding.BindingsEqualsTest" time="0.001"/>
  <testcase name="test_Expression_Primitive[27]" classname="javafx.binding.BindingsEqualsTest" time="0.0"/>
  <testcase name="test_null_Primitive[27]" classname="javafx.binding.BindingsEqualsTest" time="0.001"/>
  <testcase name="test_Primitive_Expression[27]" classname="javafx.binding.BindingsEqualsTest" time="0.0"/>
  <testcase name="test_Self[28]" classname="javafx.binding.BindingsEqualsTest" time="0.0"/>
  <testcase name="test_Primitive_null[28]" classname="javafx.binding.BindingsEqualsTest" time="0.0"/>
  <testcase name="test_Expression_Expression[28]" classname="javafx.binding.BindingsEqualsTest" time="0.0"/>
  <testcase name="test_null_Expression[28]" classname="javafx.binding.BindingsEqualsTest" time="0.0"/>
  <testcase name="test_Expression_null[28]" classname="javafx.binding.BindingsEqualsTest" time="0.001"/>
  <testcase name="test_Expression_Primitive[28]" classname="javafx.binding.BindingsEqualsTest" time="0.0"/>
  <testcase name="test_null_Primitive[28]" classname="javafx.binding.BindingsEqualsTest" time="0.0"/>
  <testcase name="test_Primitive_Expression[28]" classname="javafx.binding.BindingsEqualsTest" time="0.0"/>
  <testcase name="test_Self[29]" classname="javafx.binding.BindingsEqualsTest" time="0.0"/>
  <testcase name="test_Primitive_null[29]" classname="javafx.binding.BindingsEqualsTest" time="0.0"/>
  <testcase name="test_Expression_Expression[29]" classname="javafx.binding.BindingsEqualsTest" time="0.0"/>
  <testcase name="test_null_Expression[29]" classname="javafx.binding.BindingsEqualsTest" time="0.0"/>
  <testcase name="test_Expression_null[29]" classname="javafx.binding.BindingsEqualsTest" time="0.0"/>
  <testcase name="test_Expression_Primitive[29]" classname="javafx.binding.BindingsEqualsTest" time="0.0"/>
  <testcase name="test_null_Primitive[29]" classname="javafx.binding.BindingsEqualsTest" time="0.001"/>
  <testcase name="test_Primitive_Expression[29]" classname="javafx.binding.BindingsEqualsTest" time="0.0"/>
  <testcase name="test_Self[30]" classname="javafx.binding.BindingsEqualsTest" time="0.0"/>
  <testcase name="test_Primitive_null[30]" classname="javafx.binding.BindingsEqualsTest" time="0.0"/>
  <testcase name="test_Expression_Expression[30]" classname="javafx.binding.BindingsEqualsTest" time="0.001"/>
  <testcase name="test_null_Expression[30]" classname="javafx.binding.BindingsEqualsTest" time="0.0"/>
  <testcase name="test_Expression_null[30]" classname="javafx.binding.BindingsEqualsTest" time="0.0"/>
  <testcase name="test_Expression_Primitive[30]" classname="javafx.binding.BindingsEqualsTest" time="0.0"/>
  <testcase name="test_null_Primitive[30]" classname="javafx.binding.BindingsEqualsTest" time="0.0"/>
  <testcase name="test_Primitive_Expression[30]" classname="javafx.binding.BindingsEqualsTest" time="0.0"/>
  <testcase name="test_Self[31]" classname="javafx.binding.BindingsEqualsTest" time="0.0"/>
  <testcase name="test_Primitive_null[31]" classname="javafx.binding.BindingsEqualsTest" time="0.0"/>
  <testcase name="test_Expression_Expression[31]" classname="javafx.binding.BindingsEqualsTest" time="0.0"/>
  <testcase name="test_null_Expression[31]" classname="javafx.binding.BindingsEqualsTest" time="0.0"/>
  <testcase name="test_Expression_null[31]" classname="javafx.binding.BindingsEqualsTest" time="0.0"/>
  <testcase name="test_Expression_Primitive[31]" classname="javafx.binding.BindingsEqualsTest" time="0.001"/>
  <testcase name="test_null_Primitive[31]" classname="javafx.binding.BindingsEqualsTest" time="0.0"/>
  <testcase name="test_Primitive_Expression[31]" classname="javafx.binding.BindingsEqualsTest" time="0.001"/>
  <testcase name="test_Self[32]" classname="javafx.binding.BindingsEqualsTest" time="0.001"/>
  <testcase name="test_Primitive_null[32]" classname="javafx.binding.BindingsEqualsTest" time="0.0"/>
  <testcase name="test_Expression_Expression[32]" classname="javafx.binding.BindingsEqualsTest" time="0.0"/>
  <testcase name="test_null_Expression[32]" classname="javafx.binding.BindingsEqualsTest" time="0.0"/>
  <testcase name="test_Expression_null[32]" classname="javafx.binding.BindingsEqualsTest" time="0.0"/>
  <testcase name="test_Expression_Primitive[32]" classname="javafx.binding.BindingsEqualsTest" time="0.001"/>
  <testcase name="test_null_Primitive[32]" classname="javafx.binding.BindingsEqualsTest" time="0.0"/>
  <testcase name="test_Primitive_Expression[32]" classname="javafx.binding.BindingsEqualsTest" time="0.0"/>
  <testcase name="test_Self[33]" classname="javafx.binding.BindingsEqualsTest" time="0.0"/>
  <testcase name="test_Primitive_null[33]" classname="javafx.binding.BindingsEqualsTest" time="0.0"/>
  <testcase name="test_Expression_Expression[33]" classname="javafx.binding.BindingsEqualsTest" time="0.0"/>
  <testcase name="test_null_Expression[33]" classname="javafx.binding.BindingsEqualsTest" time="0.0"/>
  <testcase name="test_Expression_null[33]" classname="javafx.binding.BindingsEqualsTest" time="0.0"/>
  <testcase name="test_Expression_Primitive[33]" classname="javafx.binding.BindingsEqualsTest" time="0.0"/>
  <testcase name="test_null_Primitive[33]" classname="javafx.binding.BindingsEqualsTest" time="0.0"/>
  <testcase name="test_Primitive_Expression[33]" classname="javafx.binding.BindingsEqualsTest" time="0.0"/>
  <testcase name="test_Self[34]" classname="javafx.binding.BindingsEqualsTest" time="0.0"/>
  <testcase name="test_Primitive_null[34]" classname="javafx.binding.BindingsEqualsTest" time="0.0"/>
  <testcase name="test_Expression_Expression[34]" classname="javafx.binding.BindingsEqualsTest" time="0.001"/>
  <testcase name="test_null_Expression[34]" classname="javafx.binding.BindingsEqualsTest" time="0.0"/>
  <testcase name="test_Expression_null[34]" classname="javafx.binding.BindingsEqualsTest" time="0.001"/>
  <testcase name="test_Expression_Primitive[34]" classname="javafx.binding.BindingsEqualsTest" time="0.0"/>
  <testcase name="test_null_Primitive[34]" classname="javafx.binding.BindingsEqualsTest" time="0.0"/>
  <testcase name="test_Primitive_Expression[34]" classname="javafx.binding.BindingsEqualsTest" time="0.0"/>
  <testcase name="test_Self[35]" classname="javafx.binding.BindingsEqualsTest" time="0.0"/>
  <testcase name="test_Primitive_null[35]" classname="javafx.binding.BindingsEqualsTest" time="0.001"/>
  <testcase name="test_Expression_Expression[35]" classname="javafx.binding.BindingsEqualsTest" time="0.0"/>
  <testcase name="test_null_Expression[35]" classname="javafx.binding.BindingsEqualsTest" time="0.0"/>
  <testcase name="test_Expression_null[35]" classname="javafx.binding.BindingsEqualsTest" time="0.0"/>
  <testcase name="test_Expression_Primitive[35]" classname="javafx.binding.BindingsEqualsTest" time="0.0"/>
  <testcase name="test_null_Primitive[35]" classname="javafx.binding.BindingsEqualsTest" time="0.0"/>
  <testcase name="test_Primitive_Expression[35]" classname="javafx.binding.BindingsEqualsTest" time="0.0"/>
  <testcase name="test_Self[36]" classname="javafx.binding.BindingsEqualsTest" time="0.001"/>
  <testcase name="test_Primitive_null[36]" classname="javafx.binding.BindingsEqualsTest" time="0.0"/>
  <testcase name="test_Expression_Expression[36]" classname="javafx.binding.BindingsEqualsTest" time="0.0"/>
  <testcase name="test_null_Expression[36]" classname="javafx.binding.BindingsEqualsTest" time="0.0"/>
  <testcase name="test_Expression_null[36]" classname="javafx.binding.BindingsEqualsTest" time="0.001"/>
  <testcase name="test_Expression_Primitive[36]" classname="javafx.binding.BindingsEqualsTest" time="0.0"/>
  <testcase name="test_null_Primitive[36]" classname="javafx.binding.BindingsEqualsTest" time="0.0"/>
  <testcase name="test_Primitive_Expression[36]" classname="javafx.binding.BindingsEqualsTest" time="0.0"/>
  <testcase name="test_Self[37]" classname="javafx.binding.BindingsEqualsTest" time="0.0"/>
  <testcase name="test_Primitive_null[37]" classname="javafx.binding.BindingsEqualsTest" time="0.001"/>
  <testcase name="test_Expression_Expression[37]" classname="javafx.binding.BindingsEqualsTest" time="0.0"/>
  <testcase name="test_null_Expression[37]" classname="javafx.binding.BindingsEqualsTest" time="0.0"/>
  <testcase name="test_Expression_null[37]" classname="javafx.binding.BindingsEqualsTest" time="0.0"/>
  <testcase name="test_Expression_Primitive[37]" classname="javafx.binding.BindingsEqualsTest" time="0.0"/>
  <testcase name="test_null_Primitive[37]" classname="javafx.binding.BindingsEqualsTest" time="0.0"/>
  <testcase name="test_Primitive_Expression[37]" classname="javafx.binding.BindingsEqualsTest" time="0.001"/>
  <testcase name="test_Self[38]" classname="javafx.binding.BindingsEqualsTest" time="0.0"/>
  <testcase name="test_Primitive_null[38]" classname="javafx.binding.BindingsEqualsTest" time="0.0"/>
  <testcase name="test_Expression_Expression[38]" classname="javafx.binding.BindingsEqualsTest" time="0.0"/>
  <testcase name="test_null_Expression[38]" classname="javafx.binding.BindingsEqualsTest" time="0.0"/>
  <testcase name="test_Expression_null[38]" classname="javafx.binding.BindingsEqualsTest" time="0.0"/>
  <testcase name="test_Expression_Primitive[38]" classname="javafx.binding.BindingsEqualsTest" time="0.0"/>
  <testcase name="test_null_Primitive[38]" classname="javafx.binding.BindingsEqualsTest" time="0.0"/>
  <testcase name="test_Primitive_Expression[38]" classname="javafx.binding.BindingsEqualsTest" time="0.0"/>
  <testcase name="test_Self[39]" classname="javafx.binding.BindingsEqualsTest" time="0.0"/>
  <testcase name="test_Primitive_null[39]" classname="javafx.binding.BindingsEqualsTest" time="0.0"/>
  <testcase name="test_Expression_Expression[39]" classname="javafx.binding.BindingsEqualsTest" time="0.001"/>
  <testcase name="test_null_Expression[39]" classname="javafx.binding.BindingsEqualsTest" time="0.0"/>
  <testcase name="test_Expression_null[39]" classname="javafx.binding.BindingsEqualsTest" time="0.0"/>
  <testcase name="test_Expression_Primitive[39]" classname="javafx.binding.BindingsEqualsTest" time="0.0"/>
  <testcase name="test_null_Primitive[39]" classname="javafx.binding.BindingsEqualsTest" time="0.0"/>
  <testcase name="test_Primitive_Expression[39]" classname="javafx.binding.BindingsEqualsTest" time="0.0"/>
  <testcase name="test_Self[40]" classname="javafx.binding.BindingsEqualsTest" time="0.001"/>
  <testcase name="test_Primitive_null[40]" classname="javafx.binding.BindingsEqualsTest" time="0.0"/>
  <testcase name="test_Expression_Expression[40]" classname="javafx.binding.BindingsEqualsTest" time="0.0"/>
  <testcase name="test_null_Expression[40]" classname="javafx.binding.BindingsEqualsTest" time="0.0"/>
  <testcase name="test_Expression_null[40]" classname="javafx.binding.BindingsEqualsTest" time="0.0"/>
  <testcase name="test_Expression_Primitive[40]" classname="javafx.binding.BindingsEqualsTest" time="0.001"/>
  <testcase name="test_null_Primitive[40]" classname="javafx.binding.BindingsEqualsTest" time="0.0"/>
  <testcase name="test_Primitive_Expression[40]" classname="javafx.binding.BindingsEqualsTest" time="0.0"/>
  <testcase name="test_Self[41]" classname="javafx.binding.BindingsEqualsTest" time="0.0"/>
  <testcase name="test_Primitive_null[41]" classname="javafx.binding.BindingsEqualsTest" time="0.0"/>
  <testcase name="test_Expression_Expression[41]" classname="javafx.binding.BindingsEqualsTest" time="0.001"/>
  <testcase name="test_null_Expression[41]" classname="javafx.binding.BindingsEqualsTest" time="0.0"/>
  <testcase name="test_Expression_null[41]" classname="javafx.binding.BindingsEqualsTest" time="0.0"/>
  <testcase name="test_Expression_Primitive[41]" classname="javafx.binding.BindingsEqualsTest" time="0.001"/>
  <testcase name="test_null_Primitive[41]" classname="javafx.binding.BindingsEqualsTest" time="0.001"/>
  <testcase name="test_Primitive_Expression[41]" classname="javafx.binding.BindingsEqualsTest" time="0.0"/>
  <system-out><![CDATA[]]></system-out>
  <system-err><![CDATA[]]></system-err>
</testsuite>
