<?xml version="1.0" encoding="UTF-8"?>
<testsuite name="com.sun.javafx.collections.MappingChangeTest" tests="4" skipped="0" failures="0" errors="0" timestamp="2018-12-24T19:03:12" hostname="DESKTOP-CFPL3NK" time="0.005">
  <properties/>
  <testcase name="testUpdate" classname="com.sun.javafx.collections.MappingChangeTest" time="0.003"/>
  <testcase name="testPermutation" classname="com.sun.javafx.collections.MappingChangeTest" time="0.0"/>
  <testcase name="testAddRemove" classname="com.sun.javafx.collections.MappingChangeTest" time="0.001"/>
  <testcase name="testComplex" classname="com.sun.javafx.collections.MappingChangeTest" time="0.001"/>
  <system-out><![CDATA[]]></system-out>
  <system-err><![CDATA[]]></system-err>
</testsuite>
