<?xml version="1.0" encoding="UTF-8"?>
<testsuite name="javafx.collections.ObservableMapTest" tests="182" skipped="0" failures="0" errors="0" timestamp="2018-12-24T19:03:15" hostname="DESKTOP-CFPL3NK" time="0.036">
  <properties/>
  <testcase name="testClear[0]" classname="javafx.collections.ObservableMapTest" time="0.0"/>
  <testcase name="testPutRemove[0]" classname="javafx.collections.ObservableMapTest" time="0.0"/>
  <testcase name="testKeySet_Clear[0]" classname="javafx.collections.ObservableMapTest" time="0.0"/>
  <testcase name="testValues_Other[0]" classname="javafx.collections.ObservableMapTest" time="0.0"/>
  <testcase name="testOther[0]" classname="javafx.collections.ObservableMapTest" time="0.0"/>
  <testcase name="testPutAll[0]" classname="javafx.collections.ObservableMapTest" time="0.0"/>
  <testcase name="testKeySet_Other[0]" classname="javafx.collections.ObservableMapTest" time="0.0"/>
  <testcase name="testValues_Clear[0]" classname="javafx.collections.ObservableMapTest" time="0.0"/>
  <testcase name="testPutRemove_NullKey[0]" classname="javafx.collections.ObservableMapTest" time="0.0"/>
  <testcase name="testKeySet_RemoveAll[0]" classname="javafx.collections.ObservableMapTest" time="0.0"/>
  <testcase name="testValues_RemoveAll[0]" classname="javafx.collections.ObservableMapTest" time="0.0"/>
  <testcase name="testEntrySet_Clear[0]" classname="javafx.collections.ObservableMapTest" time="0.0"/>
  <testcase name="testEntrySet_Iterator[0]" classname="javafx.collections.ObservableMapTest" time="0.001"/>
  <testcase name="testEntrySet_Remove[0]" classname="javafx.collections.ObservableMapTest" time="0.0"/>
  <testcase name="testKeySet_RetainAll[0]" classname="javafx.collections.ObservableMapTest" time="0.001"/>
  <testcase name="testValues_Iterator[0]" classname="javafx.collections.ObservableMapTest" time="0.0"/>
  <testcase name="testValues_RetainAll[0]" classname="javafx.collections.ObservableMapTest" time="0.0"/>
  <testcase name="testKeySet_Remove[0]" classname="javafx.collections.ObservableMapTest" time="0.0"/>
  <testcase name="testEntrySet_RetainAll[0]" classname="javafx.collections.ObservableMapTest" time="0.0"/>
  <testcase name="testEntrySet_Other[0]" classname="javafx.collections.ObservableMapTest" time="0.0"/>
  <testcase name="testKeySet_Iterator[0]" classname="javafx.collections.ObservableMapTest" time="0.0"/>
  <testcase name="testEntrySet_RemoveAll[0]" classname="javafx.collections.ObservableMapTest" time="0.0"/>
  <testcase name="testPutRemove_Null[0]" classname="javafx.collections.ObservableMapTest" time="0.0"/>
  <testcase name="testValues_Remove[0]" classname="javafx.collections.ObservableMapTest" time="0.0"/>
  <testcase name="testEqualsAndHashCode[0]" classname="javafx.collections.ObservableMapTest" time="0.0"/>
  <testcase name="testObserverCanRemoveObservers[0]" classname="javafx.collections.ObservableMapTest" time="0.001"/>
  <testcase name="testClear[1]" classname="javafx.collections.ObservableMapTest" time="0.001"/>
  <testcase name="testPutRemove[1]" classname="javafx.collections.ObservableMapTest" time="0.0"/>
  <testcase name="testKeySet_Clear[1]" classname="javafx.collections.ObservableMapTest" time="0.0"/>
  <testcase name="testValues_Other[1]" classname="javafx.collections.ObservableMapTest" time="0.0"/>
  <testcase name="testOther[1]" classname="javafx.collections.ObservableMapTest" time="0.001"/>
  <testcase name="testPutAll[1]" classname="javafx.collections.ObservableMapTest" time="0.0"/>
  <testcase name="testKeySet_Other[1]" classname="javafx.collections.ObservableMapTest" time="0.0"/>
  <testcase name="testValues_Clear[1]" classname="javafx.collections.ObservableMapTest" time="0.0"/>
  <testcase name="testPutRemove_NullKey[1]" classname="javafx.collections.ObservableMapTest" time="0.0"/>
  <testcase name="testKeySet_RemoveAll[1]" classname="javafx.collections.ObservableMapTest" time="0.0"/>
  <testcase name="testValues_RemoveAll[1]" classname="javafx.collections.ObservableMapTest" time="0.0"/>
  <testcase name="testEntrySet_Clear[1]" classname="javafx.collections.ObservableMapTest" time="0.0"/>
  <testcase name="testEntrySet_Iterator[1]" classname="javafx.collections.ObservableMapTest" time="0.0"/>
  <testcase name="testEntrySet_Remove[1]" classname="javafx.collections.ObservableMapTest" time="0.0"/>
  <testcase name="testKeySet_RetainAll[1]" classname="javafx.collections.ObservableMapTest" time="0.0"/>
  <testcase name="testValues_Iterator[1]" classname="javafx.collections.ObservableMapTest" time="0.0"/>
  <testcase name="testValues_RetainAll[1]" classname="javafx.collections.ObservableMapTest" time="0.0"/>
  <testcase name="testKeySet_Remove[1]" classname="javafx.collections.ObservableMapTest" time="0.0"/>
  <testcase name="testEntrySet_RetainAll[1]" classname="javafx.collections.ObservableMapTest" time="0.001"/>
  <testcase name="testEntrySet_Other[1]" classname="javafx.collections.ObservableMapTest" time="0.0"/>
  <testcase name="testKeySet_Iterator[1]" classname="javafx.collections.ObservableMapTest" time="0.0"/>
  <testcase name="testEntrySet_RemoveAll[1]" classname="javafx.collections.ObservableMapTest" time="0.0"/>
  <testcase name="testPutRemove_Null[1]" classname="javafx.collections.ObservableMapTest" time="0.0"/>
  <testcase name="testValues_Remove[1]" classname="javafx.collections.ObservableMapTest" time="0.0"/>
  <testcase name="testEqualsAndHashCode[1]" classname="javafx.collections.ObservableMapTest" time="0.0"/>
  <testcase name="testObserverCanRemoveObservers[1]" classname="javafx.collections.ObservableMapTest" time="0.0"/>
  <testcase name="testClear[2]" classname="javafx.collections.ObservableMapTest" time="0.0"/>
  <testcase name="testPutRemove[2]" classname="javafx.collections.ObservableMapTest" time="0.0"/>
  <testcase name="testKeySet_Clear[2]" classname="javafx.collections.ObservableMapTest" time="0.0"/>
  <testcase name="testValues_Other[2]" classname="javafx.collections.ObservableMapTest" time="0.0"/>
  <testcase name="testOther[2]" classname="javafx.collections.ObservableMapTest" time="0.0"/>
  <testcase name="testPutAll[2]" classname="javafx.collections.ObservableMapTest" time="0.001"/>
  <testcase name="testKeySet_Other[2]" classname="javafx.collections.ObservableMapTest" time="0.0"/>
  <testcase name="testValues_Clear[2]" classname="javafx.collections.ObservableMapTest" time="0.0"/>
  <testcase name="testPutRemove_NullKey[2]" classname="javafx.collections.ObservableMapTest" time="0.0"/>
  <testcase name="testKeySet_RemoveAll[2]" classname="javafx.collections.ObservableMapTest" time="0.001"/>
  <testcase name="testValues_RemoveAll[2]" classname="javafx.collections.ObservableMapTest" time="0.0"/>
  <testcase name="testEntrySet_Clear[2]" classname="javafx.collections.ObservableMapTest" time="0.001"/>
  <testcase name="testEntrySet_Iterator[2]" classname="javafx.collections.ObservableMapTest" time="0.0"/>
  <testcase name="testEntrySet_Remove[2]" classname="javafx.collections.ObservableMapTest" time="0.0"/>
  <testcase name="testKeySet_RetainAll[2]" classname="javafx.collections.ObservableMapTest" time="0.0"/>
  <testcase name="testValues_Iterator[2]" classname="javafx.collections.ObservableMapTest" time="0.0"/>
  <testcase name="testValues_RetainAll[2]" classname="javafx.collections.ObservableMapTest" time="0.0"/>
  <testcase name="testKeySet_Remove[2]" classname="javafx.collections.ObservableMapTest" time="0.001"/>
  <testcase name="testEntrySet_RetainAll[2]" classname="javafx.collections.ObservableMapTest" time="0.0"/>
  <testcase name="testEntrySet_Other[2]" classname="javafx.collections.ObservableMapTest" time="0.0"/>
  <testcase name="testKeySet_Iterator[2]" classname="javafx.collections.ObservableMapTest" time="0.0"/>
  <testcase name="testEntrySet_RemoveAll[2]" classname="javafx.collections.ObservableMapTest" time="0.0"/>
  <testcase name="testPutRemove_Null[2]" classname="javafx.collections.ObservableMapTest" time="0.0"/>
  <testcase name="testValues_Remove[2]" classname="javafx.collections.ObservableMapTest" time="0.0"/>
  <testcase name="testEqualsAndHashCode[2]" classname="javafx.collections.ObservableMapTest" time="0.0"/>
  <testcase name="testObserverCanRemoveObservers[2]" classname="javafx.collections.ObservableMapTest" time="0.0"/>
  <testcase name="testClear[3]" classname="javafx.collections.ObservableMapTest" time="0.001"/>
  <testcase name="testPutRemove[3]" classname="javafx.collections.ObservableMapTest" time="0.0"/>
  <testcase name="testKeySet_Clear[3]" classname="javafx.collections.ObservableMapTest" time="0.0"/>
  <testcase name="testValues_Other[3]" classname="javafx.collections.ObservableMapTest" time="0.0"/>
  <testcase name="testOther[3]" classname="javafx.collections.ObservableMapTest" time="0.0"/>
  <testcase name="testPutAll[3]" classname="javafx.collections.ObservableMapTest" time="0.0"/>
  <testcase name="testKeySet_Other[3]" classname="javafx.collections.ObservableMapTest" time="0.001"/>
  <testcase name="testValues_Clear[3]" classname="javafx.collections.ObservableMapTest" time="0.0"/>
  <testcase name="testPutRemove_NullKey[3]" classname="javafx.collections.ObservableMapTest" time="0.0"/>
  <testcase name="testKeySet_RemoveAll[3]" classname="javafx.collections.ObservableMapTest" time="0.0"/>
  <testcase name="testValues_RemoveAll[3]" classname="javafx.collections.ObservableMapTest" time="0.001"/>
  <testcase name="testEntrySet_Clear[3]" classname="javafx.collections.ObservableMapTest" time="0.0"/>
  <testcase name="testEntrySet_Iterator[3]" classname="javafx.collections.ObservableMapTest" time="0.0"/>
  <testcase name="testEntrySet_Remove[3]" classname="javafx.collections.ObservableMapTest" time="0.0"/>
  <testcase name="testKeySet_RetainAll[3]" classname="javafx.collections.ObservableMapTest" time="0.0"/>
  <testcase name="testValues_Iterator[3]" classname="javafx.collections.ObservableMapTest" time="0.0"/>
  <testcase name="testValues_RetainAll[3]" classname="javafx.collections.ObservableMapTest" time="0.0"/>
  <testcase name="testKeySet_Remove[3]" classname="javafx.collections.ObservableMapTest" time="0.0"/>
  <testcase name="testEntrySet_RetainAll[3]" classname="javafx.collections.ObservableMapTest" time="0.0"/>
  <testcase name="testEntrySet_Other[3]" classname="javafx.collections.ObservableMapTest" time="0.0"/>
  <testcase name="testKeySet_Iterator[3]" classname="javafx.collections.ObservableMapTest" time="0.0"/>
  <testcase name="testEntrySet_RemoveAll[3]" classname="javafx.collections.ObservableMapTest" time="0.0"/>
  <testcase name="testPutRemove_Null[3]" classname="javafx.collections.ObservableMapTest" time="0.0"/>
  <testcase name="testValues_Remove[3]" classname="javafx.collections.ObservableMapTest" time="0.0"/>
  <testcase name="testEqualsAndHashCode[3]" classname="javafx.collections.ObservableMapTest" time="0.0"/>
  <testcase name="testObserverCanRemoveObservers[3]" classname="javafx.collections.ObservableMapTest" time="0.001"/>
  <testcase name="testClear[4]" classname="javafx.collections.ObservableMapTest" time="0.0"/>
  <testcase name="testPutRemove[4]" classname="javafx.collections.ObservableMapTest" time="0.0"/>
  <testcase name="testKeySet_Clear[4]" classname="javafx.collections.ObservableMapTest" time="0.001"/>
  <testcase name="testValues_Other[4]" classname="javafx.collections.ObservableMapTest" time="0.0"/>
  <testcase name="testOther[4]" classname="javafx.collections.ObservableMapTest" time="0.0"/>
  <testcase name="testPutAll[4]" classname="javafx.collections.ObservableMapTest" time="0.0"/>
  <testcase name="testKeySet_Other[4]" classname="javafx.collections.ObservableMapTest" time="0.0"/>
  <testcase name="testValues_Clear[4]" classname="javafx.collections.ObservableMapTest" time="0.0"/>
  <testcase name="testPutRemove_NullKey[4]" classname="javafx.collections.ObservableMapTest" time="0.0"/>
  <testcase name="testKeySet_RemoveAll[4]" classname="javafx.collections.ObservableMapTest" time="0.0"/>
  <testcase name="testValues_RemoveAll[4]" classname="javafx.collections.ObservableMapTest" time="0.001"/>
  <testcase name="testEntrySet_Clear[4]" classname="javafx.collections.ObservableMapTest" time="0.0"/>
  <testcase name="testEntrySet_Iterator[4]" classname="javafx.collections.ObservableMapTest" time="0.002"/>
  <testcase name="testEntrySet_Remove[4]" classname="javafx.collections.ObservableMapTest" time="0.0"/>
  <testcase name="testKeySet_RetainAll[4]" classname="javafx.collections.ObservableMapTest" time="0.0"/>
  <testcase name="testValues_Iterator[4]" classname="javafx.collections.ObservableMapTest" time="0.001"/>
  <testcase name="testValues_RetainAll[4]" classname="javafx.collections.ObservableMapTest" time="0.0"/>
  <testcase name="testKeySet_Remove[4]" classname="javafx.collections.ObservableMapTest" time="0.0"/>
  <testcase name="testEntrySet_RetainAll[4]" classname="javafx.collections.ObservableMapTest" time="0.0"/>
  <testcase name="testEntrySet_Other[4]" classname="javafx.collections.ObservableMapTest" time="0.0"/>
  <testcase name="testKeySet_Iterator[4]" classname="javafx.collections.ObservableMapTest" time="0.0"/>
  <testcase name="testEntrySet_RemoveAll[4]" classname="javafx.collections.ObservableMapTest" time="0.0"/>
  <testcase name="testPutRemove_Null[4]" classname="javafx.collections.ObservableMapTest" time="0.001"/>
  <testcase name="testValues_Remove[4]" classname="javafx.collections.ObservableMapTest" time="0.0"/>
  <testcase name="testEqualsAndHashCode[4]" classname="javafx.collections.ObservableMapTest" time="0.0"/>
  <testcase name="testObserverCanRemoveObservers[4]" classname="javafx.collections.ObservableMapTest" time="0.0"/>
  <testcase name="testClear[5]" classname="javafx.collections.ObservableMapTest" time="0.001"/>
  <testcase name="testPutRemove[5]" classname="javafx.collections.ObservableMapTest" time="0.0"/>
  <testcase name="testKeySet_Clear[5]" classname="javafx.collections.ObservableMapTest" time="0.0"/>
  <testcase name="testValues_Other[5]" classname="javafx.collections.ObservableMapTest" time="0.001"/>
  <testcase name="testOther[5]" classname="javafx.collections.ObservableMapTest" time="0.0"/>
  <testcase name="testPutAll[5]" classname="javafx.collections.ObservableMapTest" time="0.0"/>
  <testcase name="testKeySet_Other[5]" classname="javafx.collections.ObservableMapTest" time="0.001"/>
  <testcase name="testValues_Clear[5]" classname="javafx.collections.ObservableMapTest" time="0.0"/>
  <testcase name="testPutRemove_NullKey[5]" classname="javafx.collections.ObservableMapTest" time="0.0"/>
  <testcase name="testKeySet_RemoveAll[5]" classname="javafx.collections.ObservableMapTest" time="0.0"/>
  <testcase name="testValues_RemoveAll[5]" classname="javafx.collections.ObservableMapTest" time="0.0"/>
  <testcase name="testEntrySet_Clear[5]" classname="javafx.collections.ObservableMapTest" time="0.0"/>
  <testcase name="testEntrySet_Iterator[5]" classname="javafx.collections.ObservableMapTest" time="0.0"/>
  <testcase name="testEntrySet_Remove[5]" classname="javafx.collections.ObservableMapTest" time="0.0"/>
  <testcase name="testKeySet_RetainAll[5]" classname="javafx.collections.ObservableMapTest" time="0.0"/>
  <testcase name="testValues_Iterator[5]" classname="javafx.collections.ObservableMapTest" time="0.0"/>
  <testcase name="testValues_RetainAll[5]" classname="javafx.collections.ObservableMapTest" time="0.0"/>
  <testcase name="testKeySet_Remove[5]" classname="javafx.collections.ObservableMapTest" time="0.0"/>
  <testcase name="testEntrySet_RetainAll[5]" classname="javafx.collections.ObservableMapTest" time="0.0"/>
  <testcase name="testEntrySet_Other[5]" classname="javafx.collections.ObservableMapTest" time="0.0"/>
  <testcase name="testKeySet_Iterator[5]" classname="javafx.collections.ObservableMapTest" time="0.0"/>
  <testcase name="testEntrySet_RemoveAll[5]" classname="javafx.collections.ObservableMapTest" time="0.0"/>
  <testcase name="testPutRemove_Null[5]" classname="javafx.collections.ObservableMapTest" time="0.0"/>
  <testcase name="testValues_Remove[5]" classname="javafx.collections.ObservableMapTest" time="0.0"/>
  <testcase name="testEqualsAndHashCode[5]" classname="javafx.collections.ObservableMapTest" time="0.0"/>
  <testcase name="testObserverCanRemoveObservers[5]" classname="javafx.collections.ObservableMapTest" time="0.0"/>
  <testcase name="testClear[6]" classname="javafx.collections.ObservableMapTest" time="0.0"/>
  <testcase name="testPutRemove[6]" classname="javafx.collections.ObservableMapTest" time="0.0"/>
  <testcase name="testKeySet_Clear[6]" classname="javafx.collections.ObservableMapTest" time="0.0"/>
  <testcase name="testValues_Other[6]" classname="javafx.collections.ObservableMapTest" time="0.001"/>
  <testcase name="testOther[6]" classname="javafx.collections.ObservableMapTest" time="0.0"/>
  <testcase name="testPutAll[6]" classname="javafx.collections.ObservableMapTest" time="0.0"/>
  <testcase name="testKeySet_Other[6]" classname="javafx.collections.ObservableMapTest" time="0.0"/>
  <testcase name="testValues_Clear[6]" classname="javafx.collections.ObservableMapTest" time="0.0"/>
  <testcase name="testPutRemove_NullKey[6]" classname="javafx.collections.ObservableMapTest" time="0.0"/>
  <testcase name="testKeySet_RemoveAll[6]" classname="javafx.collections.ObservableMapTest" time="0.0"/>
  <testcase name="testValues_RemoveAll[6]" classname="javafx.collections.ObservableMapTest" time="0.0"/>
  <testcase name="testEntrySet_Clear[6]" classname="javafx.collections.ObservableMapTest" time="0.0"/>
  <testcase name="testEntrySet_Iterator[6]" classname="javafx.collections.ObservableMapTest" time="0.0"/>
  <testcase name="testEntrySet_Remove[6]" classname="javafx.collections.ObservableMapTest" time="0.0"/>
  <testcase name="testKeySet_RetainAll[6]" classname="javafx.collections.ObservableMapTest" time="0.0"/>
  <testcase name="testValues_Iterator[6]" classname="javafx.collections.ObservableMapTest" time="0.0"/>
  <testcase name="testValues_RetainAll[6]" classname="javafx.collections.ObservableMapTest" time="0.0"/>
  <testcase name="testKeySet_Remove[6]" classname="javafx.collections.ObservableMapTest" time="0.001"/>
  <testcase name="testEntrySet_RetainAll[6]" classname="javafx.collections.ObservableMapTest" time="0.0"/>
  <testcase name="testEntrySet_Other[6]" classname="javafx.collections.ObservableMapTest" time="0.0"/>
  <testcase name="testKeySet_Iterator[6]" classname="javafx.collections.ObservableMapTest" time="0.0"/>
  <testcase name="testEntrySet_RemoveAll[6]" classname="javafx.collections.ObservableMapTest" time="0.0"/>
  <testcase name="testPutRemove_Null[6]" classname="javafx.collections.ObservableMapTest" time="0.0"/>
  <testcase name="testValues_Remove[6]" classname="javafx.collections.ObservableMapTest" time="0.0"/>
  <testcase name="testEqualsAndHashCode[6]" classname="javafx.collections.ObservableMapTest" time="0.0"/>
  <testcase name="testObserverCanRemoveObservers[6]" classname="javafx.collections.ObservableMapTest" time="0.0"/>
  <system-out><![CDATA[]]></system-out>
  <system-err><![CDATA[]]></system-err>
</testsuite>
