<?xml version="1.0" encoding="UTF-8"?>
<testsuite name="javafx.beans.property.LongPropertyTest" tests="5" skipped="0" failures="0" errors="0" timestamp="2018-12-24T19:03:13" hostname="DESKTOP-CFPL3NK" time="0.003">
  <properties/>
  <testcase name="testToString" classname="javafx.beans.property.LongPropertyTest" time="0.0"/>
  <testcase name="testAsObject" classname="javafx.beans.property.LongPropertyTest" time="0.0"/>
  <testcase name="testObjectToLong" classname="javafx.beans.property.LongPropertyTest" time="0.001"/>
  <testcase name="testBindBidirectional" classname="javafx.beans.property.LongPropertyTest" time="0.0"/>
  <testcase name="testSetValue_Null" classname="javafx.beans.property.LongPropertyTest" time="0.001"/>
  <system-out><![CDATA[]]></system-out>
  <system-err><![CDATA[]]></system-err>
</testsuite>
