<?xml version="1.0" encoding="UTF-8"?>
<testsuite name="javafx.beans.property.SetPropertyBaseTest" tests="24" skipped="0" failures="0" errors="0" timestamp="2018-12-24T19:03:13" hostname="DESKTOP-CFPL3NK" time="0.004">
  <properties/>
  <testcase name="testUnbind" classname="javafx.beans.property.SetPropertyBaseTest" time="0.0"/>
  <testcase name="testInvalidationListener" classname="javafx.beans.property.SetPropertyBaseTest" time="0.0"/>
  <testcase name="testChangeListener" classname="javafx.beans.property.SetPropertyBaseTest" time="0.0"/>
  <testcase name="testBindToNull" classname="javafx.beans.property.SetPropertyBaseTest" time="0.0"/>
  <testcase name="testToString" classname="javafx.beans.property.SetPropertyBaseTest" time="0.001"/>
  <testcase name="testConstructor" classname="javafx.beans.property.SetPropertyBaseTest" time="0.0"/>
  <testcase name="testSet_Change" classname="javafx.beans.property.SetPropertyBaseTest" time="0.0"/>
  <testcase name="testRebind" classname="javafx.beans.property.SetPropertyBaseTest" time="0.0"/>
  <testcase name="testSizeProperty" classname="javafx.beans.property.SetPropertyBaseTest" time="0.0"/>
  <testcase name="testBind_Change" classname="javafx.beans.property.SetPropertyBaseTest" time="0.0"/>
  <testcase name="testSetBoundValue" classname="javafx.beans.property.SetPropertyBaseTest" time="0.0"/>
  <testcase name="testSourceSet_Invalidation" classname="javafx.beans.property.SetPropertyBaseTest" time="0.0"/>
  <testcase name="testSetChangeListener" classname="javafx.beans.property.SetPropertyBaseTest" time="0.0"/>
  <testcase name="testSourceSet_Change" classname="javafx.beans.property.SetPropertyBaseTest" time="0.001"/>
  <testcase name="testSetValue_SetChange" classname="javafx.beans.property.SetPropertyBaseTest" time="0.0"/>
  <testcase name="testSet_SetChange" classname="javafx.beans.property.SetPropertyBaseTest" time="0.001"/>
  <testcase name="testSourceSet_SetChange" classname="javafx.beans.property.SetPropertyBaseTest" time="0.0"/>
  <testcase name="testBind_SetChange" classname="javafx.beans.property.SetPropertyBaseTest" time="0.0"/>
  <testcase name="testAddingListenerWillAlwaysReceiveInvalidationEvent" classname="javafx.beans.property.SetPropertyBaseTest" time="0.0"/>
  <testcase name="testSet_Invalidation" classname="javafx.beans.property.SetPropertyBaseTest" time="0.0"/>
  <testcase name="testSetValue_Invalidation" classname="javafx.beans.property.SetPropertyBaseTest" time="0.0"/>
  <testcase name="testEmptyProperty" classname="javafx.beans.property.SetPropertyBaseTest" time="0.001"/>
  <testcase name="testBind_Invalidation" classname="javafx.beans.property.SetPropertyBaseTest" time="0.0"/>
  <testcase name="testSetValue_Change" classname="javafx.beans.property.SetPropertyBaseTest" time="0.0"/>
  <system-out><![CDATA[]]></system-out>
  <system-err><![CDATA[]]></system-err>
</testsuite>
