<?xml version="1.0" encoding="UTF-8"?>
<testsuite name="com.sun.javafx.runtime.VersionInfoTest" tests="1" skipped="0" failures="0" errors="0" timestamp="2018-12-24T19:03:12" hostname="DESKTOP-CFPL3NK" time="0.001">
  <properties/>
  <testcase name="testMajorVersion" classname="com.sun.javafx.runtime.VersionInfoTest" time="0.001"/>
  <system-out><![CDATA[]]></system-out>
  <system-err><![CDATA[]]></system-err>
</testsuite>
