<?xml version="1.0" encoding="UTF-8"?>
<testsuite name="com.sun.scenario.effect.compiler.parser.PrimaryExprTest" tests="7" skipped="0" failures="0" errors="0" timestamp="2018-12-24T13:56:10" hostname="DESKTOP-CFPL3NK" time="0.005">
  <properties/>
  <testcase name="bracketted" classname="com.sun.scenario.effect.compiler.parser.PrimaryExprTest" time="0.001"/>
  <testcase name="variable" classname="com.sun.scenario.effect.compiler.parser.PrimaryExprTest" time="0.0"/>
  <testcase name="intLiteral" classname="com.sun.scenario.effect.compiler.parser.PrimaryExprTest" time="0.0"/>
  <testcase name="boolLiteralT" classname="com.sun.scenario.effect.compiler.parser.PrimaryExprTest" time="0.0"/>
  <testcase name="boolLiteralF" classname="com.sun.scenario.effect.compiler.parser.PrimaryExprTest" time="0.0"/>
  <testcase name="floatLiteral" classname="com.sun.scenario.effect.compiler.parser.PrimaryExprTest" time="0.003"/>
  <testcase name="notAPrimaryExpression" classname="com.sun.scenario.effect.compiler.parser.PrimaryExprTest" time="0.0"/>
  <system-out><![CDATA[]]></system-out>
  <system-err><![CDATA[]]></system-err>
</testsuite>
