<?xml version="1.0" encoding="UTF-8"?>
<testsuite name="com.sun.scenario.effect.compiler.lexer.WhitespaceTest" tests="5" skipped="0" failures="0" errors="0" timestamp="2018-12-24T13:56:09" hostname="DESKTOP-CFPL3NK" time="0.004">
  <properties/>
  <testcase name="newLine" classname="com.sun.scenario.effect.compiler.lexer.WhitespaceTest" time="0.0"/>
  <testcase name="tab" classname="com.sun.scenario.effect.compiler.lexer.WhitespaceTest" time="0.0"/>
  <testcase name="carriageReturn" classname="com.sun.scenario.effect.compiler.lexer.WhitespaceTest" time="0.001"/>
  <testcase name="space" classname="com.sun.scenario.effect.compiler.lexer.WhitespaceTest" time="0.0"/>
  <testcase name="nonSpace" classname="com.sun.scenario.effect.compiler.lexer.WhitespaceTest" time="0.0"/>
  <system-out><![CDATA[]]></system-out>
  <system-err><![CDATA[]]></system-err>
</testsuite>
