<?xml version="1.0" encoding="UTF-8"?>
<testsuite name="com.sun.scenario.effect.compiler.parser.RelationalExprTest" tests="5" skipped="0" failures="0" errors="0" timestamp="2018-12-24T13:56:10" hostname="DESKTOP-CFPL3NK" time="0.004">
  <properties/>
  <testcase name="notARelationalExpression" classname="com.sun.scenario.effect.compiler.parser.RelationalExprTest" time="0.001"/>
  <testcase name="oneLtEq" classname="com.sun.scenario.effect.compiler.parser.RelationalExprTest" time="0.0"/>
  <testcase name="oneGt" classname="com.sun.scenario.effect.compiler.parser.RelationalExprTest" time="0.0"/>
  <testcase name="oneGtEq" classname="com.sun.scenario.effect.compiler.parser.RelationalExprTest" time="0.001"/>
  <testcase name="oneLt" classname="com.sun.scenario.effect.compiler.parser.RelationalExprTest" time="0.001"/>
  <system-out><![CDATA[]]></system-out>
  <system-err><![CDATA[]]></system-err>
</testsuite>
