<?xml version="1.0" encoding="UTF-8"?>
<testsuite name="com.sun.scenario.effect.compiler.parser.EqualityExprTest" tests="3" skipped="0" failures="0" errors="0" timestamp="2018-12-24T13:56:09" hostname="DESKTOP-CFPL3NK" time="0.003">
  <properties/>
  <testcase name="notAnEqualityExpression" classname="com.sun.scenario.effect.compiler.parser.EqualityExprTest" time="0.001"/>
  <testcase name="oneEq" classname="com.sun.scenario.effect.compiler.parser.EqualityExprTest" time="0.0"/>
  <testcase name="oneNotEq" classname="com.sun.scenario.effect.compiler.parser.EqualityExprTest" time="0.002"/>
  <system-out><![CDATA[]]></system-out>
  <system-err><![CDATA[]]></system-err>
</testsuite>
