<?xml version="1.0" encoding="UTF-8"?>
<testsuite name="com.sun.scenario.effect.compiler.lexer.IdentifierTest" tests="6" skipped="0" failures="0" errors="0" timestamp="2018-12-24T13:56:09" hostname="DESKTOP-CFPL3NK" time="0.004">
  <properties/>
  <testcase name="basic" classname="com.sun.scenario.effect.compiler.lexer.IdentifierTest" time="0.0"/>
  <testcase name="notAnId1" classname="com.sun.scenario.effect.compiler.lexer.IdentifierTest" time="0.001"/>
  <testcase name="mixedCase" classname="com.sun.scenario.effect.compiler.lexer.IdentifierTest" time="0.001"/>
  <testcase name="lettersAndDigits" classname="com.sun.scenario.effect.compiler.lexer.IdentifierTest" time="0.001"/>
  <testcase name="notAnId2" classname="com.sun.scenario.effect.compiler.lexer.IdentifierTest" time="0.0"/>
  <testcase name="lettersAndDigitsAndSymbols" classname="com.sun.scenario.effect.compiler.lexer.IdentifierTest" time="0.0"/>
  <system-out><![CDATA[]]></system-out>
  <system-err><![CDATA[]]></system-err>
</testsuite>
