<?xml version="1.0" encoding="UTF-8"?>
<testsuite name="com.sun.scenario.effect.compiler.parser.AssignmentExprTest" tests="7" skipped="0" failures="0" errors="0" timestamp="2018-12-24T13:56:09" hostname="DESKTOP-CFPL3NK" time="0.047">
  <properties/>
  <testcase name="coreVarField" classname="com.sun.scenario.effect.compiler.parser.AssignmentExprTest" time="0.02"/>
  <testcase name="coreROVar" classname="com.sun.scenario.effect.compiler.parser.AssignmentExprTest" time="0.016"/>
  <testcase name="notAnAssignment" classname="com.sun.scenario.effect.compiler.parser.AssignmentExprTest" time="0.001"/>
  <testcase name="userVar" classname="com.sun.scenario.effect.compiler.parser.AssignmentExprTest" time="0.0"/>
  <testcase name="coreROVarField" classname="com.sun.scenario.effect.compiler.parser.AssignmentExprTest" time="0.001"/>
  <testcase name="coreVar" classname="com.sun.scenario.effect.compiler.parser.AssignmentExprTest" time="0.003"/>
  <testcase name="userROVar" classname="com.sun.scenario.effect.compiler.parser.AssignmentExprTest" time="0.003"/>
  <system-out><![CDATA[]]></system-out>
  <system-err><![CDATA[]]></system-err>
</testsuite>
