<?xml version="1.0" encoding="UTF-8"?>
<testsuite name="com.sun.scenario.effect.compiler.parser.IterationStatementTest" tests="7" skipped="0" failures="0" errors="0" timestamp="2018-12-24T13:56:10" hostname="DESKTOP-CFPL3NK" time="0.005">
  <properties/>
  <testcase name="whileStmt" classname="com.sun.scenario.effect.compiler.parser.IterationStatementTest" time="0.001"/>
  <testcase name="forStmt" classname="com.sun.scenario.effect.compiler.parser.IterationStatementTest" time="0.001"/>
  <testcase name="doWhileStmt" classname="com.sun.scenario.effect.compiler.parser.IterationStatementTest" time="0.0"/>
  <testcase name="forStmtNoCondition" classname="com.sun.scenario.effect.compiler.parser.IterationStatementTest" time="0.0"/>
  <testcase name="notAnIterationStmt" classname="com.sun.scenario.effect.compiler.parser.IterationStatementTest" time="0.0"/>
  <testcase name="forStmtNoIncrement" classname="com.sun.scenario.effect.compiler.parser.IterationStatementTest" time="0.0"/>
  <testcase name="forStmtNoConditionOrIncrement" classname="com.sun.scenario.effect.compiler.parser.IterationStatementTest" time="0.001"/>
  <system-out><![CDATA[]]></system-out>
  <system-err><![CDATA[]]></system-err>
</testsuite>
