<?xml version="1.0" encoding="UTF-8"?>
<testsuite name="com.sun.scenario.effect.compiler.parser.SelectionStatementTest" tests="3" skipped="0" failures="0" errors="0" timestamp="2018-12-24T13:56:10" hostname="DESKTOP-CFPL3NK" time="0.005">
  <properties/>
  <testcase name="ifAndElse" classname="com.sun.scenario.effect.compiler.parser.SelectionStatementTest" time="0.001"/>
  <testcase name="ifOnly" classname="com.sun.scenario.effect.compiler.parser.SelectionStatementTest" time="0.001"/>
  <testcase name="notASelect" classname="com.sun.scenario.effect.compiler.parser.SelectionStatementTest" time="0.002"/>
  <system-out><![CDATA[]]></system-out>
  <system-err><![CDATA[]]></system-err>
</testsuite>
