<?xml version="1.0" encoding="UTF-8"?>
<testsuite name="com.sun.scenario.effect.compiler.lexer.LineCommentTest" tests="2" skipped="0" failures="0" errors="0" timestamp="2018-12-24T13:56:09" hostname="DESKTOP-CFPL3NK" time="0.001">
  <properties/>
  <testcase name="comment" classname="com.sun.scenario.effect.compiler.lexer.LineCommentTest" time="0.0"/>
  <testcase name="notAComment" classname="com.sun.scenario.effect.compiler.lexer.LineCommentTest" time="0.0"/>
  <system-out><![CDATA[]]></system-out>
  <system-err><![CDATA[]]></system-err>
</testsuite>
