<?xml version="1.0" encoding="UTF-8"?>
<testsuite name="com.sun.scenario.effect.compiler.parser.FieldSelectTest" tests="16" skipped="0" failures="0" errors="0" timestamp="2018-12-24T13:56:10" hostname="DESKTOP-CFPL3NK" time="0.04">
  <properties/>
  <testcase name="r" classname="com.sun.scenario.effect.compiler.parser.FieldSelectTest" time="0.0"/>
  <testcase name="x" classname="com.sun.scenario.effect.compiler.parser.FieldSelectTest" time="0.001"/>
  <testcase name="notAFieldSelection1" classname="com.sun.scenario.effect.compiler.parser.FieldSelectTest" time="0.001"/>
  <testcase name="notAFieldSelection2" classname="com.sun.scenario.effect.compiler.parser.FieldSelectTest" time="0.002"/>
  <testcase name="xyzw" classname="com.sun.scenario.effect.compiler.parser.FieldSelectTest" time="0.0"/>
  <testcase name="wzyz" classname="com.sun.scenario.effect.compiler.parser.FieldSelectTest" time="0.0"/>
  <testcase name="rgba" classname="com.sun.scenario.effect.compiler.parser.FieldSelectTest" time="0.002"/>
  <testcase name="abgr" classname="com.sun.scenario.effect.compiler.parser.FieldSelectTest" time="0.004"/>
  <testcase name="rgb" classname="com.sun.scenario.effect.compiler.parser.FieldSelectTest" time="0.002"/>
  <testcase name="tooManyVals" classname="com.sun.scenario.effect.compiler.parser.FieldSelectTest" time="0.001"/>
  <testcase name="xyz" classname="com.sun.scenario.effect.compiler.parser.FieldSelectTest" time="0.004"/>
  <testcase name="mixedVals" classname="com.sun.scenario.effect.compiler.parser.FieldSelectTest" time="0.001"/>
  <testcase name="rg" classname="com.sun.scenario.effect.compiler.parser.FieldSelectTest" time="0.0"/>
  <testcase name="zzz" classname="com.sun.scenario.effect.compiler.parser.FieldSelectTest" time="0.001"/>
  <testcase name="xy" classname="com.sun.scenario.effect.compiler.parser.FieldSelectTest" time="0.001"/>
  <testcase name="aaaa" classname="com.sun.scenario.effect.compiler.parser.FieldSelectTest" time="0.001"/>
  <system-out><![CDATA[]]></system-out>
  <system-err><![CDATA[]]></system-err>
</testsuite>
