<?xml version="1.0" encoding="UTF-8"?>
<testsuite name="com.sun.scenario.effect.compiler.lexer.TypeTest" tests="14" skipped="0" failures="0" errors="0" timestamp="2018-12-24T13:56:09" hostname="DESKTOP-CFPL3NK" time="0.007">
  <properties/>
  <testcase name="floatVec4" classname="com.sun.scenario.effect.compiler.lexer.TypeTest" time="0.0"/>
  <testcase name="intScalar" classname="com.sun.scenario.effect.compiler.lexer.TypeTest" time="0.0"/>
  <testcase name="floatVec3" classname="com.sun.scenario.effect.compiler.lexer.TypeTest" time="0.001"/>
  <testcase name="floatScalar" classname="com.sun.scenario.effect.compiler.lexer.TypeTest" time="0.0"/>
  <testcase name="intVec4" classname="com.sun.scenario.effect.compiler.lexer.TypeTest" time="0.0"/>
  <testcase name="boolScalar" classname="com.sun.scenario.effect.compiler.lexer.TypeTest" time="0.0"/>
  <testcase name="boolVec4" classname="com.sun.scenario.effect.compiler.lexer.TypeTest" time="0.001"/>
  <testcase name="notAType" classname="com.sun.scenario.effect.compiler.lexer.TypeTest" time="0.0"/>
  <testcase name="boolVec3" classname="com.sun.scenario.effect.compiler.lexer.TypeTest" time="0.0"/>
  <testcase name="intVec2" classname="com.sun.scenario.effect.compiler.lexer.TypeTest" time="0.001"/>
  <testcase name="boolVec2" classname="com.sun.scenario.effect.compiler.lexer.TypeTest" time="0.0"/>
  <testcase name="floatVec2" classname="com.sun.scenario.effect.compiler.lexer.TypeTest" time="0.001"/>
  <testcase name="intVec3" classname="com.sun.scenario.effect.compiler.lexer.TypeTest" time="0.0"/>
  <testcase name="sampler" classname="com.sun.scenario.effect.compiler.lexer.TypeTest" time="0.001"/>
  <system-out><![CDATA[]]></system-out>
  <system-err><![CDATA[]]></system-err>
</testsuite>
