<?xml version="1.0" encoding="UTF-8"?>
<testsuite name="com.sun.scenario.effect.compiler.lexer.FloatTest" tests="3" skipped="0" failures="0" errors="0" timestamp="2018-12-24T13:56:08" hostname="DESKTOP-CFPL3NK" time="0.633">
  <properties/>
  <testcase name="badDigits" classname="com.sun.scenario.effect.compiler.lexer.FloatTest" time="0.0"/>
  <testcase name="noLeadingZero" classname="com.sun.scenario.effect.compiler.lexer.FloatTest" time="0.0"/>
  <testcase name="uptoOneMillion" classname="com.sun.scenario.effect.compiler.lexer.FloatTest" time="0.632"/>
  <system-out><![CDATA[]]></system-out>
  <system-err><![CDATA[]]></system-err>
</testsuite>
